running egg_info
creating ../build/rob0car_control/rob0car_control.egg-info
writing ../build/rob0car_control/rob0car_control.egg-info/PKG-INFO
writing dependency_links to ../build/rob0car_control/rob0car_control.egg-info/dependency_links.txt
writing entry points to ../build/rob0car_control/rob0car_control.egg-info/entry_points.txt
writing requirements to ../build/rob0car_control/rob0car_control.egg-info/requires.txt
writing top-level names to ../build/rob0car_control/rob0car_control.egg-info/top_level.txt
writing manifest file '../build/rob0car_control/rob0car_control.egg-info/SOURCES.txt'
reading manifest file '../build/rob0car_control/rob0car_control.egg-info/SOURCES.txt'
writing manifest file '../build/rob0car_control/rob0car_control.egg-info/SOURCES.txt'
running build
running build_py
creating /home/mexx/ROB0Car/workspace/src/build/rob0car_control/build
creating /home/mexx/ROB0Car/workspace/src/build/rob0car_control/build/lib
creating /home/mexx/ROB0Car/workspace/src/build/rob0car_control/build/lib/rob0car_control
copying rob0car_control/rob0car_control.py -> /home/mexx/ROB0Car/workspace/src/build/rob0car_control/build/lib/rob0car_control
copying rob0car_control/__init__.py -> /home/mexx/ROB0Car/workspace/src/build/rob0car_control/build/lib/rob0car_control
running install
running install_lib
creating /home/mexx/ROB0Car/workspace/src/install/rob0car_control/lib/python3.8/site-packages/rob0car_control
copying /home/mexx/ROB0Car/workspace/src/build/rob0car_control/build/lib/rob0car_control/rob0car_control.py -> /home/mexx/ROB0Car/workspace/src/install/rob0car_control/lib/python3.8/site-packages/rob0car_control
copying /home/mexx/ROB0Car/workspace/src/build/rob0car_control/build/lib/rob0car_control/__init__.py -> /home/mexx/ROB0Car/workspace/src/install/rob0car_control/lib/python3.8/site-packages/rob0car_control
byte-compiling /home/mexx/ROB0Car/workspace/src/install/rob0car_control/lib/python3.8/site-packages/rob0car_control/rob0car_control.py to rob0car_control.cpython-38.pyc
byte-compiling /home/mexx/ROB0Car/workspace/src/install/rob0car_control/lib/python3.8/site-packages/rob0car_control/__init__.py to __init__.cpython-38.pyc
running install_data
creating /home/mexx/ROB0Car/workspace/src/install/rob0car_control/share/ament_index
creating /home/mexx/ROB0Car/workspace/src/install/rob0car_control/share/ament_index/resource_index
creating /home/mexx/ROB0Car/workspace/src/install/rob0car_control/share/ament_index/resource_index/packages
copying resource/rob0car_control -> /home/mexx/ROB0Car/workspace/src/install/rob0car_control/share/ament_index/resource_index/packages
copying package.xml -> /home/mexx/ROB0Car/workspace/src/install/rob0car_control/share/rob0car_control
running install_egg_info
Copying ../build/rob0car_control/rob0car_control.egg-info to /home/mexx/ROB0Car/workspace/src/install/rob0car_control/lib/python3.8/site-packages/rob0car_control-0.0.0-py3.8.egg-info
running install_scripts
Installing rob0car_control script to /home/mexx/ROB0Car/workspace/src/install/rob0car_control/lib/rob0car_control
writing list of installed files to '/home/mexx/ROB0Car/workspace/src/build/rob0car_control/install.log'
