[0.246s] Invoking command in '/home/mexx/ROB0Car/workspace/src/build/rob0car_launch': AMENT_PREFIX_PATH=/home/mexx/ROB0Car/workspace/src/install/rob0car_sensors:/home/mexx/ROB0Car/workspace/src/install/rob0car_control:/home/mexx/ROB0Car/workspace/src/install/rob0car_actors:/home/mexx/ROB0Car/workspace/src/install/rob0car_launch:/home/mexx/ROB0Car/workspace/install/rob0car_control:/home/mexx/ROB0Car/workspace/install/rob0car_actors:/home/mexx/ROB0Car/workspace/install/rob0car_sensors:/opt/ros/foxy CMAKE_PREFIX_PATH=${CMAKE_PREFIX_PATH}:/home/mexx/ROB0Car/workspace/src/install/rob0car_sensors:/home/mexx/ROB0Car/workspace/src/install/rob0car_control:/home/mexx/ROB0Car/workspace/src/install/rob0car_actors:/home/mexx/ROB0Car/workspace/install/rob0car_control:/home/mexx/ROB0Car/workspace/install/rob0car_actors:/home/mexx/ROB0Car/workspace/install/rob0car_sensors:/opt/ros/foxy /usr/bin/cmake --build /home/mexx/ROB0Car/workspace/src/build/rob0car_launch -- -j1 -l1
[0.872s] Invoked command in '/home/mexx/ROB0Car/workspace/src/build/rob0car_launch' returned '0': AMENT_PREFIX_PATH=/home/mexx/ROB0Car/workspace/src/install/rob0car_sensors:/home/mexx/ROB0Car/workspace/src/install/rob0car_control:/home/mexx/ROB0Car/workspace/src/install/rob0car_actors:/home/mexx/ROB0Car/workspace/src/install/rob0car_launch:/home/mexx/ROB0Car/workspace/install/rob0car_control:/home/mexx/ROB0Car/workspace/install/rob0car_actors:/home/mexx/ROB0Car/workspace/install/rob0car_sensors:/opt/ros/foxy CMAKE_PREFIX_PATH=${CMAKE_PREFIX_PATH}:/home/mexx/ROB0Car/workspace/src/install/rob0car_sensors:/home/mexx/ROB0Car/workspace/src/install/rob0car_control:/home/mexx/ROB0Car/workspace/src/install/rob0car_actors:/home/mexx/ROB0Car/workspace/install/rob0car_control:/home/mexx/ROB0Car/workspace/install/rob0car_actors:/home/mexx/ROB0Car/workspace/install/rob0car_sensors:/opt/ros/foxy /usr/bin/cmake --build /home/mexx/ROB0Car/workspace/src/build/rob0car_launch -- -j1 -l1
[1.301s] Invoking command in '/home/mexx/ROB0Car/workspace/src/build/rob0car_launch': AMENT_PREFIX_PATH=/home/mexx/ROB0Car/workspace/src/install/rob0car_sensors:/home/mexx/ROB0Car/workspace/src/install/rob0car_control:/home/mexx/ROB0Car/workspace/src/install/rob0car_actors:/home/mexx/ROB0Car/workspace/src/install/rob0car_launch:/home/mexx/ROB0Car/workspace/install/rob0car_control:/home/mexx/ROB0Car/workspace/install/rob0car_actors:/home/mexx/ROB0Car/workspace/install/rob0car_sensors:/opt/ros/foxy CMAKE_PREFIX_PATH=${CMAKE_PREFIX_PATH}:/home/mexx/ROB0Car/workspace/src/install/rob0car_sensors:/home/mexx/ROB0Car/workspace/src/install/rob0car_control:/home/mexx/ROB0Car/workspace/src/install/rob0car_actors:/home/mexx/ROB0Car/workspace/install/rob0car_control:/home/mexx/ROB0Car/workspace/install/rob0car_actors:/home/mexx/ROB0Car/workspace/install/rob0car_sensors:/opt/ros/foxy /usr/bin/cmake --install /home/mexx/ROB0Car/workspace/src/build/rob0car_launch
[1.478s] -- Install configuration: ""
[1.485s] -- Up-to-date: /home/mexx/ROB0Car/workspace/src/install/rob0car_launch/share/rob0car_launch/launch
[1.486s] -- Up-to-date: /home/mexx/ROB0Car/workspace/src/install/rob0car_launch/share/rob0car_launch/launch/rob0car.launch.py
[1.492s] -- Up-to-date: /home/mexx/ROB0Car/workspace/src/install/rob0car_launch/share/ament_index/resource_index/package_run_dependencies/rob0car_launch
[1.493s] -- Up-to-date: /home/mexx/ROB0Car/workspace/src/install/rob0car_launch/share/ament_index/resource_index/parent_prefix_path/rob0car_launch
[1.494s] -- Up-to-date: /home/mexx/ROB0Car/workspace/src/install/rob0car_launch/share/rob0car_launch/environment/ament_prefix_path.sh
[1.496s] -- Up-to-date: /home/mexx/ROB0Car/workspace/src/install/rob0car_launch/share/rob0car_launch/environment/ament_prefix_path.dsv
[1.500s] -- Up-to-date: /home/mexx/ROB0Car/workspace/src/install/rob0car_launch/share/rob0car_launch/environment/path.sh
[1.502s] -- Up-to-date: /home/mexx/ROB0Car/workspace/src/install/rob0car_launch/share/rob0car_launch/environment/path.dsv
[1.502s] -- Up-to-date: /home/mexx/ROB0Car/workspace/src/install/rob0car_launch/share/rob0car_launch/local_setup.bash
[1.504s] -- Up-to-date: /home/mexx/ROB0Car/workspace/src/install/rob0car_launch/share/rob0car_launch/local_setup.sh
[1.505s] -- Up-to-date: /home/mexx/ROB0Car/workspace/src/install/rob0car_launch/share/rob0car_launch/local_setup.zsh
[1.505s] -- Up-to-date: /home/mexx/ROB0Car/workspace/src/install/rob0car_launch/share/rob0car_launch/local_setup.dsv
[1.506s] -- Installing: /home/mexx/ROB0Car/workspace/src/install/rob0car_launch/share/rob0car_launch/package.dsv
[1.513s] -- Up-to-date: /home/mexx/ROB0Car/workspace/src/install/rob0car_launch/share/ament_index/resource_index/packages/rob0car_launch
[1.517s] -- Up-to-date: /home/mexx/ROB0Car/workspace/src/install/rob0car_launch/share/rob0car_launch/cmake/rob0car_launchConfig.cmake
[1.517s] -- Up-to-date: /home/mexx/ROB0Car/workspace/src/install/rob0car_launch/share/rob0car_launch/cmake/rob0car_launchConfig-version.cmake
[1.518s] -- Up-to-date: /home/mexx/ROB0Car/workspace/src/install/rob0car_launch/share/rob0car_launch/package.xml
[1.534s] Invoked command in '/home/mexx/ROB0Car/workspace/src/build/rob0car_launch' returned '0': AMENT_PREFIX_PATH=/home/mexx/ROB0Car/workspace/src/install/rob0car_sensors:/home/mexx/ROB0Car/workspace/src/install/rob0car_control:/home/mexx/ROB0Car/workspace/src/install/rob0car_actors:/home/mexx/ROB0Car/workspace/src/install/rob0car_launch:/home/mexx/ROB0Car/workspace/install/rob0car_control:/home/mexx/ROB0Car/workspace/install/rob0car_actors:/home/mexx/ROB0Car/workspace/install/rob0car_sensors:/opt/ros/foxy CMAKE_PREFIX_PATH=${CMAKE_PREFIX_PATH}:/home/mexx/ROB0Car/workspace/src/install/rob0car_sensors:/home/mexx/ROB0Car/workspace/src/install/rob0car_control:/home/mexx/ROB0Car/workspace/src/install/rob0car_actors:/home/mexx/ROB0Car/workspace/install/rob0car_control:/home/mexx/ROB0Car/workspace/install/rob0car_actors:/home/mexx/ROB0Car/workspace/install/rob0car_sensors:/opt/ros/foxy /usr/bin/cmake --install /home/mexx/ROB0Car/workspace/src/build/rob0car_launch
