/home/mexx/ROB0Car/workspace/src/install/rob0car_actors/lib/python3.8/site-packages/rob0car_actors/steering.py
/home/mexx/ROB0Car/workspace/src/install/rob0car_actors/lib/python3.8/site-packages/rob0car_actors/pca9685.py
/home/mexx/ROB0Car/workspace/src/install/rob0car_actors/lib/python3.8/site-packages/rob0car_actors/rob0car_actors.py
/home/mexx/ROB0Car/workspace/src/install/rob0car_actors/lib/python3.8/site-packages/rob0car_actors/camera_pan_tilt.py
/home/mexx/ROB0Car/workspace/src/install/rob0car_actors/lib/python3.8/site-packages/rob0car_actors/__init__.py
/home/mexx/ROB0Car/workspace/src/install/rob0car_actors/lib/python3.8/site-packages/rob0car_actors/motor.py
/home/mexx/ROB0Car/workspace/src/install/rob0car_actors/lib/python3.8/site-packages/rob0car_actors/__pycache__/steering.cpython-38.pyc
/home/mexx/ROB0Car/workspace/src/install/rob0car_actors/lib/python3.8/site-packages/rob0car_actors/__pycache__/pca9685.cpython-38.pyc
/home/mexx/ROB0Car/workspace/src/install/rob0car_actors/lib/python3.8/site-packages/rob0car_actors/__pycache__/rob0car_actors.cpython-38.pyc
/home/mexx/ROB0Car/workspace/src/install/rob0car_actors/lib/python3.8/site-packages/rob0car_actors/__pycache__/camera_pan_tilt.cpython-38.pyc
/home/mexx/ROB0Car/workspace/src/install/rob0car_actors/lib/python3.8/site-packages/rob0car_actors/__pycache__/__init__.cpython-38.pyc
/home/mexx/ROB0Car/workspace/src/install/rob0car_actors/lib/python3.8/site-packages/rob0car_actors/__pycache__/motor.cpython-38.pyc
/home/mexx/ROB0Car/workspace/src/install/rob0car_actors/share/ament_index/resource_index/packages/rob0car_actors
/home/mexx/ROB0Car/workspace/src/install/rob0car_actors/share/rob0car_actors/package.xml
/home/mexx/ROB0Car/workspace/src/install/rob0car_actors/lib/python3.8/site-packages/rob0car_actors-0.0.0-py3.8.egg-info/dependency_links.txt
/home/mexx/ROB0Car/workspace/src/install/rob0car_actors/lib/python3.8/site-packages/rob0car_actors-0.0.0-py3.8.egg-info/entry_points.txt
/home/mexx/ROB0Car/workspace/src/install/rob0car_actors/lib/python3.8/site-packages/rob0car_actors-0.0.0-py3.8.egg-info/requires.txt
/home/mexx/ROB0Car/workspace/src/install/rob0car_actors/lib/python3.8/site-packages/rob0car_actors-0.0.0-py3.8.egg-info/PKG-INFO
/home/mexx/ROB0Car/workspace/src/install/rob0car_actors/lib/python3.8/site-packages/rob0car_actors-0.0.0-py3.8.egg-info/SOURCES.txt
/home/mexx/ROB0Car/workspace/src/install/rob0car_actors/lib/python3.8/site-packages/rob0car_actors-0.0.0-py3.8.egg-info/top_level.txt
/home/mexx/ROB0Car/workspace/src/install/rob0car_actors/lib/python3.8/site-packages/rob0car_actors-0.0.0-py3.8.egg-info/zip-safe
/home/mexx/ROB0Car/workspace/src/install/rob0car_actors/lib/rob0car_actors/rob0car_actors
