[1.242s] DEBUG:colcon:Command line arguments: ['/usr/bin/colcon', 'build']
[1.242s] DEBUG:colcon:Parsed command line arguments: Namespace(ament_cmake_args=None, base_paths=['.'], build_base='build', catkin_cmake_args=None, catkin_skip_building_tests=False, cmake_args=None, cmake_clean_cache=False, cmake_clean_first=False, cmake_force_configure=False, cmake_target=None, cmake_target_skip_unavailable=False, continue_on_error=False, event_handlers=None, executor='parallel', ignore_user_meta=False, install_base='install', log_base=None, log_level=None, main=<bound method BuildVerb.main of <colcon_core.verb.build.BuildVerb object at 0x7f1f8b1b3850>>, merge_install=False, metas=['./colcon.meta'], packages_above=None, packages_above_and_dependencies=None, packages_above_depth=None, packages_end=None, packages_ignore=None, packages_ignore_regex=None, packages_select=None, packages_select_build_failed=False, packages_select_by_dep=None, packages_select_regex=None, packages_select_test_failures=False, packages_skip=None, packages_skip_build_finished=False, packages_skip_by_dep=None, packages_skip_regex=None, packages_skip_test_passed=False, packages_skip_up_to=None, packages_start=None, packages_up_to=None, packages_up_to_regex=None, parallel_workers=1, paths=None, symlink_install=False, test_result_base=None, verb_extension=<colcon_core.verb.build.BuildVerb object at 0x7f1f8b1b3850>, verb_name='build', verb_parser=<colcon_defaults.argument_parser.defaults.DefaultArgumentsDecorator object at 0x7f1f8b1b3dc0>)
[1.283s] Level 1:colcon.colcon_core.package_discovery:discover_packages(colcon_meta) check parameters
[1.283s] Level 1:colcon.colcon_core.package_discovery:discover_packages(recursive) check parameters
[1.283s] Level 1:colcon.colcon_core.package_discovery:discover_packages(ignore) check parameters
[1.283s] Level 1:colcon.colcon_core.package_discovery:discover_packages(path) check parameters
[1.283s] Level 1:colcon.colcon_core.package_discovery:discover_packages(colcon_meta) discover
[1.284s] Level 1:colcon.colcon_core.package_discovery:discover_packages(recursive) discover
[1.284s] INFO:colcon.colcon_core.package_discovery:Crawling recursively for packages in '/home/mexx/ROB0Car/workspace/src'
[1.284s] Level 1:colcon.colcon_core.package_identification:_identify(.) by extensions ['ignore', 'ignore_ament_install']
[1.288s] Level 1:colcon.colcon_core.package_identification:_identify(.) by extension 'ignore'
[1.288s] Level 1:colcon.colcon_core.package_identification:_identify(.) by extension 'ignore_ament_install'
[1.288s] Level 1:colcon.colcon_core.package_identification:_identify(.) by extensions ['colcon_pkg']
[1.288s] Level 1:colcon.colcon_core.package_identification:_identify(.) by extension 'colcon_pkg'
[1.289s] Level 1:colcon.colcon_core.package_identification:_identify(.) by extensions ['colcon_meta']
[1.289s] Level 1:colcon.colcon_core.package_identification:_identify(.) by extension 'colcon_meta'
[1.289s] Level 1:colcon.colcon_core.package_identification:_identify(.) by extensions ['ros']
[1.289s] Level 1:colcon.colcon_core.package_identification:_identify(.) by extension 'ros'
[1.340s] Level 1:colcon.colcon_core.package_identification:_identify(.) by extensions ['cmake', 'python']
[1.343s] Level 1:colcon.colcon_core.package_identification:_identify(.) by extension 'cmake'
[1.345s] Level 1:colcon.colcon_core.package_identification:_identify(.) by extension 'python'
[1.345s] Level 1:colcon.colcon_core.package_identification:_identify(.) by extensions ['python_setup_py']
[1.345s] Level 1:colcon.colcon_core.package_identification:_identify(.) by extension 'python_setup_py'
[1.345s] Level 1:colcon.colcon_core.package_identification:_identify(build) by extensions ['ignore', 'ignore_ament_install']
[1.346s] Level 1:colcon.colcon_core.package_identification:_identify(build) by extension 'ignore'
[1.346s] Level 1:colcon.colcon_core.package_identification:_identify(build) ignored
[1.346s] Level 1:colcon.colcon_core.package_identification:_identify(examples) by extensions ['ignore', 'ignore_ament_install']
[1.346s] Level 1:colcon.colcon_core.package_identification:_identify(examples) by extension 'ignore'
[1.347s] Level 1:colcon.colcon_core.package_identification:_identify(examples) by extension 'ignore_ament_install'
[1.347s] Level 1:colcon.colcon_core.package_identification:_identify(examples) by extensions ['colcon_pkg']
[1.347s] Level 1:colcon.colcon_core.package_identification:_identify(examples) by extension 'colcon_pkg'
[1.347s] Level 1:colcon.colcon_core.package_identification:_identify(examples) by extensions ['colcon_meta']
[1.347s] Level 1:colcon.colcon_core.package_identification:_identify(examples) by extension 'colcon_meta'
[1.347s] Level 1:colcon.colcon_core.package_identification:_identify(examples) by extensions ['ros']
[1.347s] Level 1:colcon.colcon_core.package_identification:_identify(examples) by extension 'ros'
[1.348s] Level 1:colcon.colcon_core.package_identification:_identify(examples) by extensions ['cmake', 'python']
[1.348s] Level 1:colcon.colcon_core.package_identification:_identify(examples) by extension 'cmake'
[1.352s] Level 1:colcon.colcon_core.package_identification:_identify(examples) by extension 'python'
[1.352s] Level 1:colcon.colcon_core.package_identification:_identify(examples) by extensions ['python_setup_py']
[1.352s] Level 1:colcon.colcon_core.package_identification:_identify(examples) by extension 'python_setup_py'
[1.353s] Level 1:colcon.colcon_core.package_identification:_identify(install) by extensions ['ignore', 'ignore_ament_install']
[1.353s] Level 1:colcon.colcon_core.package_identification:_identify(install) by extension 'ignore'
[1.353s] Level 1:colcon.colcon_core.package_identification:_identify(install) ignored
[1.353s] Level 1:colcon.colcon_core.package_identification:_identify(launch) by extensions ['ignore', 'ignore_ament_install']
[1.353s] Level 1:colcon.colcon_core.package_identification:_identify(launch) by extension 'ignore'
[1.354s] Level 1:colcon.colcon_core.package_identification:_identify(launch) by extension 'ignore_ament_install'
[1.354s] Level 1:colcon.colcon_core.package_identification:_identify(launch) by extensions ['colcon_pkg']
[1.358s] Level 1:colcon.colcon_core.package_identification:_identify(launch) by extension 'colcon_pkg'
[1.358s] Level 1:colcon.colcon_core.package_identification:_identify(launch) by extensions ['colcon_meta']
[1.358s] Level 1:colcon.colcon_core.package_identification:_identify(launch) by extension 'colcon_meta'
[1.359s] Level 1:colcon.colcon_core.package_identification:_identify(launch) by extensions ['ros']
[1.359s] Level 1:colcon.colcon_core.package_identification:_identify(launch) by extension 'ros'
[1.359s] Level 1:colcon.colcon_core.package_identification:_identify(launch) by extensions ['cmake', 'python']
[1.369s] Level 1:colcon.colcon_core.package_identification:_identify(launch) by extension 'cmake'
[1.369s] Level 1:colcon.colcon_core.package_identification:_identify(launch) by extension 'python'
[1.370s] Level 1:colcon.colcon_core.package_identification:_identify(launch) by extensions ['python_setup_py']
[1.370s] Level 1:colcon.colcon_core.package_identification:_identify(launch) by extension 'python_setup_py'
[1.371s] Level 1:colcon.colcon_core.package_identification:_identify(launch/__pycache__) by extensions ['ignore', 'ignore_ament_install']
[1.372s] Level 1:colcon.colcon_core.package_identification:_identify(launch/__pycache__) by extension 'ignore'
[1.372s] Level 1:colcon.colcon_core.package_identification:_identify(launch/__pycache__) by extension 'ignore_ament_install'
[1.374s] Level 1:colcon.colcon_core.package_identification:_identify(launch/__pycache__) by extensions ['colcon_pkg']
[1.374s] Level 1:colcon.colcon_core.package_identification:_identify(launch/__pycache__) by extension 'colcon_pkg'
[1.374s] Level 1:colcon.colcon_core.package_identification:_identify(launch/__pycache__) by extensions ['colcon_meta']
[1.374s] Level 1:colcon.colcon_core.package_identification:_identify(launch/__pycache__) by extension 'colcon_meta'
[1.378s] Level 1:colcon.colcon_core.package_identification:_identify(launch/__pycache__) by extensions ['ros']
[1.378s] Level 1:colcon.colcon_core.package_identification:_identify(launch/__pycache__) by extension 'ros'
[1.382s] Level 1:colcon.colcon_core.package_identification:_identify(launch/__pycache__) by extensions ['cmake', 'python']
[1.382s] Level 1:colcon.colcon_core.package_identification:_identify(launch/__pycache__) by extension 'cmake'
[1.383s] Level 1:colcon.colcon_core.package_identification:_identify(launch/__pycache__) by extension 'python'
[1.383s] Level 1:colcon.colcon_core.package_identification:_identify(launch/__pycache__) by extensions ['python_setup_py']
[1.383s] Level 1:colcon.colcon_core.package_identification:_identify(launch/__pycache__) by extension 'python_setup_py'
[1.383s] Level 1:colcon.colcon_core.package_identification:_identify(log) by extensions ['ignore', 'ignore_ament_install']
[1.384s] Level 1:colcon.colcon_core.package_identification:_identify(log) by extension 'ignore'
[1.384s] Level 1:colcon.colcon_core.package_identification:_identify(log) ignored
[1.388s] Level 1:colcon.colcon_core.package_identification:_identify(python) by extensions ['ignore', 'ignore_ament_install']
[1.389s] Level 1:colcon.colcon_core.package_identification:_identify(python) by extension 'ignore'
[1.389s] Level 1:colcon.colcon_core.package_identification:_identify(python) by extension 'ignore_ament_install'
[1.389s] Level 1:colcon.colcon_core.package_identification:_identify(python) by extensions ['colcon_pkg']
[1.389s] Level 1:colcon.colcon_core.package_identification:_identify(python) by extension 'colcon_pkg'
[1.389s] Level 1:colcon.colcon_core.package_identification:_identify(python) by extensions ['colcon_meta']
[1.390s] Level 1:colcon.colcon_core.package_identification:_identify(python) by extension 'colcon_meta'
[1.390s] Level 1:colcon.colcon_core.package_identification:_identify(python) by extensions ['ros']
[1.390s] Level 1:colcon.colcon_core.package_identification:_identify(python) by extension 'ros'
[1.390s] Level 1:colcon.colcon_core.package_identification:_identify(python) by extensions ['cmake', 'python']
[1.390s] Level 1:colcon.colcon_core.package_identification:_identify(python) by extension 'cmake'
[1.391s] Level 1:colcon.colcon_core.package_identification:_identify(python) by extension 'python'
[1.391s] Level 1:colcon.colcon_core.package_identification:_identify(python) by extensions ['python_setup_py']
[1.391s] Level 1:colcon.colcon_core.package_identification:_identify(python) by extension 'python_setup_py'
[1.391s] Level 1:colcon.colcon_core.package_identification:_identify(rob0car_actors) by extensions ['ignore', 'ignore_ament_install']
[1.391s] Level 1:colcon.colcon_core.package_identification:_identify(rob0car_actors) by extension 'ignore'
[1.392s] Level 1:colcon.colcon_core.package_identification:_identify(rob0car_actors) by extension 'ignore_ament_install'
[1.407s] Level 1:colcon.colcon_core.package_identification:_identify(rob0car_actors) by extensions ['colcon_pkg']
[1.407s] Level 1:colcon.colcon_core.package_identification:_identify(rob0car_actors) by extension 'colcon_pkg'
[1.407s] Level 1:colcon.colcon_core.package_identification:_identify(rob0car_actors) by extensions ['colcon_meta']
[1.409s] Level 1:colcon.colcon_core.package_identification:_identify(rob0car_actors) by extension 'colcon_meta'
[1.412s] Level 1:colcon.colcon_core.package_identification:_identify(rob0car_actors) by extensions ['ros']
[1.412s] Level 1:colcon.colcon_core.package_identification:_identify(rob0car_actors) by extension 'ros'
[1.468s] DEBUG:colcon.colcon_core.package_identification:Package 'rob0car_actors' with type 'ros.ament_python' and name 'rob0car_actors'
[1.491s] Level 1:colcon.colcon_core.package_identification:_identify(rob0car_control) by extensions ['ignore', 'ignore_ament_install']
[1.495s] Level 1:colcon.colcon_core.package_identification:_identify(rob0car_control) by extension 'ignore'
[1.495s] Level 1:colcon.colcon_core.package_identification:_identify(rob0car_control) by extension 'ignore_ament_install'
[1.496s] Level 1:colcon.colcon_core.package_identification:_identify(rob0car_control) by extensions ['colcon_pkg']
[1.509s] Level 1:colcon.colcon_core.package_identification:_identify(rob0car_control) by extension 'colcon_pkg'
[1.510s] Level 1:colcon.colcon_core.package_identification:_identify(rob0car_control) by extensions ['colcon_meta']
[1.510s] Level 1:colcon.colcon_core.package_identification:_identify(rob0car_control) by extension 'colcon_meta'
[1.510s] Level 1:colcon.colcon_core.package_identification:_identify(rob0car_control) by extensions ['ros']
[1.511s] Level 1:colcon.colcon_core.package_identification:_identify(rob0car_control) by extension 'ros'
[1.536s] DEBUG:colcon.colcon_core.package_identification:Package 'rob0car_control' with type 'ros.ament_python' and name 'rob0car_control'
[1.550s] Level 1:colcon.colcon_core.package_identification:_identify(rob0car_launch) by extensions ['ignore', 'ignore_ament_install']
[1.554s] Level 1:colcon.colcon_core.package_identification:_identify(rob0car_launch) by extension 'ignore'
[1.554s] Level 1:colcon.colcon_core.package_identification:_identify(rob0car_launch) by extension 'ignore_ament_install'
[1.555s] Level 1:colcon.colcon_core.package_identification:_identify(rob0car_launch) by extensions ['colcon_pkg']
[1.555s] Level 1:colcon.colcon_core.package_identification:_identify(rob0car_launch) by extension 'colcon_pkg'
[1.555s] Level 1:colcon.colcon_core.package_identification:_identify(rob0car_launch) by extensions ['colcon_meta']
[1.555s] Level 1:colcon.colcon_core.package_identification:_identify(rob0car_launch) by extension 'colcon_meta'
[1.555s] Level 1:colcon.colcon_core.package_identification:_identify(rob0car_launch) by extensions ['ros']
[1.555s] Level 1:colcon.colcon_core.package_identification:_identify(rob0car_launch) by extension 'ros'
[1.566s] DEBUG:colcon.colcon_core.package_identification:Package 'rob0car_launch' with type 'ros.ament_cmake' and name 'rob0car_launch'
[1.567s] Level 1:colcon.colcon_core.package_identification:_identify(rob0car_sensors) by extensions ['ignore', 'ignore_ament_install']
[1.567s] Level 1:colcon.colcon_core.package_identification:_identify(rob0car_sensors) by extension 'ignore'
[1.567s] Level 1:colcon.colcon_core.package_identification:_identify(rob0car_sensors) by extension 'ignore_ament_install'
[1.567s] Level 1:colcon.colcon_core.package_identification:_identify(rob0car_sensors) by extensions ['colcon_pkg']
[1.567s] Level 1:colcon.colcon_core.package_identification:_identify(rob0car_sensors) by extension 'colcon_pkg'
[1.568s] Level 1:colcon.colcon_core.package_identification:_identify(rob0car_sensors) by extensions ['colcon_meta']
[1.568s] Level 1:colcon.colcon_core.package_identification:_identify(rob0car_sensors) by extension 'colcon_meta'
[1.577s] Level 1:colcon.colcon_core.package_identification:_identify(rob0car_sensors) by extensions ['ros']
[1.577s] Level 1:colcon.colcon_core.package_identification:_identify(rob0car_sensors) by extension 'ros'
[1.579s] DEBUG:colcon.colcon_core.package_identification:Package 'rob0car_sensors' with type 'ros.ament_python' and name 'rob0car_sensors'
[1.579s] Level 1:colcon.colcon_core.package_discovery:discover_packages(recursive) using defaults
[1.580s] Level 1:colcon.colcon_core.package_discovery:discover_packages(ignore) discover
[1.580s] Level 1:colcon.colcon_core.package_discovery:discover_packages(ignore) using defaults
[1.580s] Level 1:colcon.colcon_core.package_discovery:discover_packages(path) discover
[1.580s] Level 1:colcon.colcon_core.package_discovery:discover_packages(path) using defaults
[1.657s] Level 5:colcon.colcon_core.verb:set package 'rob0car_actors' build argument 'cmake_args' from command line to 'None'
[1.659s] Level 5:colcon.colcon_core.verb:set package 'rob0car_actors' build argument 'cmake_target' from command line to 'None'
[1.661s] Level 5:colcon.colcon_core.verb:set package 'rob0car_actors' build argument 'cmake_target_skip_unavailable' from command line to 'False'
[1.661s] Level 5:colcon.colcon_core.verb:set package 'rob0car_actors' build argument 'cmake_clean_cache' from command line to 'False'
[1.661s] Level 5:colcon.colcon_core.verb:set package 'rob0car_actors' build argument 'cmake_clean_first' from command line to 'False'
[1.662s] Level 5:colcon.colcon_core.verb:set package 'rob0car_actors' build argument 'cmake_force_configure' from command line to 'False'
[1.662s] Level 5:colcon.colcon_core.verb:set package 'rob0car_actors' build argument 'ament_cmake_args' from command line to 'None'
[1.662s] Level 5:colcon.colcon_core.verb:set package 'rob0car_actors' build argument 'catkin_cmake_args' from command line to 'None'
[1.662s] Level 5:colcon.colcon_core.verb:set package 'rob0car_actors' build argument 'catkin_skip_building_tests' from command line to 'False'
[1.662s] DEBUG:colcon.colcon_core.verb:Building package 'rob0car_actors' with the following arguments: {'ament_cmake_args': None, 'build_base': '/home/mexx/ROB0Car/workspace/src/build/rob0car_actors', 'catkin_cmake_args': None, 'catkin_skip_building_tests': False, 'cmake_args': None, 'cmake_clean_cache': False, 'cmake_clean_first': False, 'cmake_force_configure': False, 'cmake_target': None, 'cmake_target_skip_unavailable': False, 'install_base': '/home/mexx/ROB0Car/workspace/src/install/rob0car_actors', 'merge_install': False, 'path': '/home/mexx/ROB0Car/workspace/src/rob0car_actors', 'symlink_install': False, 'test_result_base': None}
[1.678s] Level 5:colcon.colcon_core.verb:set package 'rob0car_control' build argument 'cmake_args' from command line to 'None'
[1.681s] Level 5:colcon.colcon_core.verb:set package 'rob0car_control' build argument 'cmake_target' from command line to 'None'
[1.682s] Level 5:colcon.colcon_core.verb:set package 'rob0car_control' build argument 'cmake_target_skip_unavailable' from command line to 'False'
[1.683s] Level 5:colcon.colcon_core.verb:set package 'rob0car_control' build argument 'cmake_clean_cache' from command line to 'False'
[1.683s] Level 5:colcon.colcon_core.verb:set package 'rob0car_control' build argument 'cmake_clean_first' from command line to 'False'
[1.683s] Level 5:colcon.colcon_core.verb:set package 'rob0car_control' build argument 'cmake_force_configure' from command line to 'False'
[1.683s] Level 5:colcon.colcon_core.verb:set package 'rob0car_control' build argument 'ament_cmake_args' from command line to 'None'
[1.684s] Level 5:colcon.colcon_core.verb:set package 'rob0car_control' build argument 'catkin_cmake_args' from command line to 'None'
[1.684s] Level 5:colcon.colcon_core.verb:set package 'rob0car_control' build argument 'catkin_skip_building_tests' from command line to 'False'
[1.684s] DEBUG:colcon.colcon_core.verb:Building package 'rob0car_control' with the following arguments: {'ament_cmake_args': None, 'build_base': '/home/mexx/ROB0Car/workspace/src/build/rob0car_control', 'catkin_cmake_args': None, 'catkin_skip_building_tests': False, 'cmake_args': None, 'cmake_clean_cache': False, 'cmake_clean_first': False, 'cmake_force_configure': False, 'cmake_target': None, 'cmake_target_skip_unavailable': False, 'install_base': '/home/mexx/ROB0Car/workspace/src/install/rob0car_control', 'merge_install': False, 'path': '/home/mexx/ROB0Car/workspace/src/rob0car_control', 'symlink_install': False, 'test_result_base': None}
[1.698s] Level 5:colcon.colcon_core.verb:set package 'rob0car_sensors' build argument 'cmake_args' from command line to 'None'
[1.700s] Level 5:colcon.colcon_core.verb:set package 'rob0car_sensors' build argument 'cmake_target' from command line to 'None'
[1.702s] Level 5:colcon.colcon_core.verb:set package 'rob0car_sensors' build argument 'cmake_target_skip_unavailable' from command line to 'False'
[1.703s] Level 5:colcon.colcon_core.verb:set package 'rob0car_sensors' build argument 'cmake_clean_cache' from command line to 'False'
[1.703s] Level 5:colcon.colcon_core.verb:set package 'rob0car_sensors' build argument 'cmake_clean_first' from command line to 'False'
[1.703s] Level 5:colcon.colcon_core.verb:set package 'rob0car_sensors' build argument 'cmake_force_configure' from command line to 'False'
[1.703s] Level 5:colcon.colcon_core.verb:set package 'rob0car_sensors' build argument 'ament_cmake_args' from command line to 'None'
[1.703s] Level 5:colcon.colcon_core.verb:set package 'rob0car_sensors' build argument 'catkin_cmake_args' from command line to 'None'
[1.703s] Level 5:colcon.colcon_core.verb:set package 'rob0car_sensors' build argument 'catkin_skip_building_tests' from command line to 'False'
[1.703s] DEBUG:colcon.colcon_core.verb:Building package 'rob0car_sensors' with the following arguments: {'ament_cmake_args': None, 'build_base': '/home/mexx/ROB0Car/workspace/src/build/rob0car_sensors', 'catkin_cmake_args': None, 'catkin_skip_building_tests': False, 'cmake_args': None, 'cmake_clean_cache': False, 'cmake_clean_first': False, 'cmake_force_configure': False, 'cmake_target': None, 'cmake_target_skip_unavailable': False, 'install_base': '/home/mexx/ROB0Car/workspace/src/install/rob0car_sensors', 'merge_install': False, 'path': '/home/mexx/ROB0Car/workspace/src/rob0car_sensors', 'symlink_install': False, 'test_result_base': None}
[1.721s] Level 5:colcon.colcon_core.verb:set package 'rob0car_launch' build argument 'cmake_args' from command line to 'None'
[1.724s] Level 5:colcon.colcon_core.verb:set package 'rob0car_launch' build argument 'cmake_target' from command line to 'None'
[1.725s] Level 5:colcon.colcon_core.verb:set package 'rob0car_launch' build argument 'cmake_target_skip_unavailable' from command line to 'False'
[1.725s] Level 5:colcon.colcon_core.verb:set package 'rob0car_launch' build argument 'cmake_clean_cache' from command line to 'False'
[1.726s] Level 5:colcon.colcon_core.verb:set package 'rob0car_launch' build argument 'cmake_clean_first' from command line to 'False'
[1.726s] Level 5:colcon.colcon_core.verb:set package 'rob0car_launch' build argument 'cmake_force_configure' from command line to 'False'
[1.726s] Level 5:colcon.colcon_core.verb:set package 'rob0car_launch' build argument 'ament_cmake_args' from command line to 'None'
[1.726s] Level 5:colcon.colcon_core.verb:set package 'rob0car_launch' build argument 'catkin_cmake_args' from command line to 'None'
[1.726s] Level 5:colcon.colcon_core.verb:set package 'rob0car_launch' build argument 'catkin_skip_building_tests' from command line to 'False'
[1.726s] DEBUG:colcon.colcon_core.verb:Building package 'rob0car_launch' with the following arguments: {'ament_cmake_args': None, 'build_base': '/home/mexx/ROB0Car/workspace/src/build/rob0car_launch', 'catkin_cmake_args': None, 'catkin_skip_building_tests': False, 'cmake_args': None, 'cmake_clean_cache': False, 'cmake_clean_first': False, 'cmake_force_configure': False, 'cmake_target': None, 'cmake_target_skip_unavailable': False, 'install_base': '/home/mexx/ROB0Car/workspace/src/install/rob0car_launch', 'merge_install': False, 'path': '/home/mexx/ROB0Car/workspace/src/rob0car_launch', 'symlink_install': False, 'test_result_base': None}
[1.727s] INFO:colcon.colcon_core.executor:Executing jobs using 'parallel' executor
[1.740s] DEBUG:colcon.colcon_parallel_executor.executor.parallel:run_until_complete
[1.742s] INFO:colcon.colcon_ros.task.ament_python.build:Building ROS package in '/home/mexx/ROB0Car/workspace/src/rob0car_actors' with build type 'ament_python'
[1.742s] Level 1:colcon.colcon_core.shell:create_environment_hook('rob0car_actors', 'ament_prefix_path')
[1.808s] INFO:colcon.colcon_core.plugin_system:Skipping extension 'colcon_core.shell.bat': Not used on non-Windows systems
[1.812s] INFO:colcon.colcon_core.shell:Creating environment hook '/home/mexx/ROB0Car/workspace/src/install/rob0car_actors/share/rob0car_actors/hook/ament_prefix_path.ps1'
[1.814s] INFO:colcon.colcon_core.shell:Creating environment descriptor '/home/mexx/ROB0Car/workspace/src/install/rob0car_actors/share/rob0car_actors/hook/ament_prefix_path.dsv'
[1.825s] INFO:colcon.colcon_core.shell:Creating environment hook '/home/mexx/ROB0Car/workspace/src/install/rob0car_actors/share/rob0car_actors/hook/ament_prefix_path.sh'
[1.831s] INFO:colcon.colcon_core.shell:Skip shell extension 'powershell' for command environment: Not usable outside of PowerShell
[1.832s] DEBUG:colcon.colcon_core.shell:Skip shell extension 'dsv' for command environment
[1.867s] DEBUG:colcon.colcon_core.shell:Ignoring prefix path '/opt/ros/foxy'
[7.552s] INFO:colcon.colcon_core.task.python.build:Building Python package in '/home/mexx/ROB0Car/workspace/src/rob0car_actors'
[7.565s] INFO:colcon.colcon_core.shell:Skip shell extension 'powershell' for command environment: Not usable outside of PowerShell
[7.580s] DEBUG:colcon.colcon_core.shell:Skip shell extension 'dsv' for command environment
[7.633s] DEBUG:colcon.colcon_core.shell:Ignoring prefix path '/opt/ros/foxy'
[7.754s] DEBUG:colcon.colcon_core.event_handler.log_command:Invoking command in '/home/mexx/ROB0Car/workspace/src/rob0car_actors': PYTHONPATH=/home/mexx/ROB0Car/workspace/src/install/rob0car_actors/lib/python3.8/site-packages:${PYTHONPATH} /usr/bin/python3 setup.py egg_info --egg-base ../build/rob0car_actors build --build-base /home/mexx/ROB0Car/workspace/src/build/rob0car_actors/build install --prefix /home/mexx/ROB0Car/workspace/src/install/rob0car_actors --record /home/mexx/ROB0Car/workspace/src/build/rob0car_actors/install.log --single-version-externally-managed
[18.105s] DEBUG:colcon.colcon_core.event_handler.log_command:Invoked command in '/home/mexx/ROB0Car/workspace/src/rob0car_actors' returned '0': PYTHONPATH=/home/mexx/ROB0Car/workspace/src/install/rob0car_actors/lib/python3.8/site-packages:${PYTHONPATH} /usr/bin/python3 setup.py egg_info --egg-base ../build/rob0car_actors build --build-base /home/mexx/ROB0Car/workspace/src/build/rob0car_actors/build install --prefix /home/mexx/ROB0Car/workspace/src/install/rob0car_actors --record /home/mexx/ROB0Car/workspace/src/build/rob0car_actors/install.log --single-version-externally-managed
[18.187s] Level 1:colcon.colcon_core.environment:checking '/home/mexx/ROB0Car/workspace/src/install/rob0car_actors' for CMake module files
[18.226s] Level 1:colcon.colcon_core.environment:checking '/home/mexx/ROB0Car/workspace/src/install/rob0car_actors' for CMake config files
[18.261s] Level 1:colcon.colcon_core.environment:checking '/home/mexx/ROB0Car/workspace/src/install/rob0car_actors/lib'
[18.262s] Level 1:colcon.colcon_core.environment:checking '/home/mexx/ROB0Car/workspace/src/install/rob0car_actors/bin'
[18.262s] Level 1:colcon.colcon_core.environment:checking '/home/mexx/ROB0Car/workspace/src/install/rob0car_actors/lib/pkgconfig/rob0car_actors.pc'
[18.262s] Level 1:colcon.colcon_core.environment:checking '/home/mexx/ROB0Car/workspace/src/install/rob0car_actors/lib/python3.8/site-packages'
[18.263s] Level 1:colcon.colcon_core.shell:create_environment_hook('rob0car_actors', 'pythonpath')
[18.281s] INFO:colcon.colcon_core.shell:Creating environment hook '/home/mexx/ROB0Car/workspace/src/install/rob0car_actors/share/rob0car_actors/hook/pythonpath.ps1'
[18.282s] INFO:colcon.colcon_core.shell:Creating environment descriptor '/home/mexx/ROB0Car/workspace/src/install/rob0car_actors/share/rob0car_actors/hook/pythonpath.dsv'
[18.283s] INFO:colcon.colcon_core.shell:Creating environment hook '/home/mexx/ROB0Car/workspace/src/install/rob0car_actors/share/rob0car_actors/hook/pythonpath.sh'
[18.284s] Level 1:colcon.colcon_core.environment:create_environment_scripts_only(rob0car_actors)
[18.348s] INFO:colcon.colcon_core.shell:Creating package script '/home/mexx/ROB0Car/workspace/src/install/rob0car_actors/share/rob0car_actors/package.ps1'
[18.398s] INFO:colcon.colcon_core.shell:Creating package descriptor '/home/mexx/ROB0Car/workspace/src/install/rob0car_actors/share/rob0car_actors/package.dsv'
[18.421s] INFO:colcon.colcon_core.shell:Creating package script '/home/mexx/ROB0Car/workspace/src/install/rob0car_actors/share/rob0car_actors/package.sh'
[18.435s] INFO:colcon.colcon_core.shell:Creating package script '/home/mexx/ROB0Car/workspace/src/install/rob0car_actors/share/rob0car_actors/package.bash'
[18.464s] INFO:colcon.colcon_core.shell:Creating package script '/home/mexx/ROB0Car/workspace/src/install/rob0car_actors/share/rob0car_actors/package.zsh'
[18.467s] Level 1:colcon.colcon_core.environment:create_file_with_runtime_dependencies(/home/mexx/ROB0Car/workspace/src/install/rob0car_actors/share/colcon-core/packages/rob0car_actors)
[18.497s] INFO:colcon.colcon_ros.task.ament_python.build:Building ROS package in '/home/mexx/ROB0Car/workspace/src/rob0car_control' with build type 'ament_python'
[18.504s] Level 1:colcon.colcon_core.shell:create_environment_hook('rob0car_control', 'ament_prefix_path')
[18.525s] INFO:colcon.colcon_core.shell:Creating environment hook '/home/mexx/ROB0Car/workspace/src/install/rob0car_control/share/rob0car_control/hook/ament_prefix_path.ps1'
[18.527s] INFO:colcon.colcon_core.shell:Creating environment descriptor '/home/mexx/ROB0Car/workspace/src/install/rob0car_control/share/rob0car_control/hook/ament_prefix_path.dsv'
[18.545s] INFO:colcon.colcon_core.shell:Creating environment hook '/home/mexx/ROB0Car/workspace/src/install/rob0car_control/share/rob0car_control/hook/ament_prefix_path.sh'
[18.566s] INFO:colcon.colcon_core.shell:Skip shell extension 'powershell' for command environment: Not usable outside of PowerShell
[18.567s] DEBUG:colcon.colcon_core.shell:Skip shell extension 'dsv' for command environment
[18.611s] DEBUG:colcon.colcon_core.shell:Ignoring prefix path '/opt/ros/foxy'
[31.618s] INFO:colcon.colcon_core.task.python.build:Building Python package in '/home/mexx/ROB0Car/workspace/src/rob0car_control'
[31.647s] INFO:colcon.colcon_core.shell:Skip shell extension 'powershell' for command environment: Not usable outside of PowerShell
[31.655s] DEBUG:colcon.colcon_core.shell:Skip shell extension 'dsv' for command environment
[31.919s] DEBUG:colcon.colcon_core.shell:Ignoring prefix path '/opt/ros/foxy'
[32.160s] DEBUG:colcon.colcon_core.event_handler.log_command:Invoking command in '/home/mexx/ROB0Car/workspace/src/rob0car_control': PYTHONPATH=/home/mexx/ROB0Car/workspace/src/install/rob0car_control/lib/python3.8/site-packages:${PYTHONPATH} /usr/bin/python3 setup.py egg_info --egg-base ../build/rob0car_control build --build-base /home/mexx/ROB0Car/workspace/src/build/rob0car_control/build install --prefix /home/mexx/ROB0Car/workspace/src/install/rob0car_control --record /home/mexx/ROB0Car/workspace/src/build/rob0car_control/install.log --single-version-externally-managed
[39.630s] DEBUG:colcon.colcon_core.event_handler.log_command:Invoked command in '/home/mexx/ROB0Car/workspace/src/rob0car_control' returned '0': PYTHONPATH=/home/mexx/ROB0Car/workspace/src/install/rob0car_control/lib/python3.8/site-packages:${PYTHONPATH} /usr/bin/python3 setup.py egg_info --egg-base ../build/rob0car_control build --build-base /home/mexx/ROB0Car/workspace/src/build/rob0car_control/build install --prefix /home/mexx/ROB0Car/workspace/src/install/rob0car_control --record /home/mexx/ROB0Car/workspace/src/build/rob0car_control/install.log --single-version-externally-managed
[39.635s] Level 1:colcon.colcon_core.environment:checking '/home/mexx/ROB0Car/workspace/src/install/rob0car_control' for CMake module files
[39.650s] Level 1:colcon.colcon_core.environment:checking '/home/mexx/ROB0Car/workspace/src/install/rob0car_control' for CMake config files
[39.666s] Level 1:colcon.colcon_core.environment:checking '/home/mexx/ROB0Car/workspace/src/install/rob0car_control/lib'
[39.667s] Level 1:colcon.colcon_core.environment:checking '/home/mexx/ROB0Car/workspace/src/install/rob0car_control/bin'
[39.667s] Level 1:colcon.colcon_core.environment:checking '/home/mexx/ROB0Car/workspace/src/install/rob0car_control/lib/pkgconfig/rob0car_control.pc'
[39.712s] Level 1:colcon.colcon_core.environment:checking '/home/mexx/ROB0Car/workspace/src/install/rob0car_control/lib/python3.8/site-packages'
[39.713s] Level 1:colcon.colcon_core.shell:create_environment_hook('rob0car_control', 'pythonpath')
[39.737s] INFO:colcon.colcon_core.shell:Creating environment hook '/home/mexx/ROB0Car/workspace/src/install/rob0car_control/share/rob0car_control/hook/pythonpath.ps1'
[39.739s] INFO:colcon.colcon_core.shell:Creating environment descriptor '/home/mexx/ROB0Car/workspace/src/install/rob0car_control/share/rob0car_control/hook/pythonpath.dsv'
[39.750s] INFO:colcon.colcon_core.shell:Creating environment hook '/home/mexx/ROB0Car/workspace/src/install/rob0car_control/share/rob0car_control/hook/pythonpath.sh'
[39.751s] Level 1:colcon.colcon_core.environment:create_environment_scripts_only(rob0car_control)
[39.763s] INFO:colcon.colcon_core.shell:Creating package script '/home/mexx/ROB0Car/workspace/src/install/rob0car_control/share/rob0car_control/package.ps1'
[39.803s] INFO:colcon.colcon_core.shell:Creating package descriptor '/home/mexx/ROB0Car/workspace/src/install/rob0car_control/share/rob0car_control/package.dsv'
[39.818s] INFO:colcon.colcon_core.shell:Creating package script '/home/mexx/ROB0Car/workspace/src/install/rob0car_control/share/rob0car_control/package.sh'
[39.830s] INFO:colcon.colcon_core.shell:Creating package script '/home/mexx/ROB0Car/workspace/src/install/rob0car_control/share/rob0car_control/package.bash'
[39.832s] INFO:colcon.colcon_core.shell:Creating package script '/home/mexx/ROB0Car/workspace/src/install/rob0car_control/share/rob0car_control/package.zsh'
[39.849s] Level 1:colcon.colcon_core.environment:create_file_with_runtime_dependencies(/home/mexx/ROB0Car/workspace/src/install/rob0car_control/share/colcon-core/packages/rob0car_control)
[39.872s] INFO:colcon.colcon_ros.task.ament_python.build:Building ROS package in '/home/mexx/ROB0Car/workspace/src/rob0car_sensors' with build type 'ament_python'
[39.876s] Level 1:colcon.colcon_core.shell:create_environment_hook('rob0car_sensors', 'ament_prefix_path')
[39.898s] INFO:colcon.colcon_core.shell:Creating environment hook '/home/mexx/ROB0Car/workspace/src/install/rob0car_sensors/share/rob0car_sensors/hook/ament_prefix_path.ps1'
[39.969s] INFO:colcon.colcon_core.shell:Creating environment descriptor '/home/mexx/ROB0Car/workspace/src/install/rob0car_sensors/share/rob0car_sensors/hook/ament_prefix_path.dsv'
[39.970s] INFO:colcon.colcon_core.shell:Creating environment hook '/home/mexx/ROB0Car/workspace/src/install/rob0car_sensors/share/rob0car_sensors/hook/ament_prefix_path.sh'
[40.282s] INFO:colcon.colcon_core.shell:Skip shell extension 'powershell' for command environment: Not usable outside of PowerShell
[40.283s] DEBUG:colcon.colcon_core.shell:Skip shell extension 'dsv' for command environment
[40.371s] DEBUG:colcon.colcon_core.shell:Ignoring prefix path '/opt/ros/foxy'
[46.678s] INFO:colcon.colcon_core.task.python.build:Building Python package in '/home/mexx/ROB0Car/workspace/src/rob0car_sensors'
[46.684s] INFO:colcon.colcon_core.shell:Skip shell extension 'powershell' for command environment: Not usable outside of PowerShell
[46.684s] DEBUG:colcon.colcon_core.shell:Skip shell extension 'dsv' for command environment
[46.715s] DEBUG:colcon.colcon_core.shell:Ignoring prefix path '/opt/ros/foxy'
[46.802s] DEBUG:colcon.colcon_core.event_handler.log_command:Invoking command in '/home/mexx/ROB0Car/workspace/src/rob0car_sensors': PYTHONPATH=/home/mexx/ROB0Car/workspace/src/install/rob0car_sensors/lib/python3.8/site-packages:${PYTHONPATH} /usr/bin/python3 setup.py egg_info --egg-base ../build/rob0car_sensors build --build-base /home/mexx/ROB0Car/workspace/src/build/rob0car_sensors/build install --prefix /home/mexx/ROB0Car/workspace/src/install/rob0car_sensors --record /home/mexx/ROB0Car/workspace/src/build/rob0car_sensors/install.log --single-version-externally-managed
[51.001s] DEBUG:colcon.colcon_core.event_handler.log_command:Invoked command in '/home/mexx/ROB0Car/workspace/src/rob0car_sensors' returned '0': PYTHONPATH=/home/mexx/ROB0Car/workspace/src/install/rob0car_sensors/lib/python3.8/site-packages:${PYTHONPATH} /usr/bin/python3 setup.py egg_info --egg-base ../build/rob0car_sensors build --build-base /home/mexx/ROB0Car/workspace/src/build/rob0car_sensors/build install --prefix /home/mexx/ROB0Car/workspace/src/install/rob0car_sensors --record /home/mexx/ROB0Car/workspace/src/build/rob0car_sensors/install.log --single-version-externally-managed
[51.016s] Level 1:colcon.colcon_core.environment:checking '/home/mexx/ROB0Car/workspace/src/install/rob0car_sensors' for CMake module files
[51.025s] Level 1:colcon.colcon_core.environment:checking '/home/mexx/ROB0Car/workspace/src/install/rob0car_sensors' for CMake config files
[51.032s] Level 1:colcon.colcon_core.environment:checking '/home/mexx/ROB0Car/workspace/src/install/rob0car_sensors/lib'
[51.033s] Level 1:colcon.colcon_core.environment:checking '/home/mexx/ROB0Car/workspace/src/install/rob0car_sensors/bin'
[51.034s] Level 1:colcon.colcon_core.environment:checking '/home/mexx/ROB0Car/workspace/src/install/rob0car_sensors/lib/pkgconfig/rob0car_sensors.pc'
[51.034s] Level 1:colcon.colcon_core.environment:checking '/home/mexx/ROB0Car/workspace/src/install/rob0car_sensors/lib/python3.8/site-packages'
[51.035s] Level 1:colcon.colcon_core.shell:create_environment_hook('rob0car_sensors', 'pythonpath')
[51.046s] INFO:colcon.colcon_core.shell:Creating environment hook '/home/mexx/ROB0Car/workspace/src/install/rob0car_sensors/share/rob0car_sensors/hook/pythonpath.ps1'
[51.050s] INFO:colcon.colcon_core.shell:Creating environment descriptor '/home/mexx/ROB0Car/workspace/src/install/rob0car_sensors/share/rob0car_sensors/hook/pythonpath.dsv'
[51.075s] INFO:colcon.colcon_core.shell:Creating environment hook '/home/mexx/ROB0Car/workspace/src/install/rob0car_sensors/share/rob0car_sensors/hook/pythonpath.sh'
[51.083s] Level 1:colcon.colcon_core.environment:create_environment_scripts_only(rob0car_sensors)
[51.099s] INFO:colcon.colcon_core.shell:Creating package script '/home/mexx/ROB0Car/workspace/src/install/rob0car_sensors/share/rob0car_sensors/package.ps1'
[51.111s] INFO:colcon.colcon_core.shell:Creating package descriptor '/home/mexx/ROB0Car/workspace/src/install/rob0car_sensors/share/rob0car_sensors/package.dsv'
[51.119s] INFO:colcon.colcon_core.shell:Creating package script '/home/mexx/ROB0Car/workspace/src/install/rob0car_sensors/share/rob0car_sensors/package.sh'
[51.128s] INFO:colcon.colcon_core.shell:Creating package script '/home/mexx/ROB0Car/workspace/src/install/rob0car_sensors/share/rob0car_sensors/package.bash'
[51.135s] INFO:colcon.colcon_core.shell:Creating package script '/home/mexx/ROB0Car/workspace/src/install/rob0car_sensors/share/rob0car_sensors/package.zsh'
[51.141s] Level 1:colcon.colcon_core.environment:create_file_with_runtime_dependencies(/home/mexx/ROB0Car/workspace/src/install/rob0car_sensors/share/colcon-core/packages/rob0car_sensors)
[51.166s] INFO:colcon.colcon_ros.task.ament_cmake.build:Building ROS package in '/home/mexx/ROB0Car/workspace/src/rob0car_launch' with build type 'ament_cmake'
[51.166s] INFO:colcon.colcon_cmake.task.cmake.build:Building CMake package in '/home/mexx/ROB0Car/workspace/src/rob0car_launch'
[51.183s] INFO:colcon.colcon_core.shell:Skip shell extension 'powershell' for command environment: Not usable outside of PowerShell
[51.184s] DEBUG:colcon.colcon_core.shell:Skip shell extension 'dsv' for command environment
[51.234s] DEBUG:colcon.colcon_core.shell:Ignoring prefix path '/opt/ros/foxy'
[51.435s] DEBUG:colcon.colcon_core.event_handler.log_command:Invoking command in '/home/mexx/ROB0Car/workspace/src/build/rob0car_launch': AMENT_PREFIX_PATH=/home/mexx/ROB0Car/workspace/src/install/rob0car_sensors:/home/mexx/ROB0Car/workspace/src/install/rob0car_control:/home/mexx/ROB0Car/workspace/src/install/rob0car_actors:${AMENT_PREFIX_PATH} CMAKE_PREFIX_PATH=/home/mexx/ROB0Car/workspace/install/rob0car_sensors:/opt/ros/foxy PYTHONPATH=/home/mexx/ROB0Car/workspace/src/install/rob0car_sensors/lib/python3.8/site-packages:/home/mexx/ROB0Car/workspace/src/install/rob0car_control/lib/python3.8/site-packages:/home/mexx/ROB0Car/workspace/src/install/rob0car_actors/lib/python3.8/site-packages:${PYTHONPATH} /usr/bin/cmake /home/mexx/ROB0Car/workspace/src/rob0car_launch -DCMAKE_INSTALL_PREFIX=/home/mexx/ROB0Car/workspace/src/install/rob0car_launch
[74.065s] DEBUG:colcon.colcon_core.event_handler.log_command:Invoked command in '/home/mexx/ROB0Car/workspace/src/build/rob0car_launch' returned '0': AMENT_PREFIX_PATH=/home/mexx/ROB0Car/workspace/src/install/rob0car_sensors:/home/mexx/ROB0Car/workspace/src/install/rob0car_control:/home/mexx/ROB0Car/workspace/src/install/rob0car_actors:${AMENT_PREFIX_PATH} CMAKE_PREFIX_PATH=/home/mexx/ROB0Car/workspace/install/rob0car_sensors:/opt/ros/foxy PYTHONPATH=/home/mexx/ROB0Car/workspace/src/install/rob0car_sensors/lib/python3.8/site-packages:/home/mexx/ROB0Car/workspace/src/install/rob0car_control/lib/python3.8/site-packages:/home/mexx/ROB0Car/workspace/src/install/rob0car_actors/lib/python3.8/site-packages:${PYTHONPATH} /usr/bin/cmake /home/mexx/ROB0Car/workspace/src/rob0car_launch -DCMAKE_INSTALL_PREFIX=/home/mexx/ROB0Car/workspace/src/install/rob0car_launch
[74.114s] DEBUG:colcon.colcon_core.event_handler.log_command:Invoking command in '/home/mexx/ROB0Car/workspace/src/build/rob0car_launch': AMENT_PREFIX_PATH=/home/mexx/ROB0Car/workspace/src/install/rob0car_sensors:/home/mexx/ROB0Car/workspace/src/install/rob0car_control:/home/mexx/ROB0Car/workspace/src/install/rob0car_actors:${AMENT_PREFIX_PATH} CMAKE_PREFIX_PATH=/home/mexx/ROB0Car/workspace/install/rob0car_sensors:/opt/ros/foxy PYTHONPATH=/home/mexx/ROB0Car/workspace/src/install/rob0car_sensors/lib/python3.8/site-packages:/home/mexx/ROB0Car/workspace/src/install/rob0car_control/lib/python3.8/site-packages:/home/mexx/ROB0Car/workspace/src/install/rob0car_actors/lib/python3.8/site-packages:${PYTHONPATH} /usr/bin/cmake --build /home/mexx/ROB0Car/workspace/src/build/rob0car_launch -- -j1 -l1
[75.958s] DEBUG:colcon.colcon_core.event_handler.log_command:Invoked command in '/home/mexx/ROB0Car/workspace/src/build/rob0car_launch' returned '0': AMENT_PREFIX_PATH=/home/mexx/ROB0Car/workspace/src/install/rob0car_sensors:/home/mexx/ROB0Car/workspace/src/install/rob0car_control:/home/mexx/ROB0Car/workspace/src/install/rob0car_actors:${AMENT_PREFIX_PATH} CMAKE_PREFIX_PATH=/home/mexx/ROB0Car/workspace/install/rob0car_sensors:/opt/ros/foxy PYTHONPATH=/home/mexx/ROB0Car/workspace/src/install/rob0car_sensors/lib/python3.8/site-packages:/home/mexx/ROB0Car/workspace/src/install/rob0car_control/lib/python3.8/site-packages:/home/mexx/ROB0Car/workspace/src/install/rob0car_actors/lib/python3.8/site-packages:${PYTHONPATH} /usr/bin/cmake --build /home/mexx/ROB0Car/workspace/src/build/rob0car_launch -- -j1 -l1
[76.866s] DEBUG:colcon.colcon_core.event_handler.log_command:Invoking command in '/home/mexx/ROB0Car/workspace/src/build/rob0car_launch': AMENT_PREFIX_PATH=/home/mexx/ROB0Car/workspace/src/install/rob0car_sensors:/home/mexx/ROB0Car/workspace/src/install/rob0car_control:/home/mexx/ROB0Car/workspace/src/install/rob0car_actors:${AMENT_PREFIX_PATH} CMAKE_PREFIX_PATH=/home/mexx/ROB0Car/workspace/install/rob0car_sensors:/opt/ros/foxy PYTHONPATH=/home/mexx/ROB0Car/workspace/src/install/rob0car_sensors/lib/python3.8/site-packages:/home/mexx/ROB0Car/workspace/src/install/rob0car_control/lib/python3.8/site-packages:/home/mexx/ROB0Car/workspace/src/install/rob0car_actors/lib/python3.8/site-packages:${PYTHONPATH} /usr/bin/cmake --install /home/mexx/ROB0Car/workspace/src/build/rob0car_launch
[77.530s] Level 1:colcon.colcon_core.environment:create_environment_scripts_only(rob0car_launch)
[77.536s] Level 1:colcon.colcon_core.environment:checking '/home/mexx/ROB0Car/workspace/src/install/rob0car_launch' for CMake module files
[77.576s] DEBUG:colcon.colcon_core.event_handler.log_command:Invoked command in '/home/mexx/ROB0Car/workspace/src/build/rob0car_launch' returned '0': AMENT_PREFIX_PATH=/home/mexx/ROB0Car/workspace/src/install/rob0car_sensors:/home/mexx/ROB0Car/workspace/src/install/rob0car_control:/home/mexx/ROB0Car/workspace/src/install/rob0car_actors:${AMENT_PREFIX_PATH} CMAKE_PREFIX_PATH=/home/mexx/ROB0Car/workspace/install/rob0car_sensors:/opt/ros/foxy PYTHONPATH=/home/mexx/ROB0Car/workspace/src/install/rob0car_sensors/lib/python3.8/site-packages:/home/mexx/ROB0Car/workspace/src/install/rob0car_control/lib/python3.8/site-packages:/home/mexx/ROB0Car/workspace/src/install/rob0car_actors/lib/python3.8/site-packages:${PYTHONPATH} /usr/bin/cmake --install /home/mexx/ROB0Car/workspace/src/build/rob0car_launch
[77.578s] Level 1:colcon.colcon_core.environment:checking '/home/mexx/ROB0Car/workspace/src/install/rob0car_launch' for CMake config files
[77.579s] Level 1:colcon.colcon_core.shell:create_environment_hook('rob0car_launch', 'cmake_prefix_path')
[77.634s] INFO:colcon.colcon_core.shell:Creating environment hook '/home/mexx/ROB0Car/workspace/src/install/rob0car_launch/share/rob0car_launch/hook/cmake_prefix_path.ps1'
[77.665s] INFO:colcon.colcon_core.shell:Creating environment descriptor '/home/mexx/ROB0Car/workspace/src/install/rob0car_launch/share/rob0car_launch/hook/cmake_prefix_path.dsv'
[77.666s] INFO:colcon.colcon_core.shell:Creating environment hook '/home/mexx/ROB0Car/workspace/src/install/rob0car_launch/share/rob0car_launch/hook/cmake_prefix_path.sh'
[77.704s] Level 1:colcon.colcon_core.environment:checking '/home/mexx/ROB0Car/workspace/src/install/rob0car_launch/bin'
[77.704s] Level 1:colcon.colcon_core.environment:checking '/home/mexx/ROB0Car/workspace/src/install/rob0car_launch/lib/pkgconfig/rob0car_launch.pc'
[77.704s] Level 1:colcon.colcon_core.environment:checking '/home/mexx/ROB0Car/workspace/src/install/rob0car_launch/lib/python3.8/site-packages'
[77.719s] INFO:colcon.colcon_core.shell:Creating package script '/home/mexx/ROB0Car/workspace/src/install/rob0car_launch/share/rob0car_launch/package.ps1'
[77.757s] INFO:colcon.colcon_core.shell:Creating package descriptor '/home/mexx/ROB0Car/workspace/src/install/rob0car_launch/share/rob0car_launch/package.dsv'
[77.792s] INFO:colcon.colcon_core.shell:Creating package script '/home/mexx/ROB0Car/workspace/src/install/rob0car_launch/share/rob0car_launch/package.sh'
[77.793s] INFO:colcon.colcon_core.shell:Creating package script '/home/mexx/ROB0Car/workspace/src/install/rob0car_launch/share/rob0car_launch/package.bash'
[77.794s] INFO:colcon.colcon_core.shell:Creating package script '/home/mexx/ROB0Car/workspace/src/install/rob0car_launch/share/rob0car_launch/package.zsh'
[77.795s] Level 1:colcon.colcon_core.environment:create_file_with_runtime_dependencies(/home/mexx/ROB0Car/workspace/src/install/rob0car_launch/share/colcon-core/packages/rob0car_launch)
[79.110s] Level 1:colcon.colcon_core.environment:create_environment_scripts_only(rob0car_launch)
[79.154s] Level 1:colcon.colcon_core.environment:checking '/home/mexx/ROB0Car/workspace/src/install/rob0car_launch' for CMake module files
[79.177s] Level 1:colcon.colcon_core.environment:checking '/home/mexx/ROB0Car/workspace/src/install/rob0car_launch' for CMake config files
[79.178s] Level 1:colcon.colcon_core.shell:create_environment_hook('rob0car_launch', 'cmake_prefix_path')
[79.200s] INFO:colcon.colcon_core.shell:Creating environment hook '/home/mexx/ROB0Car/workspace/src/install/rob0car_launch/share/rob0car_launch/hook/cmake_prefix_path.ps1'
[79.232s] INFO:colcon.colcon_core.shell:Creating environment descriptor '/home/mexx/ROB0Car/workspace/src/install/rob0car_launch/share/rob0car_launch/hook/cmake_prefix_path.dsv'
[79.248s] INFO:colcon.colcon_core.shell:Creating environment hook '/home/mexx/ROB0Car/workspace/src/install/rob0car_launch/share/rob0car_launch/hook/cmake_prefix_path.sh'
[79.262s] Level 1:colcon.colcon_core.environment:checking '/home/mexx/ROB0Car/workspace/src/install/rob0car_launch/bin'
[79.262s] Level 1:colcon.colcon_core.environment:checking '/home/mexx/ROB0Car/workspace/src/install/rob0car_launch/lib/pkgconfig/rob0car_launch.pc'
[79.262s] Level 1:colcon.colcon_core.environment:checking '/home/mexx/ROB0Car/workspace/src/install/rob0car_launch/lib/python3.8/site-packages'
[79.275s] INFO:colcon.colcon_core.shell:Creating package script '/home/mexx/ROB0Car/workspace/src/install/rob0car_launch/share/rob0car_launch/package.ps1'
[79.328s] INFO:colcon.colcon_core.shell:Creating package descriptor '/home/mexx/ROB0Car/workspace/src/install/rob0car_launch/share/rob0car_launch/package.dsv'
[79.351s] INFO:colcon.colcon_core.shell:Creating package script '/home/mexx/ROB0Car/workspace/src/install/rob0car_launch/share/rob0car_launch/package.sh'
[79.382s] INFO:colcon.colcon_core.shell:Creating package script '/home/mexx/ROB0Car/workspace/src/install/rob0car_launch/share/rob0car_launch/package.bash'
[79.397s] INFO:colcon.colcon_core.shell:Creating package script '/home/mexx/ROB0Car/workspace/src/install/rob0car_launch/share/rob0car_launch/package.zsh'
[79.408s] Level 1:colcon.colcon_core.environment:create_file_with_runtime_dependencies(/home/mexx/ROB0Car/workspace/src/install/rob0car_launch/share/colcon-core/packages/rob0car_launch)
[79.423s] DEBUG:colcon.colcon_parallel_executor.executor.parallel:closing loop
[79.430s] DEBUG:colcon.colcon_parallel_executor.executor.parallel:loop closed
[79.431s] DEBUG:colcon.colcon_parallel_executor.executor.parallel:run_until_complete finished with '0'
[79.431s] DEBUG:colcon.colcon_core.event_reactor:joining thread
[79.596s] INFO:colcon.colcon_core.plugin_system:Skipping extension 'colcon_notification.desktop_notification.terminal_notifier': Not used on non-Darwin systems
[79.621s] INFO:colcon.colcon_core.plugin_system:Skipping extension 'colcon_notification.desktop_notification.win32': Not used on non-Windows systems
[79.621s] INFO:colcon.colcon_notification.desktop_notification:Sending desktop notification using 'notify2'
[80.011s] DEBUG:colcon.colcon_core.event_reactor:joined thread
[80.014s] INFO:colcon.colcon_core.shell:Creating prefix script '/home/mexx/ROB0Car/workspace/src/install/local_setup.ps1'
[80.020s] INFO:colcon.colcon_core.shell:Creating prefix util module '/home/mexx/ROB0Car/workspace/src/install/_local_setup_util_ps1.py'
[80.081s] INFO:colcon.colcon_core.shell:Creating prefix chain script '/home/mexx/ROB0Car/workspace/src/install/setup.ps1'
[80.162s] INFO:colcon.colcon_core.shell:Creating prefix script '/home/mexx/ROB0Car/workspace/src/install/local_setup.sh'
[80.184s] INFO:colcon.colcon_core.shell:Creating prefix util module '/home/mexx/ROB0Car/workspace/src/install/_local_setup_util_sh.py'
[80.208s] INFO:colcon.colcon_core.shell:Creating prefix chain script '/home/mexx/ROB0Car/workspace/src/install/setup.sh'
[80.283s] INFO:colcon.colcon_core.shell:Creating prefix script '/home/mexx/ROB0Car/workspace/src/install/local_setup.bash'
[80.313s] INFO:colcon.colcon_core.shell:Creating prefix chain script '/home/mexx/ROB0Car/workspace/src/install/setup.bash'
[80.398s] INFO:colcon.colcon_core.shell:Creating prefix script '/home/mexx/ROB0Car/workspace/src/install/local_setup.zsh'
[80.423s] INFO:colcon.colcon_core.shell:Creating prefix chain script '/home/mexx/ROB0Car/workspace/src/install/setup.zsh'
