[1.484s] Invoking command in '/home/mexx/ROB0Car/workspace/src/rob0car_control': PYTHONPATH=/home/mexx/ROB0Car/workspace/install/rob0car_control/lib/python3.8/site-packages:${PYTHONPATH} /usr/bin/python3 setup.py egg_info --egg-base ../../build/rob0car_control build --build-base /home/mexx/ROB0Car/workspace/build/rob0car_control/build install --prefix /home/mexx/ROB0Car/workspace/install/rob0car_control --record /home/mexx/ROB0Car/workspace/build/rob0car_control/install.log --single-version-externally-managed
[2.672s] running egg_info
[2.698s] writing ../../build/rob0car_control/rob0car_control.egg-info/PKG-INFO
[2.702s] writing dependency_links to ../../build/rob0car_control/rob0car_control.egg-info/dependency_links.txt
[2.706s] writing entry points to ../../build/rob0car_control/rob0car_control.egg-info/entry_points.txt
[2.709s] writing requirements to ../../build/rob0car_control/rob0car_control.egg-info/requires.txt
[2.711s] writing top-level names to ../../build/rob0car_control/rob0car_control.egg-info/top_level.txt
[2.967s] reading manifest file '../../build/rob0car_control/rob0car_control.egg-info/SOURCES.txt'
[2.975s] writing manifest file '../../build/rob0car_control/rob0car_control.egg-info/SOURCES.txt'
[2.987s] running build
[2.988s] running build_py
[2.998s] running install
[3.015s] running install_lib
[3.038s] running install_data
[3.045s] running install_egg_info
[3.059s] removing '/home/mexx/ROB0Car/workspace/install/rob0car_control/lib/python3.8/site-packages/rob0car_control-0.0.0-py3.8.egg-info' (and everything under it)
[3.070s] Copying ../../build/rob0car_control/rob0car_control.egg-info to /home/mexx/ROB0Car/workspace/install/rob0car_control/lib/python3.8/site-packages/rob0car_control-0.0.0-py3.8.egg-info
[3.077s] running install_scripts
[3.251s] Installing rob0car_control script to /home/mexx/ROB0Car/workspace/install/rob0car_control/lib/rob0car_control
[3.258s] writing list of installed files to '/home/mexx/ROB0Car/workspace/build/rob0car_control/install.log'
[3.450s] Invoked command in '/home/mexx/ROB0Car/workspace/src/rob0car_control' returned '0': PYTHONPATH=/home/mexx/ROB0Car/workspace/install/rob0car_control/lib/python3.8/site-packages:${PYTHONPATH} /usr/bin/python3 setup.py egg_info --egg-base ../../build/rob0car_control build --build-base /home/mexx/ROB0Car/workspace/build/rob0car_control/build install --prefix /home/mexx/ROB0Car/workspace/install/rob0car_control --record /home/mexx/ROB0Car/workspace/build/rob0car_control/install.log --single-version-externally-managed
