[0.163s] Invoking command in '/home/mexx/ROB0Car/workspace/src/build/rob0car_interfaces': CMAKE_PREFIX_PATH=${CMAKE_PREFIX_PATH}:/home/mexx/ROB0Car/workspace/src/install/rob0car_sensors:/home/mexx/ROB0Car/workspace/src/install/rob0car_control:/home/mexx/ROB0Car/workspace/src/install/rob0car_actors:/home/mexx/ROB0Car/workspace/install/rob0car_control:/home/mexx/ROB0Car/workspace/install/rob0car_actors:/home/mexx/ROB0Car/workspace/install/rob0car_sensors:/opt/ros/foxy /usr/bin/cmake --build /home/mexx/ROB0Car/workspace/src/build/rob0car_interfaces -- -j1 -l1
[0.795s] [  3%] Built target rob0car_interfaces__cpp
[1.132s] [ 12%] Built target rob0car_interfaces__rosidl_generator_c
[1.483s] [ 22%] Built target rob0car_interfaces__rosidl_typesupport_introspection_c
[1.754s] [ 32%] Built target rob0car_interfaces__rosidl_typesupport_c
[2.118s] [ 41%] Built target rob0car_interfaces__rosidl_typesupport_fastrtps_cpp
[2.505s] [ 51%] Built target rob0car_interfaces__rosidl_typesupport_fastrtps_c
[2.917s] [ 61%] Built target rob0car_interfaces__rosidl_typesupport_introspection_cpp
[3.291s] [ 70%] Built target rob0car_interfaces__rosidl_typesupport_cpp
[3.653s] [ 70%] Built target rob0car_interfaces
[3.955s] [ 74%] Built target rob0car_interfaces__py
[4.317s] [ 80%] Built target rob0car_interfaces__python
[4.705s] [ 87%] Built target rob0car_interfaces__rosidl_typesupport_c__pyext
[5.147s] [ 93%] Built target rob0car_interfaces__rosidl_typesupport_introspection_c__pyext
[5.481s] [100%] Built target rob0car_interfaces__rosidl_typesupport_fastrtps_c__pyext
[5.605s] Invoked command in '/home/mexx/ROB0Car/workspace/src/build/rob0car_interfaces' returned '0': CMAKE_PREFIX_PATH=${CMAKE_PREFIX_PATH}:/home/mexx/ROB0Car/workspace/src/install/rob0car_sensors:/home/mexx/ROB0Car/workspace/src/install/rob0car_control:/home/mexx/ROB0Car/workspace/src/install/rob0car_actors:/home/mexx/ROB0Car/workspace/install/rob0car_control:/home/mexx/ROB0Car/workspace/install/rob0car_actors:/home/mexx/ROB0Car/workspace/install/rob0car_sensors:/opt/ros/foxy /usr/bin/cmake --build /home/mexx/ROB0Car/workspace/src/build/rob0car_interfaces -- -j1 -l1
[6.890s] Invoking command in '/home/mexx/ROB0Car/workspace/src/build/rob0car_interfaces': CMAKE_PREFIX_PATH=${CMAKE_PREFIX_PATH}:/home/mexx/ROB0Car/workspace/src/install/rob0car_sensors:/home/mexx/ROB0Car/workspace/src/install/rob0car_control:/home/mexx/ROB0Car/workspace/src/install/rob0car_actors:/home/mexx/ROB0Car/workspace/install/rob0car_control:/home/mexx/ROB0Car/workspace/install/rob0car_actors:/home/mexx/ROB0Car/workspace/install/rob0car_sensors:/opt/ros/foxy /usr/bin/cmake --install /home/mexx/ROB0Car/workspace/src/build/rob0car_interfaces
[7.100s] -- Install configuration: ""
[7.105s] -- Up-to-date: /home/mexx/ROB0Car/workspace/src/install/rob0car_interfaces/share/ament_index/resource_index/rosidl_interfaces/rob0car_interfaces
[7.107s] -- Up-to-date: /home/mexx/ROB0Car/workspace/src/install/rob0car_interfaces/include/rob0car_interfaces
[7.108s] -- Up-to-date: /home/mexx/ROB0Car/workspace/src/install/rob0car_interfaces/include/rob0car_interfaces/msg
[7.111s] -- Up-to-date: /home/mexx/ROB0Car/workspace/src/install/rob0car_interfaces/include/rob0car_interfaces/msg/rosidl_generator_c__visibility_control.h
[7.112s] -- Up-to-date: /home/mexx/ROB0Car/workspace/src/install/rob0car_interfaces/include/rob0car_interfaces/msg/detail
[7.113s] -- Up-to-date: /home/mexx/ROB0Car/workspace/src/install/rob0car_interfaces/include/rob0car_interfaces/msg/detail/esc__struct.h
[7.113s] -- Up-to-date: /home/mexx/ROB0Car/workspace/src/install/rob0car_interfaces/include/rob0car_interfaces/msg/detail/esc__type_support.h
[7.114s] -- Up-to-date: /home/mexx/ROB0Car/workspace/src/install/rob0car_interfaces/include/rob0car_interfaces/msg/detail/esc__functions.c
[7.114s] -- Up-to-date: /home/mexx/ROB0Car/workspace/src/install/rob0car_interfaces/include/rob0car_interfaces/msg/detail/esc__functions.h
[7.115s] -- Up-to-date: /home/mexx/ROB0Car/workspace/src/install/rob0car_interfaces/include/rob0car_interfaces/msg/esc.h
[7.116s] -- Up-to-date: /home/mexx/ROB0Car/workspace/src/install/rob0car_interfaces/share/rob0car_interfaces/environment/library_path.sh
[7.124s] -- Up-to-date: /home/mexx/ROB0Car/workspace/src/install/rob0car_interfaces/share/rob0car_interfaces/environment/library_path.dsv
[7.133s] -- Up-to-date: /home/mexx/ROB0Car/workspace/src/install/rob0car_interfaces/lib/librob0car_interfaces__rosidl_generator_c.so
[7.136s] -- Up-to-date: /home/mexx/ROB0Car/workspace/src/install/rob0car_interfaces/include/rob0car_interfaces
[7.137s] -- Up-to-date: /home/mexx/ROB0Car/workspace/src/install/rob0car_interfaces/include/rob0car_interfaces/msg
[7.137s] -- Up-to-date: /home/mexx/ROB0Car/workspace/src/install/rob0car_interfaces/include/rob0car_interfaces/msg/rosidl_typesupport_fastrtps_c__visibility_control.h
[7.138s] -- Up-to-date: /home/mexx/ROB0Car/workspace/src/install/rob0car_interfaces/include/rob0car_interfaces/msg/detail
[7.139s] -- Up-to-date: /home/mexx/ROB0Car/workspace/src/install/rob0car_interfaces/include/rob0car_interfaces/msg/detail/esc__rosidl_typesupport_fastrtps_c.h
[7.148s] -- Up-to-date: /home/mexx/ROB0Car/workspace/src/install/rob0car_interfaces/lib/librob0car_interfaces__rosidl_typesupport_fastrtps_c.so
[7.152s] -- Up-to-date: /home/mexx/ROB0Car/workspace/src/install/rob0car_interfaces/include/rob0car_interfaces
[7.152s] -- Up-to-date: /home/mexx/ROB0Car/workspace/src/install/rob0car_interfaces/include/rob0car_interfaces/msg
[7.153s] -- Up-to-date: /home/mexx/ROB0Car/workspace/src/install/rob0car_interfaces/include/rob0car_interfaces/msg/rosidl_typesupport_fastrtps_cpp__visibility_control.h
[7.153s] -- Up-to-date: /home/mexx/ROB0Car/workspace/src/install/rob0car_interfaces/include/rob0car_interfaces/msg/detail
[7.154s] -- Up-to-date: /home/mexx/ROB0Car/workspace/src/install/rob0car_interfaces/include/rob0car_interfaces/msg/detail/dds_fastrtps
[7.157s] -- Up-to-date: /home/mexx/ROB0Car/workspace/src/install/rob0car_interfaces/include/rob0car_interfaces/msg/detail/esc__rosidl_typesupport_fastrtps_cpp.hpp
[7.163s] -- Up-to-date: /home/mexx/ROB0Car/workspace/src/install/rob0car_interfaces/lib/librob0car_interfaces__rosidl_typesupport_fastrtps_cpp.so
[7.183s] -- Up-to-date: /home/mexx/ROB0Car/workspace/src/install/rob0car_interfaces/include/rob0car_interfaces
[7.184s] -- Up-to-date: /home/mexx/ROB0Car/workspace/src/install/rob0car_interfaces/include/rob0car_interfaces/msg
[7.190s] -- Up-to-date: /home/mexx/ROB0Car/workspace/src/install/rob0car_interfaces/include/rob0car_interfaces/msg/detail
[7.192s] -- Up-to-date: /home/mexx/ROB0Car/workspace/src/install/rob0car_interfaces/include/rob0car_interfaces/msg/detail/esc__rosidl_typesupport_introspection_c.h
[7.194s] -- Up-to-date: /home/mexx/ROB0Car/workspace/src/install/rob0car_interfaces/include/rob0car_interfaces/msg/detail/esc__type_support.c
[7.196s] -- Up-to-date: /home/mexx/ROB0Car/workspace/src/install/rob0car_interfaces/include/rob0car_interfaces/msg/rosidl_typesupport_introspection_c__visibility_control.h
[7.210s] -- Up-to-date: /home/mexx/ROB0Car/workspace/src/install/rob0car_interfaces/lib/librob0car_interfaces__rosidl_typesupport_introspection_c.so
[7.217s] -- Up-to-date: /home/mexx/ROB0Car/workspace/src/install/rob0car_interfaces/lib/librob0car_interfaces__rosidl_typesupport_c.so
[7.220s] -- Up-to-date: /home/mexx/ROB0Car/workspace/src/install/rob0car_interfaces/include/rob0car_interfaces
[7.221s] -- Up-to-date: /home/mexx/ROB0Car/workspace/src/install/rob0car_interfaces/include/rob0car_interfaces/msg
[7.221s] -- Up-to-date: /home/mexx/ROB0Car/workspace/src/install/rob0car_interfaces/include/rob0car_interfaces/msg/esc.hpp
[7.222s] -- Up-to-date: /home/mexx/ROB0Car/workspace/src/install/rob0car_interfaces/include/rob0car_interfaces/msg/detail
[7.222s] -- Up-to-date: /home/mexx/ROB0Car/workspace/src/install/rob0car_interfaces/include/rob0car_interfaces/msg/detail/esc__traits.hpp
[7.224s] -- Up-to-date: /home/mexx/ROB0Car/workspace/src/install/rob0car_interfaces/include/rob0car_interfaces/msg/detail/esc__builder.hpp
[7.224s] -- Up-to-date: /home/mexx/ROB0Car/workspace/src/install/rob0car_interfaces/include/rob0car_interfaces/msg/detail/esc__struct.hpp
[7.230s] -- Up-to-date: /home/mexx/ROB0Car/workspace/src/install/rob0car_interfaces/include/rob0car_interfaces
[7.231s] -- Up-to-date: /home/mexx/ROB0Car/workspace/src/install/rob0car_interfaces/include/rob0car_interfaces/msg
[7.231s] -- Up-to-date: /home/mexx/ROB0Car/workspace/src/install/rob0car_interfaces/include/rob0car_interfaces/msg/detail
[7.236s] -- Up-to-date: /home/mexx/ROB0Car/workspace/src/install/rob0car_interfaces/include/rob0car_interfaces/msg/detail/esc__rosidl_typesupport_introspection_cpp.hpp
[7.237s] -- Up-to-date: /home/mexx/ROB0Car/workspace/src/install/rob0car_interfaces/include/rob0car_interfaces/msg/detail/esc__type_support.cpp
[7.240s] -- Up-to-date: /home/mexx/ROB0Car/workspace/src/install/rob0car_interfaces/lib/librob0car_interfaces__rosidl_typesupport_introspection_cpp.so
[7.243s] -- Up-to-date: /home/mexx/ROB0Car/workspace/src/install/rob0car_interfaces/lib/librob0car_interfaces__rosidl_typesupport_cpp.so
[7.263s] -- Up-to-date: /home/mexx/ROB0Car/workspace/src/install/rob0car_interfaces/share/rob0car_interfaces/environment/pythonpath.sh
[7.266s] -- Up-to-date: /home/mexx/ROB0Car/workspace/src/install/rob0car_interfaces/share/rob0car_interfaces/environment/pythonpath.dsv
[7.267s] -- Up-to-date: /home/mexx/ROB0Car/workspace/src/install/rob0car_interfaces/lib/python3.8/site-packages/rob0car_interfaces/__init__.py
[7.925s] -- Up-to-date: /home/mexx/ROB0Car/workspace/src/install/rob0car_interfaces/lib/python3.8/site-packages/rob0car_interfaces/msg
[7.929s] -- Up-to-date: /home/mexx/ROB0Car/workspace/src/install/rob0car_interfaces/lib/python3.8/site-packages/rob0car_interfaces/msg/_esc_s.c
[7.932s] -- Up-to-date: /home/mexx/ROB0Car/workspace/src/install/rob0car_interfaces/lib/python3.8/site-packages/rob0car_interfaces/msg/__init__.py
[7.932s] -- Up-to-date: /home/mexx/ROB0Car/workspace/src/install/rob0car_interfaces/lib/python3.8/site-packages/rob0car_interfaces/msg/_esc.py
[7.933s] -- Up-to-date: /home/mexx/ROB0Car/workspace/src/install/rob0car_interfaces/lib/python3.8/site-packages/rob0car_interfaces/rob0car_interfaces_s__rosidl_typesupport_fastrtps_c.cpython-38-x86_64-linux-gnu.so
[7.953s] -- Up-to-date: /home/mexx/ROB0Car/workspace/src/install/rob0car_interfaces/lib/python3.8/site-packages/rob0car_interfaces/rob0car_interfaces_s__rosidl_typesupport_introspection_c.cpython-38-x86_64-linux-gnu.so
[7.966s] -- Up-to-date: /home/mexx/ROB0Car/workspace/src/install/rob0car_interfaces/lib/python3.8/site-packages/rob0car_interfaces/rob0car_interfaces_s__rosidl_typesupport_c.cpython-38-x86_64-linux-gnu.so
[7.990s] -- Up-to-date: /home/mexx/ROB0Car/workspace/src/install/rob0car_interfaces/lib/librob0car_interfaces__python.so
[8.000s] -- Up-to-date: /home/mexx/ROB0Car/workspace/src/install/rob0car_interfaces/share/rob0car_interfaces/msg/ESC.idl
[8.003s] -- Up-to-date: /home/mexx/ROB0Car/workspace/src/install/rob0car_interfaces/share/rob0car_interfaces/msg/ESC.msg
[8.007s] -- Up-to-date: /home/mexx/ROB0Car/workspace/src/install/rob0car_interfaces/share/ament_index/resource_index/package_run_dependencies/rob0car_interfaces
[8.013s] -- Up-to-date: /home/mexx/ROB0Car/workspace/src/install/rob0car_interfaces/share/ament_index/resource_index/parent_prefix_path/rob0car_interfaces
[8.014s] -- Up-to-date: /home/mexx/ROB0Car/workspace/src/install/rob0car_interfaces/share/rob0car_interfaces/environment/ament_prefix_path.sh
[8.016s] -- Up-to-date: /home/mexx/ROB0Car/workspace/src/install/rob0car_interfaces/share/rob0car_interfaces/environment/ament_prefix_path.dsv
[8.016s] -- Up-to-date: /home/mexx/ROB0Car/workspace/src/install/rob0car_interfaces/share/rob0car_interfaces/environment/path.sh
[8.017s] -- Up-to-date: /home/mexx/ROB0Car/workspace/src/install/rob0car_interfaces/share/rob0car_interfaces/environment/path.dsv
[8.020s] -- Up-to-date: /home/mexx/ROB0Car/workspace/src/install/rob0car_interfaces/share/rob0car_interfaces/local_setup.bash
[8.024s] -- Up-to-date: /home/mexx/ROB0Car/workspace/src/install/rob0car_interfaces/share/rob0car_interfaces/local_setup.sh
[8.025s] -- Up-to-date: /home/mexx/ROB0Car/workspace/src/install/rob0car_interfaces/share/rob0car_interfaces/local_setup.zsh
[8.028s] -- Up-to-date: /home/mexx/ROB0Car/workspace/src/install/rob0car_interfaces/share/rob0car_interfaces/local_setup.dsv
[8.029s] -- Installing: /home/mexx/ROB0Car/workspace/src/install/rob0car_interfaces/share/rob0car_interfaces/package.dsv
[8.031s] -- Up-to-date: /home/mexx/ROB0Car/workspace/src/install/rob0car_interfaces/share/ament_index/resource_index/packages/rob0car_interfaces
[8.037s] -- Up-to-date: /home/mexx/ROB0Car/workspace/src/install/rob0car_interfaces/share/rob0car_interfaces/cmake/rob0car_interfaces__rosidl_generator_cExport.cmake
[8.040s] -- Up-to-date: /home/mexx/ROB0Car/workspace/src/install/rob0car_interfaces/share/rob0car_interfaces/cmake/rob0car_interfaces__rosidl_generator_cExport-noconfig.cmake
[8.043s] -- Up-to-date: /home/mexx/ROB0Car/workspace/src/install/rob0car_interfaces/share/rob0car_interfaces/cmake/rob0car_interfaces__rosidl_typesupport_introspection_cExport.cmake
[8.048s] -- Up-to-date: /home/mexx/ROB0Car/workspace/src/install/rob0car_interfaces/share/rob0car_interfaces/cmake/rob0car_interfaces__rosidl_typesupport_introspection_cExport-noconfig.cmake
[8.050s] -- Up-to-date: /home/mexx/ROB0Car/workspace/src/install/rob0car_interfaces/share/rob0car_interfaces/cmake/rob0car_interfaces__rosidl_typesupport_cExport.cmake
[8.052s] -- Up-to-date: /home/mexx/ROB0Car/workspace/src/install/rob0car_interfaces/share/rob0car_interfaces/cmake/rob0car_interfaces__rosidl_typesupport_cExport-noconfig.cmake
[8.054s] -- Up-to-date: /home/mexx/ROB0Car/workspace/src/install/rob0car_interfaces/share/rob0car_interfaces/cmake/rob0car_interfaces__rosidl_generator_cppExport.cmake
[8.057s] -- Up-to-date: /home/mexx/ROB0Car/workspace/src/install/rob0car_interfaces/share/rob0car_interfaces/cmake/rob0car_interfaces__rosidl_typesupport_introspection_cppExport.cmake
[8.060s] -- Up-to-date: /home/mexx/ROB0Car/workspace/src/install/rob0car_interfaces/share/rob0car_interfaces/cmake/rob0car_interfaces__rosidl_typesupport_introspection_cppExport-noconfig.cmake
[8.064s] -- Up-to-date: /home/mexx/ROB0Car/workspace/src/install/rob0car_interfaces/share/rob0car_interfaces/cmake/rob0car_interfaces__rosidl_typesupport_cppExport.cmake
[8.065s] -- Up-to-date: /home/mexx/ROB0Car/workspace/src/install/rob0car_interfaces/share/rob0car_interfaces/cmake/rob0car_interfaces__rosidl_typesupport_cppExport-noconfig.cmake
[8.066s] -- Up-to-date: /home/mexx/ROB0Car/workspace/src/install/rob0car_interfaces/share/rob0car_interfaces/cmake/rosidl_cmake-extras.cmake
[8.067s] -- Up-to-date: /home/mexx/ROB0Car/workspace/src/install/rob0car_interfaces/share/rob0car_interfaces/cmake/ament_cmake_export_dependencies-extras.cmake
[8.077s] -- Up-to-date: /home/mexx/ROB0Car/workspace/src/install/rob0car_interfaces/share/rob0car_interfaces/cmake/ament_cmake_export_libraries-extras.cmake
[8.077s] -- Up-to-date: /home/mexx/ROB0Car/workspace/src/install/rob0car_interfaces/share/rob0car_interfaces/cmake/ament_cmake_export_targets-extras.cmake
[8.078s] -- Up-to-date: /home/mexx/ROB0Car/workspace/src/install/rob0car_interfaces/share/rob0car_interfaces/cmake/ament_cmake_export_include_directories-extras.cmake
[8.079s] -- Up-to-date: /home/mexx/ROB0Car/workspace/src/install/rob0car_interfaces/share/rob0car_interfaces/cmake/rosidl_cmake_export_typesupport_libraries-extras.cmake
[8.088s] -- Up-to-date: /home/mexx/ROB0Car/workspace/src/install/rob0car_interfaces/share/rob0car_interfaces/cmake/rosidl_cmake_export_typesupport_targets-extras.cmake
[8.094s] -- Up-to-date: /home/mexx/ROB0Car/workspace/src/install/rob0car_interfaces/share/rob0car_interfaces/cmake/rob0car_interfacesConfig.cmake
[8.096s] -- Up-to-date: /home/mexx/ROB0Car/workspace/src/install/rob0car_interfaces/share/rob0car_interfaces/cmake/rob0car_interfacesConfig-version.cmake
[8.100s] -- Up-to-date: /home/mexx/ROB0Car/workspace/src/install/rob0car_interfaces/share/rob0car_interfaces/package.xml
[8.125s] Invoked command in '/home/mexx/ROB0Car/workspace/src/build/rob0car_interfaces' returned '0': CMAKE_PREFIX_PATH=${CMAKE_PREFIX_PATH}:/home/mexx/ROB0Car/workspace/src/install/rob0car_sensors:/home/mexx/ROB0Car/workspace/src/install/rob0car_control:/home/mexx/ROB0Car/workspace/src/install/rob0car_actors:/home/mexx/ROB0Car/workspace/install/rob0car_control:/home/mexx/ROB0Car/workspace/install/rob0car_actors:/home/mexx/ROB0Car/workspace/install/rob0car_sensors:/opt/ros/foxy /usr/bin/cmake --install /home/mexx/ROB0Car/workspace/src/build/rob0car_interfaces
