[1.149s] DEBUG:colcon:Command line arguments: ['/usr/bin/colcon', 'build']
[1.150s] DEBUG:colcon:Parsed command line arguments: Namespace(ament_cmake_args=None, base_paths=['.'], build_base='build', catkin_cmake_args=None, catkin_skip_building_tests=False, cmake_args=None, cmake_clean_cache=False, cmake_clean_first=False, cmake_force_configure=False, cmake_target=None, cmake_target_skip_unavailable=False, continue_on_error=False, event_handlers=None, executor='parallel', ignore_user_meta=False, install_base='install', log_base=None, log_level=None, main=<bound method BuildVerb.main of <colcon_core.verb.build.BuildVerb object at 0x7f1e3680a820>>, merge_install=False, metas=['./colcon.meta'], packages_above=None, packages_above_and_dependencies=None, packages_above_depth=None, packages_end=None, packages_ignore=None, packages_ignore_regex=None, packages_select=None, packages_select_build_failed=False, packages_select_by_dep=None, packages_select_regex=None, packages_select_test_failures=False, packages_skip=None, packages_skip_build_finished=False, packages_skip_by_dep=None, packages_skip_regex=None, packages_skip_test_passed=False, packages_skip_up_to=None, packages_start=None, packages_up_to=None, packages_up_to_regex=None, parallel_workers=1, paths=None, symlink_install=False, test_result_base=None, verb_extension=<colcon_core.verb.build.BuildVerb object at 0x7f1e3680a820>, verb_name='build', verb_parser=<colcon_defaults.argument_parser.defaults.DefaultArgumentsDecorator object at 0x7f1e3680ad90>)
[1.187s] Level 1:colcon.colcon_core.package_discovery:discover_packages(colcon_meta) check parameters
[1.188s] Level 1:colcon.colcon_core.package_discovery:discover_packages(recursive) check parameters
[1.189s] Level 1:colcon.colcon_core.package_discovery:discover_packages(ignore) check parameters
[1.190s] Level 1:colcon.colcon_core.package_discovery:discover_packages(path) check parameters
[1.190s] Level 1:colcon.colcon_core.package_discovery:discover_packages(colcon_meta) discover
[1.191s] Level 1:colcon.colcon_core.package_discovery:discover_packages(recursive) discover
[1.191s] INFO:colcon.colcon_core.package_discovery:Crawling recursively for packages in '/home/mexx/ROB0Car/workspace'
[1.191s] Level 1:colcon.colcon_core.package_identification:_identify(.) by extensions ['ignore', 'ignore_ament_install']
[1.194s] Level 1:colcon.colcon_core.package_identification:_identify(.) by extension 'ignore'
[1.194s] Level 1:colcon.colcon_core.package_identification:_identify(.) by extension 'ignore_ament_install'
[1.194s] Level 1:colcon.colcon_core.package_identification:_identify(.) by extensions ['colcon_pkg']
[1.194s] Level 1:colcon.colcon_core.package_identification:_identify(.) by extension 'colcon_pkg'
[1.194s] Level 1:colcon.colcon_core.package_identification:_identify(.) by extensions ['colcon_meta']
[1.194s] Level 1:colcon.colcon_core.package_identification:_identify(.) by extension 'colcon_meta'
[1.194s] Level 1:colcon.colcon_core.package_identification:_identify(.) by extensions ['ros']
[1.195s] Level 1:colcon.colcon_core.package_identification:_identify(.) by extension 'ros'
[1.257s] Level 1:colcon.colcon_core.package_identification:_identify(.) by extensions ['cmake', 'python']
[1.264s] Level 1:colcon.colcon_core.package_identification:_identify(.) by extension 'cmake'
[1.265s] Level 1:colcon.colcon_core.package_identification:_identify(.) by extension 'python'
[1.266s] Level 1:colcon.colcon_core.package_identification:_identify(.) by extensions ['python_setup_py']
[1.267s] Level 1:colcon.colcon_core.package_identification:_identify(.) by extension 'python_setup_py'
[1.268s] Level 1:colcon.colcon_core.package_identification:_identify(build) by extensions ['ignore', 'ignore_ament_install']
[1.269s] Level 1:colcon.colcon_core.package_identification:_identify(build) by extension 'ignore'
[1.270s] Level 1:colcon.colcon_core.package_identification:_identify(build) ignored
[1.270s] Level 1:colcon.colcon_core.package_identification:_identify(install) by extensions ['ignore', 'ignore_ament_install']
[1.270s] Level 1:colcon.colcon_core.package_identification:_identify(install) by extension 'ignore'
[1.270s] Level 1:colcon.colcon_core.package_identification:_identify(install) ignored
[1.271s] Level 1:colcon.colcon_core.package_identification:_identify(log) by extensions ['ignore', 'ignore_ament_install']
[1.271s] Level 1:colcon.colcon_core.package_identification:_identify(log) by extension 'ignore'
[1.271s] Level 1:colcon.colcon_core.package_identification:_identify(log) ignored
[1.271s] Level 1:colcon.colcon_core.package_identification:_identify(src) by extensions ['ignore', 'ignore_ament_install']
[1.274s] Level 1:colcon.colcon_core.package_identification:_identify(src) by extension 'ignore'
[1.274s] Level 1:colcon.colcon_core.package_identification:_identify(src) by extension 'ignore_ament_install'
[1.275s] Level 1:colcon.colcon_core.package_identification:_identify(src) by extensions ['colcon_pkg']
[1.275s] Level 1:colcon.colcon_core.package_identification:_identify(src) by extension 'colcon_pkg'
[1.275s] Level 1:colcon.colcon_core.package_identification:_identify(src) by extensions ['colcon_meta']
[1.275s] Level 1:colcon.colcon_core.package_identification:_identify(src) by extension 'colcon_meta'
[1.280s] Level 1:colcon.colcon_core.package_identification:_identify(src) by extensions ['ros']
[1.281s] Level 1:colcon.colcon_core.package_identification:_identify(src) by extension 'ros'
[1.281s] Level 1:colcon.colcon_core.package_identification:_identify(src) by extensions ['cmake', 'python']
[1.281s] Level 1:colcon.colcon_core.package_identification:_identify(src) by extension 'cmake'
[1.281s] Level 1:colcon.colcon_core.package_identification:_identify(src) by extension 'python'
[1.281s] Level 1:colcon.colcon_core.package_identification:_identify(src) by extensions ['python_setup_py']
[1.281s] Level 1:colcon.colcon_core.package_identification:_identify(src) by extension 'python_setup_py'
[1.282s] Level 1:colcon.colcon_core.package_identification:_identify(src/examples) by extensions ['ignore', 'ignore_ament_install']
[1.282s] Level 1:colcon.colcon_core.package_identification:_identify(src/examples) by extension 'ignore'
[1.282s] Level 1:colcon.colcon_core.package_identification:_identify(src/examples) by extension 'ignore_ament_install'
[1.282s] Level 1:colcon.colcon_core.package_identification:_identify(src/examples) by extensions ['colcon_pkg']
[1.283s] Level 1:colcon.colcon_core.package_identification:_identify(src/examples) by extension 'colcon_pkg'
[1.283s] Level 1:colcon.colcon_core.package_identification:_identify(src/examples) by extensions ['colcon_meta']
[1.283s] Level 1:colcon.colcon_core.package_identification:_identify(src/examples) by extension 'colcon_meta'
[1.283s] Level 1:colcon.colcon_core.package_identification:_identify(src/examples) by extensions ['ros']
[1.283s] Level 1:colcon.colcon_core.package_identification:_identify(src/examples) by extension 'ros'
[1.283s] Level 1:colcon.colcon_core.package_identification:_identify(src/examples) by extensions ['cmake', 'python']
[1.283s] Level 1:colcon.colcon_core.package_identification:_identify(src/examples) by extension 'cmake'
[1.284s] Level 1:colcon.colcon_core.package_identification:_identify(src/examples) by extension 'python'
[1.284s] Level 1:colcon.colcon_core.package_identification:_identify(src/examples) by extensions ['python_setup_py']
[1.292s] Level 1:colcon.colcon_core.package_identification:_identify(src/examples) by extension 'python_setup_py'
[1.292s] Level 1:colcon.colcon_core.package_identification:_identify(src/python) by extensions ['ignore', 'ignore_ament_install']
[1.292s] Level 1:colcon.colcon_core.package_identification:_identify(src/python) by extension 'ignore'
[1.293s] Level 1:colcon.colcon_core.package_identification:_identify(src/python) by extension 'ignore_ament_install'
[1.293s] Level 1:colcon.colcon_core.package_identification:_identify(src/python) by extensions ['colcon_pkg']
[1.293s] Level 1:colcon.colcon_core.package_identification:_identify(src/python) by extension 'colcon_pkg'
[1.293s] Level 1:colcon.colcon_core.package_identification:_identify(src/python) by extensions ['colcon_meta']
[1.293s] Level 1:colcon.colcon_core.package_identification:_identify(src/python) by extension 'colcon_meta'
[1.293s] Level 1:colcon.colcon_core.package_identification:_identify(src/python) by extensions ['ros']
[1.293s] Level 1:colcon.colcon_core.package_identification:_identify(src/python) by extension 'ros'
[1.294s] Level 1:colcon.colcon_core.package_identification:_identify(src/python) by extensions ['cmake', 'python']
[1.294s] Level 1:colcon.colcon_core.package_identification:_identify(src/python) by extension 'cmake'
[1.299s] Level 1:colcon.colcon_core.package_identification:_identify(src/python) by extension 'python'
[1.300s] Level 1:colcon.colcon_core.package_identification:_identify(src/python) by extensions ['python_setup_py']
[1.301s] Level 1:colcon.colcon_core.package_identification:_identify(src/python) by extension 'python_setup_py'
[1.301s] Level 1:colcon.colcon_core.package_identification:_identify(src/rob0car_actors) by extensions ['ignore', 'ignore_ament_install']
[1.301s] Level 1:colcon.colcon_core.package_identification:_identify(src/rob0car_actors) by extension 'ignore'
[1.301s] Level 1:colcon.colcon_core.package_identification:_identify(src/rob0car_actors) by extension 'ignore_ament_install'
[1.302s] Level 1:colcon.colcon_core.package_identification:_identify(src/rob0car_actors) by extensions ['colcon_pkg']
[1.302s] Level 1:colcon.colcon_core.package_identification:_identify(src/rob0car_actors) by extension 'colcon_pkg'
[1.302s] Level 1:colcon.colcon_core.package_identification:_identify(src/rob0car_actors) by extensions ['colcon_meta']
[1.302s] Level 1:colcon.colcon_core.package_identification:_identify(src/rob0car_actors) by extension 'colcon_meta'
[1.302s] Level 1:colcon.colcon_core.package_identification:_identify(src/rob0car_actors) by extensions ['ros']
[1.302s] Level 1:colcon.colcon_core.package_identification:_identify(src/rob0car_actors) by extension 'ros'
[1.321s] DEBUG:colcon.colcon_core.package_identification:Package 'src/rob0car_actors' with type 'ros.ament_python' and name 'rob0car_actors'
[1.322s] Level 1:colcon.colcon_core.package_identification:_identify(src/rob0car_control) by extensions ['ignore', 'ignore_ament_install']
[1.324s] Level 1:colcon.colcon_core.package_identification:_identify(src/rob0car_control) by extension 'ignore'
[1.328s] Level 1:colcon.colcon_core.package_identification:_identify(src/rob0car_control) by extension 'ignore_ament_install'
[1.329s] Level 1:colcon.colcon_core.package_identification:_identify(src/rob0car_control) by extensions ['colcon_pkg']
[1.329s] Level 1:colcon.colcon_core.package_identification:_identify(src/rob0car_control) by extension 'colcon_pkg'
[1.330s] Level 1:colcon.colcon_core.package_identification:_identify(src/rob0car_control) by extensions ['colcon_meta']
[1.330s] Level 1:colcon.colcon_core.package_identification:_identify(src/rob0car_control) by extension 'colcon_meta'
[1.330s] Level 1:colcon.colcon_core.package_identification:_identify(src/rob0car_control) by extensions ['ros']
[1.330s] Level 1:colcon.colcon_core.package_identification:_identify(src/rob0car_control) by extension 'ros'
[1.332s] DEBUG:colcon.colcon_core.package_identification:Package 'src/rob0car_control' with type 'ros.ament_python' and name 'rob0car_control'
[1.340s] Level 1:colcon.colcon_core.package_identification:_identify(src/rob0car_sensors) by extensions ['ignore', 'ignore_ament_install']
[1.341s] Level 1:colcon.colcon_core.package_identification:_identify(src/rob0car_sensors) by extension 'ignore'
[1.341s] Level 1:colcon.colcon_core.package_identification:_identify(src/rob0car_sensors) by extension 'ignore_ament_install'
[1.341s] Level 1:colcon.colcon_core.package_identification:_identify(src/rob0car_sensors) by extensions ['colcon_pkg']
[1.341s] Level 1:colcon.colcon_core.package_identification:_identify(src/rob0car_sensors) by extension 'colcon_pkg'
[1.341s] Level 1:colcon.colcon_core.package_identification:_identify(src/rob0car_sensors) by extensions ['colcon_meta']
[1.341s] Level 1:colcon.colcon_core.package_identification:_identify(src/rob0car_sensors) by extension 'colcon_meta'
[1.342s] Level 1:colcon.colcon_core.package_identification:_identify(src/rob0car_sensors) by extensions ['ros']
[1.342s] Level 1:colcon.colcon_core.package_identification:_identify(src/rob0car_sensors) by extension 'ros'
[1.356s] DEBUG:colcon.colcon_core.package_identification:Package 'src/rob0car_sensors' with type 'ros.ament_python' and name 'rob0car_sensors'
[1.356s] Level 1:colcon.colcon_core.package_discovery:discover_packages(recursive) using defaults
[1.356s] Level 1:colcon.colcon_core.package_discovery:discover_packages(ignore) discover
[1.356s] Level 1:colcon.colcon_core.package_discovery:discover_packages(ignore) using defaults
[1.357s] Level 1:colcon.colcon_core.package_discovery:discover_packages(path) discover
[1.357s] Level 1:colcon.colcon_core.package_discovery:discover_packages(path) using defaults
[1.492s] Level 5:colcon.colcon_core.verb:set package 'rob0car_actors' build argument 'cmake_args' from command line to 'None'
[1.493s] Level 5:colcon.colcon_core.verb:set package 'rob0car_actors' build argument 'cmake_target' from command line to 'None'
[1.494s] Level 5:colcon.colcon_core.verb:set package 'rob0car_actors' build argument 'cmake_target_skip_unavailable' from command line to 'False'
[1.495s] Level 5:colcon.colcon_core.verb:set package 'rob0car_actors' build argument 'cmake_clean_cache' from command line to 'False'
[1.495s] Level 5:colcon.colcon_core.verb:set package 'rob0car_actors' build argument 'cmake_clean_first' from command line to 'False'
[1.496s] Level 5:colcon.colcon_core.verb:set package 'rob0car_actors' build argument 'cmake_force_configure' from command line to 'False'
[1.496s] Level 5:colcon.colcon_core.verb:set package 'rob0car_actors' build argument 'ament_cmake_args' from command line to 'None'
[1.496s] Level 5:colcon.colcon_core.verb:set package 'rob0car_actors' build argument 'catkin_cmake_args' from command line to 'None'
[1.496s] Level 5:colcon.colcon_core.verb:set package 'rob0car_actors' build argument 'catkin_skip_building_tests' from command line to 'False'
[1.498s] DEBUG:colcon.colcon_core.verb:Building package 'rob0car_actors' with the following arguments: {'ament_cmake_args': None, 'build_base': '/home/mexx/ROB0Car/workspace/build/rob0car_actors', 'catkin_cmake_args': None, 'catkin_skip_building_tests': False, 'cmake_args': None, 'cmake_clean_cache': False, 'cmake_clean_first': False, 'cmake_force_configure': False, 'cmake_target': None, 'cmake_target_skip_unavailable': False, 'install_base': '/home/mexx/ROB0Car/workspace/install/rob0car_actors', 'merge_install': False, 'path': '/home/mexx/ROB0Car/workspace/src/rob0car_actors', 'symlink_install': False, 'test_result_base': None}
[1.509s] Level 5:colcon.colcon_core.verb:set package 'rob0car_control' build argument 'cmake_args' from command line to 'None'
[1.510s] Level 5:colcon.colcon_core.verb:set package 'rob0car_control' build argument 'cmake_target' from command line to 'None'
[1.511s] Level 5:colcon.colcon_core.verb:set package 'rob0car_control' build argument 'cmake_target_skip_unavailable' from command line to 'False'
[1.512s] Level 5:colcon.colcon_core.verb:set package 'rob0car_control' build argument 'cmake_clean_cache' from command line to 'False'
[1.513s] Level 5:colcon.colcon_core.verb:set package 'rob0car_control' build argument 'cmake_clean_first' from command line to 'False'
[1.513s] Level 5:colcon.colcon_core.verb:set package 'rob0car_control' build argument 'cmake_force_configure' from command line to 'False'
[1.513s] Level 5:colcon.colcon_core.verb:set package 'rob0car_control' build argument 'ament_cmake_args' from command line to 'None'
[1.515s] Level 5:colcon.colcon_core.verb:set package 'rob0car_control' build argument 'catkin_cmake_args' from command line to 'None'
[1.515s] Level 5:colcon.colcon_core.verb:set package 'rob0car_control' build argument 'catkin_skip_building_tests' from command line to 'False'
[1.515s] DEBUG:colcon.colcon_core.verb:Building package 'rob0car_control' with the following arguments: {'ament_cmake_args': None, 'build_base': '/home/mexx/ROB0Car/workspace/build/rob0car_control', 'catkin_cmake_args': None, 'catkin_skip_building_tests': False, 'cmake_args': None, 'cmake_clean_cache': False, 'cmake_clean_first': False, 'cmake_force_configure': False, 'cmake_target': None, 'cmake_target_skip_unavailable': False, 'install_base': '/home/mexx/ROB0Car/workspace/install/rob0car_control', 'merge_install': False, 'path': '/home/mexx/ROB0Car/workspace/src/rob0car_control', 'symlink_install': False, 'test_result_base': None}
[1.527s] Level 5:colcon.colcon_core.verb:set package 'rob0car_sensors' build argument 'cmake_args' from command line to 'None'
[1.528s] Level 5:colcon.colcon_core.verb:set package 'rob0car_sensors' build argument 'cmake_target' from command line to 'None'
[1.529s] Level 5:colcon.colcon_core.verb:set package 'rob0car_sensors' build argument 'cmake_target_skip_unavailable' from command line to 'False'
[1.530s] Level 5:colcon.colcon_core.verb:set package 'rob0car_sensors' build argument 'cmake_clean_cache' from command line to 'False'
[1.530s] Level 5:colcon.colcon_core.verb:set package 'rob0car_sensors' build argument 'cmake_clean_first' from command line to 'False'
[1.530s] Level 5:colcon.colcon_core.verb:set package 'rob0car_sensors' build argument 'cmake_force_configure' from command line to 'False'
[1.531s] Level 5:colcon.colcon_core.verb:set package 'rob0car_sensors' build argument 'ament_cmake_args' from command line to 'None'
[1.531s] Level 5:colcon.colcon_core.verb:set package 'rob0car_sensors' build argument 'catkin_cmake_args' from command line to 'None'
[1.531s] Level 5:colcon.colcon_core.verb:set package 'rob0car_sensors' build argument 'catkin_skip_building_tests' from command line to 'False'
[1.531s] DEBUG:colcon.colcon_core.verb:Building package 'rob0car_sensors' with the following arguments: {'ament_cmake_args': None, 'build_base': '/home/mexx/ROB0Car/workspace/build/rob0car_sensors', 'catkin_cmake_args': None, 'catkin_skip_building_tests': False, 'cmake_args': None, 'cmake_clean_cache': False, 'cmake_clean_first': False, 'cmake_force_configure': False, 'cmake_target': None, 'cmake_target_skip_unavailable': False, 'install_base': '/home/mexx/ROB0Car/workspace/install/rob0car_sensors', 'merge_install': False, 'path': '/home/mexx/ROB0Car/workspace/src/rob0car_sensors', 'symlink_install': False, 'test_result_base': None}
[1.534s] INFO:colcon.colcon_core.executor:Executing jobs using 'parallel' executor
[1.541s] DEBUG:colcon.colcon_parallel_executor.executor.parallel:run_until_complete
[1.541s] INFO:colcon.colcon_ros.task.ament_python.build:Building ROS package in '/home/mexx/ROB0Car/workspace/src/rob0car_actors' with build type 'ament_python'
[1.542s] Level 1:colcon.colcon_core.shell:create_environment_hook('rob0car_actors', 'ament_prefix_path')
[1.592s] INFO:colcon.colcon_core.plugin_system:Skipping extension 'colcon_core.shell.bat': Not used on non-Windows systems
[1.595s] INFO:colcon.colcon_core.shell:Creating environment hook '/home/mexx/ROB0Car/workspace/install/rob0car_actors/share/rob0car_actors/hook/ament_prefix_path.ps1'
[1.608s] INFO:colcon.colcon_core.shell:Creating environment descriptor '/home/mexx/ROB0Car/workspace/install/rob0car_actors/share/rob0car_actors/hook/ament_prefix_path.dsv'
[1.609s] INFO:colcon.colcon_core.shell:Creating environment hook '/home/mexx/ROB0Car/workspace/install/rob0car_actors/share/rob0car_actors/hook/ament_prefix_path.sh'
[1.622s] INFO:colcon.colcon_core.shell:Skip shell extension 'powershell' for command environment: Not usable outside of PowerShell
[1.623s] DEBUG:colcon.colcon_core.shell:Skip shell extension 'dsv' for command environment
[1.668s] DEBUG:colcon.colcon_core.shell:Ignoring prefix path '/opt/ros/foxy'
[3.183s] INFO:colcon.colcon_core.task.python.build:Building Python package in '/home/mexx/ROB0Car/workspace/src/rob0car_actors'
[3.187s] INFO:colcon.colcon_core.shell:Skip shell extension 'powershell' for command environment: Not usable outside of PowerShell
[3.188s] DEBUG:colcon.colcon_core.shell:Skip shell extension 'dsv' for command environment
[3.203s] DEBUG:colcon.colcon_core.shell:Ignoring prefix path '/opt/ros/foxy'
[3.253s] DEBUG:colcon.colcon_core.event_handler.log_command:Invoking command in '/home/mexx/ROB0Car/workspace/src/rob0car_actors': PYTHONPATH=/home/mexx/ROB0Car/workspace/install/rob0car_actors/lib/python3.8/site-packages:${PYTHONPATH} /usr/bin/python3 setup.py egg_info --egg-base ../../build/rob0car_actors build --build-base /home/mexx/ROB0Car/workspace/build/rob0car_actors/build install --prefix /home/mexx/ROB0Car/workspace/install/rob0car_actors --record /home/mexx/ROB0Car/workspace/build/rob0car_actors/install.log --single-version-externally-managed
[5.190s] DEBUG:colcon.colcon_core.event_handler.log_command:Invoked command in '/home/mexx/ROB0Car/workspace/src/rob0car_actors' returned '0': PYTHONPATH=/home/mexx/ROB0Car/workspace/install/rob0car_actors/lib/python3.8/site-packages:${PYTHONPATH} /usr/bin/python3 setup.py egg_info --egg-base ../../build/rob0car_actors build --build-base /home/mexx/ROB0Car/workspace/build/rob0car_actors/build install --prefix /home/mexx/ROB0Car/workspace/install/rob0car_actors --record /home/mexx/ROB0Car/workspace/build/rob0car_actors/install.log --single-version-externally-managed
[5.257s] Level 1:colcon.colcon_core.environment:checking '/home/mexx/ROB0Car/workspace/install/rob0car_actors' for CMake module files
[5.277s] Level 1:colcon.colcon_core.environment:checking '/home/mexx/ROB0Car/workspace/install/rob0car_actors' for CMake config files
[5.300s] Level 1:colcon.colcon_core.environment:checking '/home/mexx/ROB0Car/workspace/install/rob0car_actors/lib'
[5.301s] Level 1:colcon.colcon_core.environment:checking '/home/mexx/ROB0Car/workspace/install/rob0car_actors/bin'
[5.301s] Level 1:colcon.colcon_core.environment:checking '/home/mexx/ROB0Car/workspace/install/rob0car_actors/lib/pkgconfig/rob0car_actors.pc'
[5.301s] Level 1:colcon.colcon_core.environment:checking '/home/mexx/ROB0Car/workspace/install/rob0car_actors/lib/python3.8/site-packages'
[5.301s] Level 1:colcon.colcon_core.shell:create_environment_hook('rob0car_actors', 'pythonpath')
[5.344s] INFO:colcon.colcon_core.shell:Creating environment hook '/home/mexx/ROB0Car/workspace/install/rob0car_actors/share/rob0car_actors/hook/pythonpath.ps1'
[5.346s] INFO:colcon.colcon_core.shell:Creating environment descriptor '/home/mexx/ROB0Car/workspace/install/rob0car_actors/share/rob0car_actors/hook/pythonpath.dsv'
[5.366s] INFO:colcon.colcon_core.shell:Creating environment hook '/home/mexx/ROB0Car/workspace/install/rob0car_actors/share/rob0car_actors/hook/pythonpath.sh'
[5.367s] Level 1:colcon.colcon_core.environment:create_environment_scripts_only(rob0car_actors)
[5.386s] INFO:colcon.colcon_core.shell:Creating package script '/home/mexx/ROB0Car/workspace/install/rob0car_actors/share/rob0car_actors/package.ps1'
[5.406s] INFO:colcon.colcon_core.shell:Creating package descriptor '/home/mexx/ROB0Car/workspace/install/rob0car_actors/share/rob0car_actors/package.dsv'
[5.422s] INFO:colcon.colcon_core.shell:Creating package script '/home/mexx/ROB0Car/workspace/install/rob0car_actors/share/rob0car_actors/package.sh'
[5.434s] INFO:colcon.colcon_core.shell:Creating package script '/home/mexx/ROB0Car/workspace/install/rob0car_actors/share/rob0car_actors/package.bash'
[5.455s] INFO:colcon.colcon_core.shell:Creating package script '/home/mexx/ROB0Car/workspace/install/rob0car_actors/share/rob0car_actors/package.zsh'
[5.476s] Level 1:colcon.colcon_core.environment:create_file_with_runtime_dependencies(/home/mexx/ROB0Car/workspace/install/rob0car_actors/share/colcon-core/packages/rob0car_actors)
[5.488s] INFO:colcon.colcon_ros.task.ament_python.build:Building ROS package in '/home/mexx/ROB0Car/workspace/src/rob0car_control' with build type 'ament_python'
[5.492s] Level 1:colcon.colcon_core.shell:create_environment_hook('rob0car_control', 'ament_prefix_path')
[5.494s] INFO:colcon.colcon_core.shell:Creating environment hook '/home/mexx/ROB0Car/workspace/install/rob0car_control/share/rob0car_control/hook/ament_prefix_path.ps1'
[5.516s] INFO:colcon.colcon_core.shell:Creating environment descriptor '/home/mexx/ROB0Car/workspace/install/rob0car_control/share/rob0car_control/hook/ament_prefix_path.dsv'
[5.517s] INFO:colcon.colcon_core.shell:Creating environment hook '/home/mexx/ROB0Car/workspace/install/rob0car_control/share/rob0car_control/hook/ament_prefix_path.sh'
[5.546s] INFO:colcon.colcon_core.shell:Skip shell extension 'powershell' for command environment: Not usable outside of PowerShell
[5.546s] DEBUG:colcon.colcon_core.shell:Skip shell extension 'dsv' for command environment
[5.604s] DEBUG:colcon.colcon_core.shell:Ignoring prefix path '/opt/ros/foxy'
[8.078s] INFO:colcon.colcon_core.task.python.build:Building Python package in '/home/mexx/ROB0Car/workspace/src/rob0car_control'
[8.083s] INFO:colcon.colcon_core.shell:Skip shell extension 'powershell' for command environment: Not usable outside of PowerShell
[8.085s] DEBUG:colcon.colcon_core.shell:Skip shell extension 'dsv' for command environment
[8.107s] DEBUG:colcon.colcon_core.shell:Ignoring prefix path '/opt/ros/foxy'
[8.165s] DEBUG:colcon.colcon_core.event_handler.log_command:Invoking command in '/home/mexx/ROB0Car/workspace/src/rob0car_control': PYTHONPATH=/home/mexx/ROB0Car/workspace/install/rob0car_control/lib/python3.8/site-packages:${PYTHONPATH} /usr/bin/python3 setup.py egg_info --egg-base ../../build/rob0car_control build --build-base /home/mexx/ROB0Car/workspace/build/rob0car_control/build install --prefix /home/mexx/ROB0Car/workspace/install/rob0car_control --record /home/mexx/ROB0Car/workspace/build/rob0car_control/install.log --single-version-externally-managed
[11.062s] Level 1:colcon.colcon_core.environment:checking '/home/mexx/ROB0Car/workspace/install/rob0car_control' for CMake module files
[11.063s] DEBUG:colcon.colcon_core.event_handler.log_command:Invoked command in '/home/mexx/ROB0Car/workspace/src/rob0car_control' returned '0': PYTHONPATH=/home/mexx/ROB0Car/workspace/install/rob0car_control/lib/python3.8/site-packages:${PYTHONPATH} /usr/bin/python3 setup.py egg_info --egg-base ../../build/rob0car_control build --build-base /home/mexx/ROB0Car/workspace/build/rob0car_control/build install --prefix /home/mexx/ROB0Car/workspace/install/rob0car_control --record /home/mexx/ROB0Car/workspace/build/rob0car_control/install.log --single-version-externally-managed
[11.070s] Level 1:colcon.colcon_core.environment:checking '/home/mexx/ROB0Car/workspace/install/rob0car_control' for CMake config files
[11.074s] Level 1:colcon.colcon_core.environment:checking '/home/mexx/ROB0Car/workspace/install/rob0car_control/lib'
[11.075s] Level 1:colcon.colcon_core.environment:checking '/home/mexx/ROB0Car/workspace/install/rob0car_control/bin'
[11.084s] Level 1:colcon.colcon_core.environment:checking '/home/mexx/ROB0Car/workspace/install/rob0car_control/lib/pkgconfig/rob0car_control.pc'
[11.084s] Level 1:colcon.colcon_core.environment:checking '/home/mexx/ROB0Car/workspace/install/rob0car_control/lib/python3.8/site-packages'
[11.084s] Level 1:colcon.colcon_core.shell:create_environment_hook('rob0car_control', 'pythonpath')
[11.086s] INFO:colcon.colcon_core.shell:Creating environment hook '/home/mexx/ROB0Car/workspace/install/rob0car_control/share/rob0car_control/hook/pythonpath.ps1'
[11.107s] INFO:colcon.colcon_core.shell:Creating environment descriptor '/home/mexx/ROB0Car/workspace/install/rob0car_control/share/rob0car_control/hook/pythonpath.dsv'
[11.115s] INFO:colcon.colcon_core.shell:Creating environment hook '/home/mexx/ROB0Car/workspace/install/rob0car_control/share/rob0car_control/hook/pythonpath.sh'
[11.121s] Level 1:colcon.colcon_core.environment:create_environment_scripts_only(rob0car_control)
[11.123s] INFO:colcon.colcon_core.shell:Creating package script '/home/mexx/ROB0Car/workspace/install/rob0car_control/share/rob0car_control/package.ps1'
[11.132s] INFO:colcon.colcon_core.shell:Creating package descriptor '/home/mexx/ROB0Car/workspace/install/rob0car_control/share/rob0car_control/package.dsv'
[11.133s] INFO:colcon.colcon_core.shell:Creating package script '/home/mexx/ROB0Car/workspace/install/rob0car_control/share/rob0car_control/package.sh'
[11.134s] INFO:colcon.colcon_core.shell:Creating package script '/home/mexx/ROB0Car/workspace/install/rob0car_control/share/rob0car_control/package.bash'
[11.144s] INFO:colcon.colcon_core.shell:Creating package script '/home/mexx/ROB0Car/workspace/install/rob0car_control/share/rob0car_control/package.zsh'
[11.145s] Level 1:colcon.colcon_core.environment:create_file_with_runtime_dependencies(/home/mexx/ROB0Car/workspace/install/rob0car_control/share/colcon-core/packages/rob0car_control)
[11.161s] INFO:colcon.colcon_ros.task.ament_python.build:Building ROS package in '/home/mexx/ROB0Car/workspace/src/rob0car_sensors' with build type 'ament_python'
[11.164s] Level 1:colcon.colcon_core.shell:create_environment_hook('rob0car_sensors', 'ament_prefix_path')
[11.166s] INFO:colcon.colcon_core.shell:Creating environment hook '/home/mexx/ROB0Car/workspace/install/rob0car_sensors/share/rob0car_sensors/hook/ament_prefix_path.ps1'
[11.181s] INFO:colcon.colcon_core.shell:Creating environment descriptor '/home/mexx/ROB0Car/workspace/install/rob0car_sensors/share/rob0car_sensors/hook/ament_prefix_path.dsv'
[11.194s] INFO:colcon.colcon_core.shell:Creating environment hook '/home/mexx/ROB0Car/workspace/install/rob0car_sensors/share/rob0car_sensors/hook/ament_prefix_path.sh'
[11.207s] INFO:colcon.colcon_core.shell:Skip shell extension 'powershell' for command environment: Not usable outside of PowerShell
[11.207s] DEBUG:colcon.colcon_core.shell:Skip shell extension 'dsv' for command environment
[11.235s] DEBUG:colcon.colcon_core.shell:Ignoring prefix path '/opt/ros/foxy'
[12.696s] INFO:colcon.colcon_core.task.python.build:Building Python package in '/home/mexx/ROB0Car/workspace/src/rob0car_sensors'
[12.700s] INFO:colcon.colcon_core.shell:Skip shell extension 'powershell' for command environment: Not usable outside of PowerShell
[12.701s] DEBUG:colcon.colcon_core.shell:Skip shell extension 'dsv' for command environment
[12.709s] DEBUG:colcon.colcon_core.shell:Ignoring prefix path '/opt/ros/foxy'
[12.746s] DEBUG:colcon.colcon_core.event_handler.log_command:Invoking command in '/home/mexx/ROB0Car/workspace/src/rob0car_sensors': PYTHONPATH=/home/mexx/ROB0Car/workspace/install/rob0car_sensors/lib/python3.8/site-packages:${PYTHONPATH} /usr/bin/python3 setup.py egg_info --egg-base ../../build/rob0car_sensors build --build-base /home/mexx/ROB0Car/workspace/build/rob0car_sensors/build install --prefix /home/mexx/ROB0Car/workspace/install/rob0car_sensors --record /home/mexx/ROB0Car/workspace/build/rob0car_sensors/install.log --single-version-externally-managed
[14.461s] Level 1:colcon.colcon_core.environment:checking '/home/mexx/ROB0Car/workspace/install/rob0car_sensors' for CMake module files
[14.462s] DEBUG:colcon.colcon_core.event_handler.log_command:Invoked command in '/home/mexx/ROB0Car/workspace/src/rob0car_sensors' returned '0': PYTHONPATH=/home/mexx/ROB0Car/workspace/install/rob0car_sensors/lib/python3.8/site-packages:${PYTHONPATH} /usr/bin/python3 setup.py egg_info --egg-base ../../build/rob0car_sensors build --build-base /home/mexx/ROB0Car/workspace/build/rob0car_sensors/build install --prefix /home/mexx/ROB0Car/workspace/install/rob0car_sensors --record /home/mexx/ROB0Car/workspace/build/rob0car_sensors/install.log --single-version-externally-managed
[14.475s] Level 1:colcon.colcon_core.environment:checking '/home/mexx/ROB0Car/workspace/install/rob0car_sensors' for CMake config files
[14.491s] Level 1:colcon.colcon_core.environment:checking '/home/mexx/ROB0Car/workspace/install/rob0car_sensors/lib'
[14.492s] Level 1:colcon.colcon_core.environment:checking '/home/mexx/ROB0Car/workspace/install/rob0car_sensors/bin'
[14.494s] Level 1:colcon.colcon_core.environment:checking '/home/mexx/ROB0Car/workspace/install/rob0car_sensors/lib/pkgconfig/rob0car_sensors.pc'
[14.494s] Level 1:colcon.colcon_core.environment:checking '/home/mexx/ROB0Car/workspace/install/rob0car_sensors/lib/python3.8/site-packages'
[14.494s] Level 1:colcon.colcon_core.shell:create_environment_hook('rob0car_sensors', 'pythonpath')
[14.503s] INFO:colcon.colcon_core.shell:Creating environment hook '/home/mexx/ROB0Car/workspace/install/rob0car_sensors/share/rob0car_sensors/hook/pythonpath.ps1'
[14.508s] INFO:colcon.colcon_core.shell:Creating environment descriptor '/home/mexx/ROB0Car/workspace/install/rob0car_sensors/share/rob0car_sensors/hook/pythonpath.dsv'
[14.511s] INFO:colcon.colcon_core.shell:Creating environment hook '/home/mexx/ROB0Car/workspace/install/rob0car_sensors/share/rob0car_sensors/hook/pythonpath.sh'
[14.515s] Level 1:colcon.colcon_core.environment:create_environment_scripts_only(rob0car_sensors)
[14.518s] INFO:colcon.colcon_core.shell:Creating package script '/home/mexx/ROB0Car/workspace/install/rob0car_sensors/share/rob0car_sensors/package.ps1'
[14.524s] INFO:colcon.colcon_core.shell:Creating package descriptor '/home/mexx/ROB0Car/workspace/install/rob0car_sensors/share/rob0car_sensors/package.dsv'
[14.528s] INFO:colcon.colcon_core.shell:Creating package script '/home/mexx/ROB0Car/workspace/install/rob0car_sensors/share/rob0car_sensors/package.sh'
[14.531s] INFO:colcon.colcon_core.shell:Creating package script '/home/mexx/ROB0Car/workspace/install/rob0car_sensors/share/rob0car_sensors/package.bash'
[14.536s] INFO:colcon.colcon_core.shell:Creating package script '/home/mexx/ROB0Car/workspace/install/rob0car_sensors/share/rob0car_sensors/package.zsh'
[14.538s] Level 1:colcon.colcon_core.environment:create_file_with_runtime_dependencies(/home/mexx/ROB0Car/workspace/install/rob0car_sensors/share/colcon-core/packages/rob0car_sensors)
[14.548s] DEBUG:colcon.colcon_parallel_executor.executor.parallel:closing loop
[14.550s] DEBUG:colcon.colcon_parallel_executor.executor.parallel:loop closed
[14.550s] DEBUG:colcon.colcon_parallel_executor.executor.parallel:run_until_complete finished with '0'
[14.551s] DEBUG:colcon.colcon_core.event_reactor:joining thread
[14.611s] INFO:colcon.colcon_core.plugin_system:Skipping extension 'colcon_notification.desktop_notification.terminal_notifier': Not used on non-Darwin systems
[14.614s] INFO:colcon.colcon_core.plugin_system:Skipping extension 'colcon_notification.desktop_notification.win32': Not used on non-Windows systems
[14.616s] INFO:colcon.colcon_notification.desktop_notification:Sending desktop notification using 'notify2'
[14.747s] DEBUG:colcon.colcon_core.event_reactor:joined thread
[14.751s] INFO:colcon.colcon_core.shell:Creating prefix script '/home/mexx/ROB0Car/workspace/install/local_setup.ps1'
[14.767s] INFO:colcon.colcon_core.shell:Creating prefix util module '/home/mexx/ROB0Car/workspace/install/_local_setup_util_ps1.py'
[14.783s] INFO:colcon.colcon_core.shell:Creating prefix chain script '/home/mexx/ROB0Car/workspace/install/setup.ps1'
[14.812s] INFO:colcon.colcon_core.shell:Creating prefix script '/home/mexx/ROB0Car/workspace/install/local_setup.sh'
[14.820s] INFO:colcon.colcon_core.shell:Creating prefix util module '/home/mexx/ROB0Car/workspace/install/_local_setup_util_sh.py'
[14.823s] INFO:colcon.colcon_core.shell:Creating prefix chain script '/home/mexx/ROB0Car/workspace/install/setup.sh'
[14.858s] INFO:colcon.colcon_core.shell:Creating prefix script '/home/mexx/ROB0Car/workspace/install/local_setup.bash'
[14.867s] INFO:colcon.colcon_core.shell:Creating prefix chain script '/home/mexx/ROB0Car/workspace/install/setup.bash'
[14.905s] INFO:colcon.colcon_core.shell:Creating prefix script '/home/mexx/ROB0Car/workspace/install/local_setup.zsh'
[14.912s] INFO:colcon.colcon_core.shell:Creating prefix chain script '/home/mexx/ROB0Car/workspace/install/setup.zsh'
