[0.182s] Invoking command in '/home/mexx/ROB0Car/workspace/src/build/rob0car_launch': AMENT_PREFIX_PATH=/home/mexx/ROB0Car/workspace/src/install/rob0car_sensors:/home/mexx/ROB0Car/workspace/src/install/rob0car_control:/home/mexx/ROB0Car/workspace/src/install/rob0car_actors:/home/mexx/ROB0Car/workspace/src/install/rob0car_launch:/home/mexx/ROB0Car/workspace/install/rob0car_control:/home/mexx/ROB0Car/workspace/install/rob0car_actors:/home/mexx/ROB0Car/workspace/install/rob0car_sensors:/opt/ros/foxy CMAKE_PREFIX_PATH=${CMAKE_PREFIX_PATH}:/home/mexx/ROB0Car/workspace/src/install/rob0car_sensors:/home/mexx/ROB0Car/workspace/src/install/rob0car_control:/home/mexx/ROB0Car/workspace/src/install/rob0car_actors:/home/mexx/ROB0Car/workspace/install/rob0car_control:/home/mexx/ROB0Car/workspace/install/rob0car_actors:/home/mexx/ROB0Car/workspace/install/rob0car_sensors:/opt/ros/foxy /usr/bin/cmake --build /home/mexx/ROB0Car/workspace/src/build/rob0car_launch -- -j1 -l1
[0.390s] Invoked command in '/home/mexx/ROB0Car/workspace/src/build/rob0car_launch' returned '0': AMENT_PREFIX_PATH=/home/mexx/ROB0Car/workspace/src/install/rob0car_sensors:/home/mexx/ROB0Car/workspace/src/install/rob0car_control:/home/mexx/ROB0Car/workspace/src/install/rob0car_actors:/home/mexx/ROB0Car/workspace/src/install/rob0car_launch:/home/mexx/ROB0Car/workspace/install/rob0car_control:/home/mexx/ROB0Car/workspace/install/rob0car_actors:/home/mexx/ROB0Car/workspace/install/rob0car_sensors:/opt/ros/foxy CMAKE_PREFIX_PATH=${CMAKE_PREFIX_PATH}:/home/mexx/ROB0Car/workspace/src/install/rob0car_sensors:/home/mexx/ROB0Car/workspace/src/install/rob0car_control:/home/mexx/ROB0Car/workspace/src/install/rob0car_actors:/home/mexx/ROB0Car/workspace/install/rob0car_control:/home/mexx/ROB0Car/workspace/install/rob0car_actors:/home/mexx/ROB0Car/workspace/install/rob0car_sensors:/opt/ros/foxy /usr/bin/cmake --build /home/mexx/ROB0Car/workspace/src/build/rob0car_launch -- -j1 -l1
[0.524s] Invoking command in '/home/mexx/ROB0Car/workspace/src/build/rob0car_launch': AMENT_PREFIX_PATH=/home/mexx/ROB0Car/workspace/src/install/rob0car_sensors:/home/mexx/ROB0Car/workspace/src/install/rob0car_control:/home/mexx/ROB0Car/workspace/src/install/rob0car_actors:/home/mexx/ROB0Car/workspace/src/install/rob0car_launch:/home/mexx/ROB0Car/workspace/install/rob0car_control:/home/mexx/ROB0Car/workspace/install/rob0car_actors:/home/mexx/ROB0Car/workspace/install/rob0car_sensors:/opt/ros/foxy CMAKE_PREFIX_PATH=${CMAKE_PREFIX_PATH}:/home/mexx/ROB0Car/workspace/src/install/rob0car_sensors:/home/mexx/ROB0Car/workspace/src/install/rob0car_control:/home/mexx/ROB0Car/workspace/src/install/rob0car_actors:/home/mexx/ROB0Car/workspace/install/rob0car_control:/home/mexx/ROB0Car/workspace/install/rob0car_actors:/home/mexx/ROB0Car/workspace/install/rob0car_sensors:/opt/ros/foxy /usr/bin/cmake --install /home/mexx/ROB0Car/workspace/src/build/rob0car_launch
[0.597s] -- Install configuration: ""
[0.602s] -- Up-to-date: /home/mexx/ROB0Car/workspace/src/install/rob0car_launch/share/rob0car_launch/launch
[0.604s] -- Installing: /home/mexx/ROB0Car/workspace/src/install/rob0car_launch/share/rob0car_launch/launch/rob0car.launch.py
[0.606s] -- Up-to-date: /home/mexx/ROB0Car/workspace/src/install/rob0car_launch/share/ament_index/resource_index/package_run_dependencies/rob0car_launch
[0.608s] -- Up-to-date: /home/mexx/ROB0Car/workspace/src/install/rob0car_launch/share/ament_index/resource_index/parent_prefix_path/rob0car_launch
[0.608s] -- Up-to-date: /home/mexx/ROB0Car/workspace/src/install/rob0car_launch/share/rob0car_launch/environment/ament_prefix_path.sh
[0.609s] -- Up-to-date: /home/mexx/ROB0Car/workspace/src/install/rob0car_launch/share/rob0car_launch/environment/ament_prefix_path.dsv
[0.610s] -- Up-to-date: /home/mexx/ROB0Car/workspace/src/install/rob0car_launch/share/rob0car_launch/environment/path.sh
[0.611s] -- Up-to-date: /home/mexx/ROB0Car/workspace/src/install/rob0car_launch/share/rob0car_launch/environment/path.dsv
[0.612s] -- Up-to-date: /home/mexx/ROB0Car/workspace/src/install/rob0car_launch/share/rob0car_launch/local_setup.bash
[0.614s] -- Up-to-date: /home/mexx/ROB0Car/workspace/src/install/rob0car_launch/share/rob0car_launch/local_setup.sh
[0.614s] -- Up-to-date: /home/mexx/ROB0Car/workspace/src/install/rob0car_launch/share/rob0car_launch/local_setup.zsh
[0.616s] -- Up-to-date: /home/mexx/ROB0Car/workspace/src/install/rob0car_launch/share/rob0car_launch/local_setup.dsv
[0.617s] -- Installing: /home/mexx/ROB0Car/workspace/src/install/rob0car_launch/share/rob0car_launch/package.dsv
[0.619s] -- Up-to-date: /home/mexx/ROB0Car/workspace/src/install/rob0car_launch/share/ament_index/resource_index/packages/rob0car_launch
[0.619s] -- Up-to-date: /home/mexx/ROB0Car/workspace/src/install/rob0car_launch/share/rob0car_launch/cmake/rob0car_launchConfig.cmake
[0.620s] -- Up-to-date: /home/mexx/ROB0Car/workspace/src/install/rob0car_launch/share/rob0car_launch/cmake/rob0car_launchConfig-version.cmake
[0.621s] -- Up-to-date: /home/mexx/ROB0Car/workspace/src/install/rob0car_launch/share/rob0car_launch/package.xml
[0.637s] Invoked command in '/home/mexx/ROB0Car/workspace/src/build/rob0car_launch' returned '0': AMENT_PREFIX_PATH=/home/mexx/ROB0Car/workspace/src/install/rob0car_sensors:/home/mexx/ROB0Car/workspace/src/install/rob0car_control:/home/mexx/ROB0Car/workspace/src/install/rob0car_actors:/home/mexx/ROB0Car/workspace/src/install/rob0car_launch:/home/mexx/ROB0Car/workspace/install/rob0car_control:/home/mexx/ROB0Car/workspace/install/rob0car_actors:/home/mexx/ROB0Car/workspace/install/rob0car_sensors:/opt/ros/foxy CMAKE_PREFIX_PATH=${CMAKE_PREFIX_PATH}:/home/mexx/ROB0Car/workspace/src/install/rob0car_sensors:/home/mexx/ROB0Car/workspace/src/install/rob0car_control:/home/mexx/ROB0Car/workspace/src/install/rob0car_actors:/home/mexx/ROB0Car/workspace/install/rob0car_control:/home/mexx/ROB0Car/workspace/install/rob0car_actors:/home/mexx/ROB0Car/workspace/install/rob0car_sensors:/opt/ros/foxy /usr/bin/cmake --install /home/mexx/ROB0Car/workspace/src/build/rob0car_launch
