[0.196s] Invoking command in '/home/mexx/ROB0Car/workspace/src/build/rob0car_interfaces': CMAKE_PREFIX_PATH=${CMAKE_PREFIX_PATH}:/home/mexx/ROB0Car/workspace/src/install/rob0car_sensors:/home/mexx/ROB0Car/workspace/src/install/rob0car_control:/home/mexx/ROB0Car/workspace/src/install/rob0car_actors:/home/mexx/ROB0Car/workspace/install/rob0car_control:/home/mexx/ROB0Car/workspace/install/rob0car_actors:/home/mexx/ROB0Car/workspace/install/rob0car_sensors:/opt/ros/foxy /usr/bin/cmake /home/mexx/ROB0Car/workspace/src/rob0car_interfaces -DCMAKE_INSTALL_PREFIX=/home/mexx/ROB0Car/workspace/src/install/rob0car_interfaces
[1.216s] -- The C compiler identification is GNU 9.3.0
[2.267s] -- The CXX compiler identification is GNU 9.3.0
[2.346s] -- Check for working C compiler: /usr/bin/cc
[3.288s] -- Check for working C compiler: /usr/bin/cc -- works
[3.299s] -- Detecting C compiler ABI info
[4.522s] -- Detecting C compiler ABI info - done
[4.817s] -- Detecting C compile features
[4.826s] -- Detecting C compile features - done
[4.875s] -- Check for working CXX compiler: /usr/bin/c++
[6.491s] -- Check for working CXX compiler: /usr/bin/c++ -- works
[6.522s] -- Detecting CXX compiler ABI info
[7.708s] -- Detecting CXX compiler ABI info - done
[8.125s] -- Detecting CXX compile features
[8.139s] -- Detecting CXX compile features - done
[8.207s] -- Found ament_cmake: 0.9.9 (/opt/ros/foxy/share/ament_cmake/cmake)
[8.672s] -- Found PythonInterp: /usr/bin/python3 (found suitable version "3.8.10", minimum required is "3") 
[8.685s] -- Using PYTHON_EXECUTABLE: /usr/bin/python3
[11.459s] -- Found rosidl_default_generators: 1.0.1 (/opt/ros/foxy/share/rosidl_default_generators/cmake)
[11.531s] -- Using all available rosidl_typesupport_c: rosidl_typesupport_fastrtps_c;rosidl_typesupport_introspection_c
[11.641s] -- Found rosidl_adapter: 1.2.1 (/opt/ros/foxy/share/rosidl_adapter/cmake)
[13.146s] -- Found OpenSSL: /usr/lib/x86_64-linux-gnu/libcrypto.so (found version "1.1.1f")  
[13.616s] -- Found FastRTPS: /opt/ros/foxy/include  
[14.934s] -- Using all available rosidl_typesupport_cpp: rosidl_typesupport_fastrtps_cpp;rosidl_typesupport_introspection_cpp
[16.319s] -- Found PythonInterp: /usr/bin/python3 (found version "3.8.10") 
[17.904s] -- Found ament_cmake_ros: 0.9.2 (/opt/ros/foxy/share/ament_cmake_ros/cmake)
[19.505s] -- Using all available rosidl_typesupport_c: rosidl_typesupport_fastrtps_c;rosidl_typesupport_introspection_c
[19.823s] -- Using all available rosidl_typesupport_cpp: rosidl_typesupport_fastrtps_cpp;rosidl_typesupport_introspection_cpp
[20.677s] -- Found PythonInterp: /usr/bin/python3 (found suitable version "3.8.10", minimum required is "3.5") 
[20.724s] -- Found python_cmake_module: 0.8.1 (/opt/ros/foxy/share/python_cmake_module/cmake)
[21.472s] -- Found PythonLibs: /usr/lib/x86_64-linux-gnu/libpython3.8.so (found suitable version "3.8.10", minimum required is "3.5") 
[21.477s] -- Using PYTHON_EXECUTABLE: /usr/bin/python3
[21.479s] -- Using PYTHON_INCLUDE_DIRS: /usr/include/python3.8
[21.480s] -- Using PYTHON_LIBRARIES: /usr/lib/x86_64-linux-gnu/libpython3.8.so
[21.795s] -- Found PythonExtra: .so  
[22.583s] -- Found ament_lint_auto: 0.9.6 (/opt/ros/foxy/share/ament_lint_auto/cmake)
[23.012s] -- Added test 'copyright' to check source files copyright and LICENSE
[23.079s] -- Added test 'flake8' to check Python code syntax and style conventions
[23.091s] -- Added test 'lint_cmake' to check CMake code style
[23.111s] -- Added test 'pep257' to check Python code against some of the style conventions in PEP 257
[23.147s] -- Added test 'xmllint' to check XML markup files
[23.247s] -- Configuring done
[23.985s] -- Generating done
[24.064s] -- Build files have been written to: /home/mexx/ROB0Car/workspace/src/build/rob0car_interfaces
[24.162s] Invoked command in '/home/mexx/ROB0Car/workspace/src/build/rob0car_interfaces' returned '0': CMAKE_PREFIX_PATH=${CMAKE_PREFIX_PATH}:/home/mexx/ROB0Car/workspace/src/install/rob0car_sensors:/home/mexx/ROB0Car/workspace/src/install/rob0car_control:/home/mexx/ROB0Car/workspace/src/install/rob0car_actors:/home/mexx/ROB0Car/workspace/install/rob0car_control:/home/mexx/ROB0Car/workspace/install/rob0car_actors:/home/mexx/ROB0Car/workspace/install/rob0car_sensors:/opt/ros/foxy /usr/bin/cmake /home/mexx/ROB0Car/workspace/src/rob0car_interfaces -DCMAKE_INSTALL_PREFIX=/home/mexx/ROB0Car/workspace/src/install/rob0car_interfaces
[24.164s] Invoking command in '/home/mexx/ROB0Car/workspace/src/build/rob0car_interfaces': CMAKE_PREFIX_PATH=${CMAKE_PREFIX_PATH}:/home/mexx/ROB0Car/workspace/src/install/rob0car_sensors:/home/mexx/ROB0Car/workspace/src/install/rob0car_control:/home/mexx/ROB0Car/workspace/src/install/rob0car_actors:/home/mexx/ROB0Car/workspace/install/rob0car_control:/home/mexx/ROB0Car/workspace/install/rob0car_actors:/home/mexx/ROB0Car/workspace/install/rob0car_sensors:/opt/ros/foxy /usr/bin/cmake --build /home/mexx/ROB0Car/workspace/src/build/rob0car_interfaces -- -j1 -l1
[24.950s] [35m[1mScanning dependencies of target rob0car_interfaces__cpp[0m
[25.113s] [  3%] [34m[1mGenerating C++ code for ROS interfaces[0m
[30.062s] [  3%] Built target rob0car_interfaces__cpp
[30.236s] [  6%] [34m[1mGenerating C code for ROS interfaces[0m
[35.438s] [35m[1mScanning dependencies of target rob0car_interfaces__rosidl_generator_c[0m
[35.666s] [  9%] [32mBuilding C object CMakeFiles/rob0car_interfaces__rosidl_generator_c.dir/rosidl_generator_c/rob0car_interfaces/msg/detail/esc__functions.c.o[0m
[36.412s] [ 12%] [32m[1mLinking C shared library librob0car_interfaces__rosidl_generator_c.so[0m
[37.407s] [ 12%] Built target rob0car_interfaces__rosidl_generator_c
[37.714s] [ 16%] [34m[1mGenerating C introspection for ROS interfaces[0m
[43.614s] [35m[1mScanning dependencies of target rob0car_interfaces__rosidl_typesupport_introspection_c[0m
[43.781s] [ 19%] [32mBuilding C object CMakeFiles/rob0car_interfaces__rosidl_typesupport_introspection_c.dir/rosidl_typesupport_introspection_c/rob0car_interfaces/msg/detail/esc__type_support.c.o[0m
[44.443s] [ 22%] [32m[1mLinking C shared library librob0car_interfaces__rosidl_typesupport_introspection_c.so[0m
[45.132s] [ 22%] Built target rob0car_interfaces__rosidl_typesupport_introspection_c
[45.270s] [ 25%] [34m[1mGenerating C type support dispatch for ROS interfaces[0m
[49.320s] [35m[1mScanning dependencies of target rob0car_interfaces__rosidl_typesupport_c[0m
[49.583s] [ 29%] [32mBuilding CXX object CMakeFiles/rob0car_interfaces__rosidl_typesupport_c.dir/rosidl_typesupport_c/rob0car_interfaces/msg/esc__type_support.cpp.o[0m
[50.040s] [ 32%] [32m[1mLinking CXX shared library librob0car_interfaces__rosidl_typesupport_c.so[0m
[50.519s] [ 32%] Built target rob0car_interfaces__rosidl_typesupport_c
[50.684s] [ 35%] [34m[1mGenerating C++ type support for eProsima Fast-RTPS[0m
[53.694s] [35m[1mScanning dependencies of target rob0car_interfaces__rosidl_typesupport_fastrtps_cpp[0m
[53.895s] [ 38%] [32mBuilding CXX object CMakeFiles/rob0car_interfaces__rosidl_typesupport_fastrtps_cpp.dir/rosidl_typesupport_fastrtps_cpp/rob0car_interfaces/msg/detail/dds_fastrtps/esc__type_support.cpp.o[0m
[60.475s] [ 41%] [32m[1mLinking CXX shared library librob0car_interfaces__rosidl_typesupport_fastrtps_cpp.so[0m
[62.623s] [ 41%] Built target rob0car_interfaces__rosidl_typesupport_fastrtps_cpp
[62.868s] [ 45%] [34m[1mGenerating C type support for eProsima Fast-RTPS[0m
[66.171s] [35m[1mScanning dependencies of target rob0car_interfaces__rosidl_typesupport_fastrtps_c[0m
[66.356s] [ 48%] [32mBuilding CXX object CMakeFiles/rob0car_interfaces__rosidl_typesupport_fastrtps_c.dir/rosidl_typesupport_fastrtps_c/rob0car_interfaces/msg/detail/esc__type_support_c.cpp.o[0m
[71.847s] [ 51%] [32m[1mLinking CXX shared library librob0car_interfaces__rosidl_typesupport_fastrtps_c.so[0m
[73.168s] [ 51%] Built target rob0car_interfaces__rosidl_typesupport_fastrtps_c
[73.285s] [ 54%] [34m[1mGenerating C++ introspection for ROS interfaces[0m
[76.203s] [35m[1mScanning dependencies of target rob0car_interfaces__rosidl_typesupport_introspection_cpp[0m
[76.385s] [ 58%] [32mBuilding CXX object CMakeFiles/rob0car_interfaces__rosidl_typesupport_introspection_cpp.dir/rosidl_typesupport_introspection_cpp/rob0car_interfaces/msg/detail/esc__type_support.cpp.o[0m
[81.461s] [ 61%] [32m[1mLinking CXX shared library librob0car_interfaces__rosidl_typesupport_introspection_cpp.so[0m
[82.259s] [ 61%] Built target rob0car_interfaces__rosidl_typesupport_introspection_cpp
[82.441s] [ 64%] [34m[1mGenerating C++ type support dispatch for ROS interfaces[0m
[85.132s] [35m[1mScanning dependencies of target rob0car_interfaces__rosidl_typesupport_cpp[0m
[85.287s] [ 67%] [32mBuilding CXX object CMakeFiles/rob0car_interfaces__rosidl_typesupport_cpp.dir/rosidl_typesupport_cpp/rob0car_interfaces/msg/esc__type_support.cpp.o[0m
[89.502s] [ 70%] [32m[1mLinking CXX shared library librob0car_interfaces__rosidl_typesupport_cpp.so[0m
[90.205s] [ 70%] Built target rob0car_interfaces__rosidl_typesupport_cpp
[90.364s] [35m[1mScanning dependencies of target rob0car_interfaces[0m
[90.506s] [ 70%] Built target rob0car_interfaces
[90.727s] [35m[1mScanning dependencies of target rob0car_interfaces__py[0m
[90.935s] [ 74%] [34m[1mGenerating Python code for ROS interfaces[0m
[96.410s] [ 74%] Built target rob0car_interfaces__py
[96.508s] [35m[1mScanning dependencies of target rob0car_interfaces__python[0m
[96.884s] [ 77%] [32mBuilding C object CMakeFiles/rob0car_interfaces__python.dir/rosidl_generator_py/rob0car_interfaces/msg/_esc_s.c.o[0m
[98.910s] [ 80%] [32m[1mLinking C shared library rosidl_generator_py/rob0car_interfaces/librob0car_interfaces__python.so[0m
[99.468s] [ 80%] Built target rob0car_interfaces__python
[99.568s] [35m[1mScanning dependencies of target rob0car_interfaces__rosidl_typesupport_c__pyext[0m
[99.800s] [ 83%] [32mBuilding C object CMakeFiles/rob0car_interfaces__rosidl_typesupport_c__pyext.dir/rosidl_generator_py/rob0car_interfaces/_rob0car_interfaces_s.ep.rosidl_typesupport_c.c.o[0m
[101.151s] [ 87%] [32m[1mLinking C shared library rosidl_generator_py/rob0car_interfaces/rob0car_interfaces_s__rosidl_typesupport_c.cpython-38-x86_64-linux-gnu.so[0m
[101.619s] [ 87%] Built target rob0car_interfaces__rosidl_typesupport_c__pyext
[101.745s] [35m[1mScanning dependencies of target rob0car_interfaces__rosidl_typesupport_introspection_c__pyext[0m
[102.048s] [ 90%] [32mBuilding C object CMakeFiles/rob0car_interfaces__rosidl_typesupport_introspection_c__pyext.dir/rosidl_generator_py/rob0car_interfaces/_rob0car_interfaces_s.ep.rosidl_typesupport_introspection_c.c.o[0m
[104.053s] [ 93%] [32m[1mLinking C shared library rosidl_generator_py/rob0car_interfaces/rob0car_interfaces_s__rosidl_typesupport_introspection_c.cpython-38-x86_64-linux-gnu.so[0m
[104.541s] [ 93%] Built target rob0car_interfaces__rosidl_typesupport_introspection_c__pyext
[104.644s] [35m[1mScanning dependencies of target rob0car_interfaces__rosidl_typesupport_fastrtps_c__pyext[0m
[104.918s] [ 96%] [32mBuilding C object CMakeFiles/rob0car_interfaces__rosidl_typesupport_fastrtps_c__pyext.dir/rosidl_generator_py/rob0car_interfaces/_rob0car_interfaces_s.ep.rosidl_typesupport_fastrtps_c.c.o[0m
[106.581s] [100%] [32m[1mLinking CXX shared library rosidl_generator_py/rob0car_interfaces/rob0car_interfaces_s__rosidl_typesupport_fastrtps_c.cpython-38-x86_64-linux-gnu.so[0m
[108.467s] [100%] Built target rob0car_interfaces__rosidl_typesupport_fastrtps_c__pyext
[108.608s] Invoked command in '/home/mexx/ROB0Car/workspace/src/build/rob0car_interfaces' returned '0': CMAKE_PREFIX_PATH=${CMAKE_PREFIX_PATH}:/home/mexx/ROB0Car/workspace/src/install/rob0car_sensors:/home/mexx/ROB0Car/workspace/src/install/rob0car_control:/home/mexx/ROB0Car/workspace/src/install/rob0car_actors:/home/mexx/ROB0Car/workspace/install/rob0car_control:/home/mexx/ROB0Car/workspace/install/rob0car_actors:/home/mexx/ROB0Car/workspace/install/rob0car_sensors:/opt/ros/foxy /usr/bin/cmake --build /home/mexx/ROB0Car/workspace/src/build/rob0car_interfaces -- -j1 -l1
[110.069s] Invoking command in '/home/mexx/ROB0Car/workspace/src/build/rob0car_interfaces': CMAKE_PREFIX_PATH=${CMAKE_PREFIX_PATH}:/home/mexx/ROB0Car/workspace/src/install/rob0car_sensors:/home/mexx/ROB0Car/workspace/src/install/rob0car_control:/home/mexx/ROB0Car/workspace/src/install/rob0car_actors:/home/mexx/ROB0Car/workspace/install/rob0car_control:/home/mexx/ROB0Car/workspace/install/rob0car_actors:/home/mexx/ROB0Car/workspace/install/rob0car_sensors:/opt/ros/foxy /usr/bin/cmake --install /home/mexx/ROB0Car/workspace/src/build/rob0car_interfaces
[110.363s] -- Install configuration: ""
[110.393s] -- Installing: /home/mexx/ROB0Car/workspace/src/install/rob0car_interfaces/share/ament_index/resource_index/rosidl_interfaces/rob0car_interfaces
[110.411s] -- Installing: /home/mexx/ROB0Car/workspace/src/install/rob0car_interfaces/include/rob0car_interfaces
[110.416s] -- Installing: /home/mexx/ROB0Car/workspace/src/install/rob0car_interfaces/include/rob0car_interfaces/msg
[110.419s] -- Installing: /home/mexx/ROB0Car/workspace/src/install/rob0car_interfaces/include/rob0car_interfaces/msg/rosidl_generator_c__visibility_control.h
[110.425s] -- Installing: /home/mexx/ROB0Car/workspace/src/install/rob0car_interfaces/include/rob0car_interfaces/msg/detail
[110.428s] -- Installing: /home/mexx/ROB0Car/workspace/src/install/rob0car_interfaces/include/rob0car_interfaces/msg/detail/esc__struct.h
[110.434s] -- Installing: /home/mexx/ROB0Car/workspace/src/install/rob0car_interfaces/include/rob0car_interfaces/msg/detail/esc__type_support.h
[110.440s] -- Installing: /home/mexx/ROB0Car/workspace/src/install/rob0car_interfaces/include/rob0car_interfaces/msg/detail/esc__functions.c
[110.443s] -- Installing: /home/mexx/ROB0Car/workspace/src/install/rob0car_interfaces/include/rob0car_interfaces/msg/detail/esc__functions.h
[110.448s] -- Installing: /home/mexx/ROB0Car/workspace/src/install/rob0car_interfaces/include/rob0car_interfaces/msg/esc.h
[110.452s] -- Installing: /home/mexx/ROB0Car/workspace/src/install/rob0car_interfaces/share/rob0car_interfaces/environment/library_path.sh
[110.454s] -- Installing: /home/mexx/ROB0Car/workspace/src/install/rob0car_interfaces/share/rob0car_interfaces/environment/library_path.dsv
[110.458s] -- Installing: /home/mexx/ROB0Car/workspace/src/install/rob0car_interfaces/lib/librob0car_interfaces__rosidl_generator_c.so
[110.474s] -- Set runtime path of "/home/mexx/ROB0Car/workspace/src/install/rob0car_interfaces/lib/librob0car_interfaces__rosidl_generator_c.so" to ""
[110.475s] -- Up-to-date: /home/mexx/ROB0Car/workspace/src/install/rob0car_interfaces/include/rob0car_interfaces
[110.475s] -- Up-to-date: /home/mexx/ROB0Car/workspace/src/install/rob0car_interfaces/include/rob0car_interfaces/msg
[110.476s] -- Installing: /home/mexx/ROB0Car/workspace/src/install/rob0car_interfaces/include/rob0car_interfaces/msg/rosidl_typesupport_fastrtps_c__visibility_control.h
[110.477s] -- Up-to-date: /home/mexx/ROB0Car/workspace/src/install/rob0car_interfaces/include/rob0car_interfaces/msg/detail
[110.477s] -- Installing: /home/mexx/ROB0Car/workspace/src/install/rob0car_interfaces/include/rob0car_interfaces/msg/detail/esc__rosidl_typesupport_fastrtps_c.h
[110.495s] -- Installing: /home/mexx/ROB0Car/workspace/src/install/rob0car_interfaces/lib/librob0car_interfaces__rosidl_typesupport_fastrtps_c.so
[110.503s] -- Set runtime path of "/home/mexx/ROB0Car/workspace/src/install/rob0car_interfaces/lib/librob0car_interfaces__rosidl_typesupport_fastrtps_c.so" to ""
[110.505s] -- Up-to-date: /home/mexx/ROB0Car/workspace/src/install/rob0car_interfaces/include/rob0car_interfaces
[110.506s] -- Up-to-date: /home/mexx/ROB0Car/workspace/src/install/rob0car_interfaces/include/rob0car_interfaces/msg
[110.507s] -- Installing: /home/mexx/ROB0Car/workspace/src/install/rob0car_interfaces/include/rob0car_interfaces/msg/rosidl_typesupport_fastrtps_cpp__visibility_control.h
[110.510s] -- Up-to-date: /home/mexx/ROB0Car/workspace/src/install/rob0car_interfaces/include/rob0car_interfaces/msg/detail
[110.511s] -- Installing: /home/mexx/ROB0Car/workspace/src/install/rob0car_interfaces/include/rob0car_interfaces/msg/detail/dds_fastrtps
[110.514s] -- Installing: /home/mexx/ROB0Car/workspace/src/install/rob0car_interfaces/include/rob0car_interfaces/msg/detail/esc__rosidl_typesupport_fastrtps_cpp.hpp
[110.521s] -- Installing: /home/mexx/ROB0Car/workspace/src/install/rob0car_interfaces/lib/librob0car_interfaces__rosidl_typesupport_fastrtps_cpp.so
[110.539s] -- Set runtime path of "/home/mexx/ROB0Car/workspace/src/install/rob0car_interfaces/lib/librob0car_interfaces__rosidl_typesupport_fastrtps_cpp.so" to ""
[110.551s] -- Up-to-date: /home/mexx/ROB0Car/workspace/src/install/rob0car_interfaces/include/rob0car_interfaces
[110.554s] -- Up-to-date: /home/mexx/ROB0Car/workspace/src/install/rob0car_interfaces/include/rob0car_interfaces/msg
[110.556s] -- Up-to-date: /home/mexx/ROB0Car/workspace/src/install/rob0car_interfaces/include/rob0car_interfaces/msg/detail
[110.557s] -- Installing: /home/mexx/ROB0Car/workspace/src/install/rob0car_interfaces/include/rob0car_interfaces/msg/detail/esc__rosidl_typesupport_introspection_c.h
[110.558s] -- Installing: /home/mexx/ROB0Car/workspace/src/install/rob0car_interfaces/include/rob0car_interfaces/msg/detail/esc__type_support.c
[110.559s] -- Installing: /home/mexx/ROB0Car/workspace/src/install/rob0car_interfaces/include/rob0car_interfaces/msg/rosidl_typesupport_introspection_c__visibility_control.h
[110.562s] -- Installing: /home/mexx/ROB0Car/workspace/src/install/rob0car_interfaces/lib/librob0car_interfaces__rosidl_typesupport_introspection_c.so
[110.570s] -- Set runtime path of "/home/mexx/ROB0Car/workspace/src/install/rob0car_interfaces/lib/librob0car_interfaces__rosidl_typesupport_introspection_c.so" to ""
[110.577s] -- Installing: /home/mexx/ROB0Car/workspace/src/install/rob0car_interfaces/lib/librob0car_interfaces__rosidl_typesupport_c.so
[110.581s] -- Set runtime path of "/home/mexx/ROB0Car/workspace/src/install/rob0car_interfaces/lib/librob0car_interfaces__rosidl_typesupport_c.so" to ""
[110.594s] -- Up-to-date: /home/mexx/ROB0Car/workspace/src/install/rob0car_interfaces/include/rob0car_interfaces
[110.595s] -- Up-to-date: /home/mexx/ROB0Car/workspace/src/install/rob0car_interfaces/include/rob0car_interfaces/msg
[110.598s] -- Installing: /home/mexx/ROB0Car/workspace/src/install/rob0car_interfaces/include/rob0car_interfaces/msg/esc.hpp
[110.605s] -- Up-to-date: /home/mexx/ROB0Car/workspace/src/install/rob0car_interfaces/include/rob0car_interfaces/msg/detail
[110.606s] -- Installing: /home/mexx/ROB0Car/workspace/src/install/rob0car_interfaces/include/rob0car_interfaces/msg/detail/esc__traits.hpp
[110.608s] -- Installing: /home/mexx/ROB0Car/workspace/src/install/rob0car_interfaces/include/rob0car_interfaces/msg/detail/esc__builder.hpp
[110.615s] -- Installing: /home/mexx/ROB0Car/workspace/src/install/rob0car_interfaces/include/rob0car_interfaces/msg/detail/esc__struct.hpp
[110.623s] -- Up-to-date: /home/mexx/ROB0Car/workspace/src/install/rob0car_interfaces/include/rob0car_interfaces
[110.624s] -- Up-to-date: /home/mexx/ROB0Car/workspace/src/install/rob0car_interfaces/include/rob0car_interfaces/msg
[110.624s] -- Up-to-date: /home/mexx/ROB0Car/workspace/src/install/rob0car_interfaces/include/rob0car_interfaces/msg/detail
[110.625s] -- Installing: /home/mexx/ROB0Car/workspace/src/install/rob0car_interfaces/include/rob0car_interfaces/msg/detail/esc__rosidl_typesupport_introspection_cpp.hpp
[110.628s] -- Installing: /home/mexx/ROB0Car/workspace/src/install/rob0car_interfaces/include/rob0car_interfaces/msg/detail/esc__type_support.cpp
[110.634s] -- Installing: /home/mexx/ROB0Car/workspace/src/install/rob0car_interfaces/lib/librob0car_interfaces__rosidl_typesupport_introspection_cpp.so
[110.646s] -- Set runtime path of "/home/mexx/ROB0Car/workspace/src/install/rob0car_interfaces/lib/librob0car_interfaces__rosidl_typesupport_introspection_cpp.so" to ""
[110.648s] -- Installing: /home/mexx/ROB0Car/workspace/src/install/rob0car_interfaces/lib/librob0car_interfaces__rosidl_typesupport_cpp.so
[110.670s] -- Set runtime path of "/home/mexx/ROB0Car/workspace/src/install/rob0car_interfaces/lib/librob0car_interfaces__rosidl_typesupport_cpp.so" to ""
[110.676s] -- Installing: /home/mexx/ROB0Car/workspace/src/install/rob0car_interfaces/share/rob0car_interfaces/environment/pythonpath.sh
[110.679s] -- Installing: /home/mexx/ROB0Car/workspace/src/install/rob0car_interfaces/share/rob0car_interfaces/environment/pythonpath.dsv
[110.686s] -- Installing: /home/mexx/ROB0Car/workspace/src/install/rob0car_interfaces/lib/python3.8/site-packages/rob0car_interfaces/__init__.py
[111.747s] Compiling '/home/mexx/ROB0Car/workspace/src/install/rob0car_interfaces/lib/python3.8/site-packages/rob0car_interfaces/__init__.py'...
[111.836s] -- Installing: /home/mexx/ROB0Car/workspace/src/install/rob0car_interfaces/lib/python3.8/site-packages/rob0car_interfaces/msg
[111.840s] -- Installing: /home/mexx/ROB0Car/workspace/src/install/rob0car_interfaces/lib/python3.8/site-packages/rob0car_interfaces/msg/_esc_s.c
[111.841s] -- Installing: /home/mexx/ROB0Car/workspace/src/install/rob0car_interfaces/lib/python3.8/site-packages/rob0car_interfaces/msg/__init__.py
[111.842s] -- Installing: /home/mexx/ROB0Car/workspace/src/install/rob0car_interfaces/lib/python3.8/site-packages/rob0car_interfaces/msg/_esc.py
[111.844s] -- Installing: /home/mexx/ROB0Car/workspace/src/install/rob0car_interfaces/lib/python3.8/site-packages/rob0car_interfaces/rob0car_interfaces_s__rosidl_typesupport_fastrtps_c.cpython-38-x86_64-linux-gnu.so
[111.852s] -- Set runtime path of "/home/mexx/ROB0Car/workspace/src/install/rob0car_interfaces/lib/python3.8/site-packages/rob0car_interfaces/rob0car_interfaces_s__rosidl_typesupport_fastrtps_c.cpython-38-x86_64-linux-gnu.so" to ""
[111.856s] -- Installing: /home/mexx/ROB0Car/workspace/src/install/rob0car_interfaces/lib/python3.8/site-packages/rob0car_interfaces/rob0car_interfaces_s__rosidl_typesupport_introspection_c.cpython-38-x86_64-linux-gnu.so
[111.870s] -- Set runtime path of "/home/mexx/ROB0Car/workspace/src/install/rob0car_interfaces/lib/python3.8/site-packages/rob0car_interfaces/rob0car_interfaces_s__rosidl_typesupport_introspection_c.cpython-38-x86_64-linux-gnu.so" to ""
[111.873s] -- Installing: /home/mexx/ROB0Car/workspace/src/install/rob0car_interfaces/lib/python3.8/site-packages/rob0car_interfaces/rob0car_interfaces_s__rosidl_typesupport_c.cpython-38-x86_64-linux-gnu.so
[111.890s] -- Set runtime path of "/home/mexx/ROB0Car/workspace/src/install/rob0car_interfaces/lib/python3.8/site-packages/rob0car_interfaces/rob0car_interfaces_s__rosidl_typesupport_c.cpython-38-x86_64-linux-gnu.so" to ""
[111.891s] -- Installing: /home/mexx/ROB0Car/workspace/src/install/rob0car_interfaces/lib/librob0car_interfaces__python.so
[111.896s] -- Set runtime path of "/home/mexx/ROB0Car/workspace/src/install/rob0car_interfaces/lib/librob0car_interfaces__python.so" to ""
[111.898s] -- Installing: /home/mexx/ROB0Car/workspace/src/install/rob0car_interfaces/share/rob0car_interfaces/msg/ESC.idl
[111.900s] -- Installing: /home/mexx/ROB0Car/workspace/src/install/rob0car_interfaces/share/rob0car_interfaces/msg/ESC.msg
[111.906s] -- Installing: /home/mexx/ROB0Car/workspace/src/install/rob0car_interfaces/share/ament_index/resource_index/package_run_dependencies/rob0car_interfaces
[111.915s] -- Installing: /home/mexx/ROB0Car/workspace/src/install/rob0car_interfaces/share/ament_index/resource_index/parent_prefix_path/rob0car_interfaces
[111.917s] -- Installing: /home/mexx/ROB0Car/workspace/src/install/rob0car_interfaces/share/rob0car_interfaces/environment/ament_prefix_path.sh
[111.918s] -- Installing: /home/mexx/ROB0Car/workspace/src/install/rob0car_interfaces/share/rob0car_interfaces/environment/ament_prefix_path.dsv
[111.919s] -- Installing: /home/mexx/ROB0Car/workspace/src/install/rob0car_interfaces/share/rob0car_interfaces/environment/path.sh
[111.921s] -- Installing: /home/mexx/ROB0Car/workspace/src/install/rob0car_interfaces/share/rob0car_interfaces/environment/path.dsv
[111.928s] -- Installing: /home/mexx/ROB0Car/workspace/src/install/rob0car_interfaces/share/rob0car_interfaces/local_setup.bash
[111.932s] -- Installing: /home/mexx/ROB0Car/workspace/src/install/rob0car_interfaces/share/rob0car_interfaces/local_setup.sh
[111.940s] -- Installing: /home/mexx/ROB0Car/workspace/src/install/rob0car_interfaces/share/rob0car_interfaces/local_setup.zsh
[111.941s] -- Installing: /home/mexx/ROB0Car/workspace/src/install/rob0car_interfaces/share/rob0car_interfaces/local_setup.dsv
[111.943s] -- Installing: /home/mexx/ROB0Car/workspace/src/install/rob0car_interfaces/share/rob0car_interfaces/package.dsv
[111.947s] -- Installing: /home/mexx/ROB0Car/workspace/src/install/rob0car_interfaces/share/ament_index/resource_index/packages/rob0car_interfaces
[111.951s] -- Installing: /home/mexx/ROB0Car/workspace/src/install/rob0car_interfaces/share/rob0car_interfaces/cmake/rob0car_interfaces__rosidl_generator_cExport.cmake
[111.952s] -- Installing: /home/mexx/ROB0Car/workspace/src/install/rob0car_interfaces/share/rob0car_interfaces/cmake/rob0car_interfaces__rosidl_generator_cExport-noconfig.cmake
[111.954s] -- Installing: /home/mexx/ROB0Car/workspace/src/install/rob0car_interfaces/share/rob0car_interfaces/cmake/rob0car_interfaces__rosidl_typesupport_introspection_cExport.cmake
[111.966s] -- Installing: /home/mexx/ROB0Car/workspace/src/install/rob0car_interfaces/share/rob0car_interfaces/cmake/rob0car_interfaces__rosidl_typesupport_introspection_cExport-noconfig.cmake
[111.968s] -- Installing: /home/mexx/ROB0Car/workspace/src/install/rob0car_interfaces/share/rob0car_interfaces/cmake/rob0car_interfaces__rosidl_typesupport_cExport.cmake
[111.972s] -- Installing: /home/mexx/ROB0Car/workspace/src/install/rob0car_interfaces/share/rob0car_interfaces/cmake/rob0car_interfaces__rosidl_typesupport_cExport-noconfig.cmake
[111.975s] -- Installing: /home/mexx/ROB0Car/workspace/src/install/rob0car_interfaces/share/rob0car_interfaces/cmake/rob0car_interfaces__rosidl_generator_cppExport.cmake
[111.983s] -- Installing: /home/mexx/ROB0Car/workspace/src/install/rob0car_interfaces/share/rob0car_interfaces/cmake/rob0car_interfaces__rosidl_typesupport_introspection_cppExport.cmake
[111.984s] -- Installing: /home/mexx/ROB0Car/workspace/src/install/rob0car_interfaces/share/rob0car_interfaces/cmake/rob0car_interfaces__rosidl_typesupport_introspection_cppExport-noconfig.cmake
[111.989s] -- Installing: /home/mexx/ROB0Car/workspace/src/install/rob0car_interfaces/share/rob0car_interfaces/cmake/rob0car_interfaces__rosidl_typesupport_cppExport.cmake
[111.990s] -- Installing: /home/mexx/ROB0Car/workspace/src/install/rob0car_interfaces/share/rob0car_interfaces/cmake/rob0car_interfaces__rosidl_typesupport_cppExport-noconfig.cmake
[111.998s] -- Installing: /home/mexx/ROB0Car/workspace/src/install/rob0car_interfaces/share/rob0car_interfaces/cmake/rosidl_cmake-extras.cmake
[111.999s] -- Installing: /home/mexx/ROB0Car/workspace/src/install/rob0car_interfaces/share/rob0car_interfaces/cmake/ament_cmake_export_dependencies-extras.cmake
[112.002s] -- Installing: /home/mexx/ROB0Car/workspace/src/install/rob0car_interfaces/share/rob0car_interfaces/cmake/ament_cmake_export_libraries-extras.cmake
[112.003s] -- Installing: /home/mexx/ROB0Car/workspace/src/install/rob0car_interfaces/share/rob0car_interfaces/cmake/ament_cmake_export_targets-extras.cmake
[112.006s] -- Installing: /home/mexx/ROB0Car/workspace/src/install/rob0car_interfaces/share/rob0car_interfaces/cmake/ament_cmake_export_include_directories-extras.cmake
[112.011s] -- Installing: /home/mexx/ROB0Car/workspace/src/install/rob0car_interfaces/share/rob0car_interfaces/cmake/rosidl_cmake_export_typesupport_libraries-extras.cmake
[112.016s] -- Installing: /home/mexx/ROB0Car/workspace/src/install/rob0car_interfaces/share/rob0car_interfaces/cmake/rosidl_cmake_export_typesupport_targets-extras.cmake
[112.017s] -- Installing: /home/mexx/ROB0Car/workspace/src/install/rob0car_interfaces/share/rob0car_interfaces/cmake/rob0car_interfacesConfig.cmake
[112.022s] -- Installing: /home/mexx/ROB0Car/workspace/src/install/rob0car_interfaces/share/rob0car_interfaces/cmake/rob0car_interfacesConfig-version.cmake
[112.023s] -- Installing: /home/mexx/ROB0Car/workspace/src/install/rob0car_interfaces/share/rob0car_interfaces/package.xml
[112.055s] Invoked command in '/home/mexx/ROB0Car/workspace/src/build/rob0car_interfaces' returned '0': CMAKE_PREFIX_PATH=${CMAKE_PREFIX_PATH}:/home/mexx/ROB0Car/workspace/src/install/rob0car_sensors:/home/mexx/ROB0Car/workspace/src/install/rob0car_control:/home/mexx/ROB0Car/workspace/src/install/rob0car_actors:/home/mexx/ROB0Car/workspace/install/rob0car_control:/home/mexx/ROB0Car/workspace/install/rob0car_actors:/home/mexx/ROB0Car/workspace/install/rob0car_sensors:/opt/ros/foxy /usr/bin/cmake --install /home/mexx/ROB0Car/workspace/src/build/rob0car_interfaces
