[4.929s] Invoking command in '/home/mexx/ROB0Car/workspace/src/rob0car_control': PYTHONPATH=/home/mexx/ROB0Car/workspace/src/install/rob0car_control/lib/python3.8/site-packages:${PYTHONPATH} /usr/bin/python3 setup.py egg_info --egg-base ../build/rob0car_control build --build-base /home/mexx/ROB0Car/workspace/src/build/rob0car_control/build install --prefix /home/mexx/ROB0Car/workspace/src/install/rob0car_control --record /home/mexx/ROB0Car/workspace/src/build/rob0car_control/install.log --single-version-externally-managed
[8.015s] running egg_info
[8.027s] writing ../build/rob0car_control/rob0car_control.egg-info/PKG-INFO
[8.030s] writing dependency_links to ../build/rob0car_control/rob0car_control.egg-info/dependency_links.txt
[8.032s] writing entry points to ../build/rob0car_control/rob0car_control.egg-info/entry_points.txt
[8.034s] writing requirements to ../build/rob0car_control/rob0car_control.egg-info/requires.txt
[8.035s] writing top-level names to ../build/rob0car_control/rob0car_control.egg-info/top_level.txt
[8.584s] reading manifest file '../build/rob0car_control/rob0car_control.egg-info/SOURCES.txt'
[8.612s] writing manifest file '../build/rob0car_control/rob0car_control.egg-info/SOURCES.txt'
[8.619s] running build
[8.620s] running build_py
[8.623s] copying rob0car_control/rob0car_control.py -> /home/mexx/ROB0Car/workspace/src/build/rob0car_control/build/lib/rob0car_control
[8.638s] running install
[8.656s] running install_lib
[8.664s] copying /home/mexx/ROB0Car/workspace/src/build/rob0car_control/build/lib/rob0car_control/rob0car_control.py -> /home/mexx/ROB0Car/workspace/src/install/rob0car_control/lib/python3.8/site-packages/rob0car_control
[8.692s] byte-compiling /home/mexx/ROB0Car/workspace/src/install/rob0car_control/lib/python3.8/site-packages/rob0car_control/rob0car_control.py to rob0car_control.cpython-38.pyc
[8.731s] running install_data
[8.743s] running install_egg_info
[8.773s] removing '/home/mexx/ROB0Car/workspace/src/install/rob0car_control/lib/python3.8/site-packages/rob0car_control-0.0.0-py3.8.egg-info' (and everything under it)
[8.781s] Copying ../build/rob0car_control/rob0car_control.egg-info to /home/mexx/ROB0Car/workspace/src/install/rob0car_control/lib/python3.8/site-packages/rob0car_control-0.0.0-py3.8.egg-info
[8.795s] running install_scripts
[9.185s] Installing rob0car_control script to /home/mexx/ROB0Car/workspace/src/install/rob0car_control/lib/rob0car_control
[9.194s] writing list of installed files to '/home/mexx/ROB0Car/workspace/src/build/rob0car_control/install.log'
[9.568s] Invoked command in '/home/mexx/ROB0Car/workspace/src/rob0car_control' returned '0': PYTHONPATH=/home/mexx/ROB0Car/workspace/src/install/rob0car_control/lib/python3.8/site-packages:${PYTHONPATH} /usr/bin/python3 setup.py egg_info --egg-base ../build/rob0car_control build --build-base /home/mexx/ROB0Car/workspace/src/build/rob0car_control/build install --prefix /home/mexx/ROB0Car/workspace/src/install/rob0car_control --record /home/mexx/ROB0Car/workspace/src/build/rob0car_control/install.log --single-version-externally-managed
