[1.551s] DEBUG:colcon:Command line arguments: ['/usr/bin/colcon', 'build', '--packages-select', 'rob0car_interfaces']
[1.551s] DEBUG:colcon:Parsed command line arguments: Namespace(ament_cmake_args=None, base_paths=['.'], build_base='build', catkin_cmake_args=None, catkin_skip_building_tests=False, cmake_args=None, cmake_clean_cache=False, cmake_clean_first=False, cmake_force_configure=False, cmake_target=None, cmake_target_skip_unavailable=False, continue_on_error=False, event_handlers=None, executor='parallel', ignore_user_meta=False, install_base='install', log_base=None, log_level=None, main=<bound method BuildVerb.main of <colcon_core.verb.build.BuildVerb object at 0x7ff73cf39460>>, merge_install=False, metas=['./colcon.meta'], packages_above=None, packages_above_and_dependencies=None, packages_above_depth=None, packages_end=None, packages_ignore=None, packages_ignore_regex=None, packages_select=['rob0car_interfaces'], packages_select_build_failed=False, packages_select_by_dep=None, packages_select_regex=None, packages_select_test_failures=False, packages_skip=None, packages_skip_build_finished=False, packages_skip_by_dep=None, packages_skip_regex=None, packages_skip_test_passed=False, packages_skip_up_to=None, packages_start=None, packages_up_to=None, packages_up_to_regex=None, parallel_workers=1, paths=None, symlink_install=False, test_result_base=None, verb_extension=<colcon_core.verb.build.BuildVerb object at 0x7ff73cf39460>, verb_name='build', verb_parser=<colcon_defaults.argument_parser.defaults.DefaultArgumentsDecorator object at 0x7ff73cf399a0>)
[1.600s] Level 1:colcon.colcon_core.package_discovery:discover_packages(colcon_meta) check parameters
[1.607s] Level 1:colcon.colcon_core.package_discovery:discover_packages(recursive) check parameters
[1.608s] Level 1:colcon.colcon_core.package_discovery:discover_packages(ignore) check parameters
[1.608s] Level 1:colcon.colcon_core.package_discovery:discover_packages(path) check parameters
[1.609s] Level 1:colcon.colcon_core.package_discovery:discover_packages(colcon_meta) discover
[1.613s] Level 1:colcon.colcon_core.package_discovery:discover_packages(recursive) discover
[1.614s] INFO:colcon.colcon_core.package_discovery:Crawling recursively for packages in '/home/mexx/ROB0Car/workspace/src'
[1.614s] Level 1:colcon.colcon_core.package_identification:_identify(.) by extensions ['ignore', 'ignore_ament_install']
[1.618s] Level 1:colcon.colcon_core.package_identification:_identify(.) by extension 'ignore'
[1.619s] Level 1:colcon.colcon_core.package_identification:_identify(.) by extension 'ignore_ament_install'
[1.619s] Level 1:colcon.colcon_core.package_identification:_identify(.) by extensions ['colcon_pkg']
[1.619s] Level 1:colcon.colcon_core.package_identification:_identify(.) by extension 'colcon_pkg'
[1.620s] Level 1:colcon.colcon_core.package_identification:_identify(.) by extensions ['colcon_meta']
[1.620s] Level 1:colcon.colcon_core.package_identification:_identify(.) by extension 'colcon_meta'
[1.620s] Level 1:colcon.colcon_core.package_identification:_identify(.) by extensions ['ros']
[1.620s] Level 1:colcon.colcon_core.package_identification:_identify(.) by extension 'ros'
[1.735s] Level 1:colcon.colcon_core.package_identification:_identify(.) by extensions ['cmake', 'python']
[1.739s] Level 1:colcon.colcon_core.package_identification:_identify(.) by extension 'cmake'
[1.740s] Level 1:colcon.colcon_core.package_identification:_identify(.) by extension 'python'
[1.743s] Level 1:colcon.colcon_core.package_identification:_identify(.) by extensions ['python_setup_py']
[1.744s] Level 1:colcon.colcon_core.package_identification:_identify(.) by extension 'python_setup_py'
[1.745s] Level 1:colcon.colcon_core.package_identification:_identify(build) by extensions ['ignore', 'ignore_ament_install']
[1.748s] Level 1:colcon.colcon_core.package_identification:_identify(build) by extension 'ignore'
[1.748s] Level 1:colcon.colcon_core.package_identification:_identify(build) ignored
[1.749s] Level 1:colcon.colcon_core.package_identification:_identify(examples) by extensions ['ignore', 'ignore_ament_install']
[1.754s] Level 1:colcon.colcon_core.package_identification:_identify(examples) by extension 'ignore'
[1.755s] Level 1:colcon.colcon_core.package_identification:_identify(examples) by extension 'ignore_ament_install'
[1.756s] Level 1:colcon.colcon_core.package_identification:_identify(examples) by extensions ['colcon_pkg']
[1.758s] Level 1:colcon.colcon_core.package_identification:_identify(examples) by extension 'colcon_pkg'
[1.758s] Level 1:colcon.colcon_core.package_identification:_identify(examples) by extensions ['colcon_meta']
[1.758s] Level 1:colcon.colcon_core.package_identification:_identify(examples) by extension 'colcon_meta'
[1.758s] Level 1:colcon.colcon_core.package_identification:_identify(examples) by extensions ['ros']
[1.759s] Level 1:colcon.colcon_core.package_identification:_identify(examples) by extension 'ros'
[1.759s] Level 1:colcon.colcon_core.package_identification:_identify(examples) by extensions ['cmake', 'python']
[1.759s] Level 1:colcon.colcon_core.package_identification:_identify(examples) by extension 'cmake'
[1.759s] Level 1:colcon.colcon_core.package_identification:_identify(examples) by extension 'python'
[1.759s] Level 1:colcon.colcon_core.package_identification:_identify(examples) by extensions ['python_setup_py']
[1.759s] Level 1:colcon.colcon_core.package_identification:_identify(examples) by extension 'python_setup_py'
[1.760s] Level 1:colcon.colcon_core.package_identification:_identify(install) by extensions ['ignore', 'ignore_ament_install']
[1.760s] Level 1:colcon.colcon_core.package_identification:_identify(install) by extension 'ignore'
[1.760s] Level 1:colcon.colcon_core.package_identification:_identify(install) ignored
[1.760s] Level 1:colcon.colcon_core.package_identification:_identify(log) by extensions ['ignore', 'ignore_ament_install']
[1.760s] Level 1:colcon.colcon_core.package_identification:_identify(log) by extension 'ignore'
[1.760s] Level 1:colcon.colcon_core.package_identification:_identify(log) ignored
[1.761s] Level 1:colcon.colcon_core.package_identification:_identify(python) by extensions ['ignore', 'ignore_ament_install']
[1.761s] Level 1:colcon.colcon_core.package_identification:_identify(python) by extension 'ignore'
[1.761s] Level 1:colcon.colcon_core.package_identification:_identify(python) by extension 'ignore_ament_install'
[1.761s] Level 1:colcon.colcon_core.package_identification:_identify(python) by extensions ['colcon_pkg']
[1.761s] Level 1:colcon.colcon_core.package_identification:_identify(python) by extension 'colcon_pkg'
[1.761s] Level 1:colcon.colcon_core.package_identification:_identify(python) by extensions ['colcon_meta']
[1.761s] Level 1:colcon.colcon_core.package_identification:_identify(python) by extension 'colcon_meta'
[1.774s] Level 1:colcon.colcon_core.package_identification:_identify(python) by extensions ['ros']
[1.775s] Level 1:colcon.colcon_core.package_identification:_identify(python) by extension 'ros'
[1.776s] Level 1:colcon.colcon_core.package_identification:_identify(python) by extensions ['cmake', 'python']
[1.776s] Level 1:colcon.colcon_core.package_identification:_identify(python) by extension 'cmake'
[1.777s] Level 1:colcon.colcon_core.package_identification:_identify(python) by extension 'python'
[1.778s] Level 1:colcon.colcon_core.package_identification:_identify(python) by extensions ['python_setup_py']
[1.779s] Level 1:colcon.colcon_core.package_identification:_identify(python) by extension 'python_setup_py'
[1.779s] Level 1:colcon.colcon_core.package_identification:_identify(rob0car_actors) by extensions ['ignore', 'ignore_ament_install']
[1.779s] Level 1:colcon.colcon_core.package_identification:_identify(rob0car_actors) by extension 'ignore'
[1.779s] Level 1:colcon.colcon_core.package_identification:_identify(rob0car_actors) by extension 'ignore_ament_install'
[1.779s] Level 1:colcon.colcon_core.package_identification:_identify(rob0car_actors) by extensions ['colcon_pkg']
[1.780s] Level 1:colcon.colcon_core.package_identification:_identify(rob0car_actors) by extension 'colcon_pkg'
[1.780s] Level 1:colcon.colcon_core.package_identification:_identify(rob0car_actors) by extensions ['colcon_meta']
[1.780s] Level 1:colcon.colcon_core.package_identification:_identify(rob0car_actors) by extension 'colcon_meta'
[1.780s] Level 1:colcon.colcon_core.package_identification:_identify(rob0car_actors) by extensions ['ros']
[1.780s] Level 1:colcon.colcon_core.package_identification:_identify(rob0car_actors) by extension 'ros'
[1.819s] DEBUG:colcon.colcon_core.package_identification:Package 'rob0car_actors' with type 'ros.ament_python' and name 'rob0car_actors'
[1.823s] Level 1:colcon.colcon_core.package_identification:_identify(rob0car_control) by extensions ['ignore', 'ignore_ament_install']
[1.830s] Level 1:colcon.colcon_core.package_identification:_identify(rob0car_control) by extension 'ignore'
[1.831s] Level 1:colcon.colcon_core.package_identification:_identify(rob0car_control) by extension 'ignore_ament_install'
[1.832s] Level 1:colcon.colcon_core.package_identification:_identify(rob0car_control) by extensions ['colcon_pkg']
[1.835s] Level 1:colcon.colcon_core.package_identification:_identify(rob0car_control) by extension 'colcon_pkg'
[1.836s] Level 1:colcon.colcon_core.package_identification:_identify(rob0car_control) by extensions ['colcon_meta']
[1.836s] Level 1:colcon.colcon_core.package_identification:_identify(rob0car_control) by extension 'colcon_meta'
[1.837s] Level 1:colcon.colcon_core.package_identification:_identify(rob0car_control) by extensions ['ros']
[1.837s] Level 1:colcon.colcon_core.package_identification:_identify(rob0car_control) by extension 'ros'
[1.843s] DEBUG:colcon.colcon_core.package_identification:Package 'rob0car_control' with type 'ros.ament_python' and name 'rob0car_control'
[1.849s] Level 1:colcon.colcon_core.package_identification:_identify(rob0car_interfaces) by extensions ['ignore', 'ignore_ament_install']
[1.850s] Level 1:colcon.colcon_core.package_identification:_identify(rob0car_interfaces) by extension 'ignore'
[1.853s] Level 1:colcon.colcon_core.package_identification:_identify(rob0car_interfaces) by extension 'ignore_ament_install'
[1.854s] Level 1:colcon.colcon_core.package_identification:_identify(rob0car_interfaces) by extensions ['colcon_pkg']
[1.855s] Level 1:colcon.colcon_core.package_identification:_identify(rob0car_interfaces) by extension 'colcon_pkg'
[1.856s] Level 1:colcon.colcon_core.package_identification:_identify(rob0car_interfaces) by extensions ['colcon_meta']
[1.856s] Level 1:colcon.colcon_core.package_identification:_identify(rob0car_interfaces) by extension 'colcon_meta'
[1.856s] Level 1:colcon.colcon_core.package_identification:_identify(rob0car_interfaces) by extensions ['ros']
[1.856s] Level 1:colcon.colcon_core.package_identification:_identify(rob0car_interfaces) by extension 'ros'
[1.866s] DEBUG:colcon.colcon_core.package_identification:Package 'rob0car_interfaces' with type 'ros.ament_cmake' and name 'rob0car_interfaces'
[1.867s] Level 1:colcon.colcon_core.package_identification:_identify(rob0car_launch) by extensions ['ignore', 'ignore_ament_install']
[1.868s] Level 1:colcon.colcon_core.package_identification:_identify(rob0car_launch) by extension 'ignore'
[1.868s] Level 1:colcon.colcon_core.package_identification:_identify(rob0car_launch) by extension 'ignore_ament_install'
[1.869s] Level 1:colcon.colcon_core.package_identification:_identify(rob0car_launch) by extensions ['colcon_pkg']
[1.873s] Level 1:colcon.colcon_core.package_identification:_identify(rob0car_launch) by extension 'colcon_pkg'
[1.878s] Level 1:colcon.colcon_core.package_identification:_identify(rob0car_launch) by extensions ['colcon_meta']
[1.878s] Level 1:colcon.colcon_core.package_identification:_identify(rob0car_launch) by extension 'colcon_meta'
[1.878s] Level 1:colcon.colcon_core.package_identification:_identify(rob0car_launch) by extensions ['ros']
[1.878s] Level 1:colcon.colcon_core.package_identification:_identify(rob0car_launch) by extension 'ros'
[1.880s] DEBUG:colcon.colcon_core.package_identification:Package 'rob0car_launch' with type 'ros.ament_cmake' and name 'rob0car_launch'
[1.880s] Level 1:colcon.colcon_core.package_identification:_identify(rob0car_sensors) by extensions ['ignore', 'ignore_ament_install']
[1.881s] Level 1:colcon.colcon_core.package_identification:_identify(rob0car_sensors) by extension 'ignore'
[1.881s] Level 1:colcon.colcon_core.package_identification:_identify(rob0car_sensors) by extension 'ignore_ament_install'
[1.881s] Level 1:colcon.colcon_core.package_identification:_identify(rob0car_sensors) by extensions ['colcon_pkg']
[1.881s] Level 1:colcon.colcon_core.package_identification:_identify(rob0car_sensors) by extension 'colcon_pkg'
[1.881s] Level 1:colcon.colcon_core.package_identification:_identify(rob0car_sensors) by extensions ['colcon_meta']
[1.881s] Level 1:colcon.colcon_core.package_identification:_identify(rob0car_sensors) by extension 'colcon_meta'
[1.881s] Level 1:colcon.colcon_core.package_identification:_identify(rob0car_sensors) by extensions ['ros']
[1.881s] Level 1:colcon.colcon_core.package_identification:_identify(rob0car_sensors) by extension 'ros'
[1.891s] DEBUG:colcon.colcon_core.package_identification:Package 'rob0car_sensors' with type 'ros.ament_python' and name 'rob0car_sensors'
[1.892s] Level 1:colcon.colcon_core.package_discovery:discover_packages(recursive) using defaults
[1.893s] Level 1:colcon.colcon_core.package_discovery:discover_packages(ignore) discover
[1.894s] Level 1:colcon.colcon_core.package_discovery:discover_packages(ignore) using defaults
[1.895s] Level 1:colcon.colcon_core.package_discovery:discover_packages(path) discover
[1.895s] Level 1:colcon.colcon_core.package_discovery:discover_packages(path) using defaults
[2.018s] INFO:colcon.colcon_core.package_selection:Skipping not selected package 'rob0car_actors' in 'rob0car_actors'
[2.019s] INFO:colcon.colcon_core.package_selection:Skipping not selected package 'rob0car_control' in 'rob0car_control'
[2.019s] INFO:colcon.colcon_core.package_selection:Skipping not selected package 'rob0car_sensors' in 'rob0car_sensors'
[2.020s] INFO:colcon.colcon_core.package_selection:Skipping not selected package 'rob0car_launch' in 'rob0car_launch'
[2.032s] Level 5:colcon.colcon_core.verb:set package 'rob0car_interfaces' build argument 'cmake_args' from command line to 'None'
[2.037s] Level 5:colcon.colcon_core.verb:set package 'rob0car_interfaces' build argument 'cmake_target' from command line to 'None'
[2.038s] Level 5:colcon.colcon_core.verb:set package 'rob0car_interfaces' build argument 'cmake_target_skip_unavailable' from command line to 'False'
[2.039s] Level 5:colcon.colcon_core.verb:set package 'rob0car_interfaces' build argument 'cmake_clean_cache' from command line to 'False'
[2.039s] Level 5:colcon.colcon_core.verb:set package 'rob0car_interfaces' build argument 'cmake_clean_first' from command line to 'False'
[2.042s] Level 5:colcon.colcon_core.verb:set package 'rob0car_interfaces' build argument 'cmake_force_configure' from command line to 'False'
[2.043s] Level 5:colcon.colcon_core.verb:set package 'rob0car_interfaces' build argument 'ament_cmake_args' from command line to 'None'
[2.043s] Level 5:colcon.colcon_core.verb:set package 'rob0car_interfaces' build argument 'catkin_cmake_args' from command line to 'None'
[2.044s] Level 5:colcon.colcon_core.verb:set package 'rob0car_interfaces' build argument 'catkin_skip_building_tests' from command line to 'False'
[2.044s] DEBUG:colcon.colcon_core.verb:Building package 'rob0car_interfaces' with the following arguments: {'ament_cmake_args': None, 'build_base': '/home/mexx/ROB0Car/workspace/src/build/rob0car_interfaces', 'catkin_cmake_args': None, 'catkin_skip_building_tests': False, 'cmake_args': None, 'cmake_clean_cache': False, 'cmake_clean_first': False, 'cmake_force_configure': False, 'cmake_target': None, 'cmake_target_skip_unavailable': False, 'install_base': '/home/mexx/ROB0Car/workspace/src/install/rob0car_interfaces', 'merge_install': False, 'path': '/home/mexx/ROB0Car/workspace/src/rob0car_interfaces', 'symlink_install': False, 'test_result_base': None}
[2.048s] INFO:colcon.colcon_core.executor:Executing jobs using 'parallel' executor
[2.065s] DEBUG:colcon.colcon_parallel_executor.executor.parallel:run_until_complete
[2.067s] INFO:colcon.colcon_ros.task.ament_cmake.build:Building ROS package in '/home/mexx/ROB0Car/workspace/src/rob0car_interfaces' with build type 'ament_cmake'
[2.080s] INFO:colcon.colcon_cmake.task.cmake.build:Building CMake package in '/home/mexx/ROB0Car/workspace/src/rob0car_interfaces'
[2.143s] INFO:colcon.colcon_core.plugin_system:Skipping extension 'colcon_core.shell.bat': Not used on non-Windows systems
[2.151s] INFO:colcon.colcon_core.shell:Skip shell extension 'powershell' for command environment: Not usable outside of PowerShell
[2.154s] DEBUG:colcon.colcon_core.shell:Skip shell extension 'dsv' for command environment
[2.208s] DEBUG:colcon.colcon_core.shell:Ignoring prefix path '/opt/ros/foxy'
[2.276s] DEBUG:colcon.colcon_core.event_handler.log_command:Invoking command in '/home/mexx/ROB0Car/workspace/src/build/rob0car_interfaces': CMAKE_PREFIX_PATH=${CMAKE_PREFIX_PATH}:/home/mexx/ROB0Car/workspace/src/install/rob0car_sensors:/home/mexx/ROB0Car/workspace/src/install/rob0car_control:/home/mexx/ROB0Car/workspace/src/install/rob0car_actors:/home/mexx/ROB0Car/workspace/install/rob0car_control:/home/mexx/ROB0Car/workspace/install/rob0car_actors:/home/mexx/ROB0Car/workspace/install/rob0car_sensors:/opt/ros/foxy /usr/bin/cmake /home/mexx/ROB0Car/workspace/src/rob0car_interfaces -DCMAKE_INSTALL_PREFIX=/home/mexx/ROB0Car/workspace/src/install/rob0car_interfaces
[26.242s] DEBUG:colcon.colcon_core.event_handler.log_command:Invoked command in '/home/mexx/ROB0Car/workspace/src/build/rob0car_interfaces' returned '0': CMAKE_PREFIX_PATH=${CMAKE_PREFIX_PATH}:/home/mexx/ROB0Car/workspace/src/install/rob0car_sensors:/home/mexx/ROB0Car/workspace/src/install/rob0car_control:/home/mexx/ROB0Car/workspace/src/install/rob0car_actors:/home/mexx/ROB0Car/workspace/install/rob0car_control:/home/mexx/ROB0Car/workspace/install/rob0car_actors:/home/mexx/ROB0Car/workspace/install/rob0car_sensors:/opt/ros/foxy /usr/bin/cmake /home/mexx/ROB0Car/workspace/src/rob0car_interfaces -DCMAKE_INSTALL_PREFIX=/home/mexx/ROB0Car/workspace/src/install/rob0car_interfaces
[26.244s] DEBUG:colcon.colcon_core.event_handler.log_command:Invoking command in '/home/mexx/ROB0Car/workspace/src/build/rob0car_interfaces': CMAKE_PREFIX_PATH=${CMAKE_PREFIX_PATH}:/home/mexx/ROB0Car/workspace/src/install/rob0car_sensors:/home/mexx/ROB0Car/workspace/src/install/rob0car_control:/home/mexx/ROB0Car/workspace/src/install/rob0car_actors:/home/mexx/ROB0Car/workspace/install/rob0car_control:/home/mexx/ROB0Car/workspace/install/rob0car_actors:/home/mexx/ROB0Car/workspace/install/rob0car_sensors:/opt/ros/foxy /usr/bin/cmake --build /home/mexx/ROB0Car/workspace/src/build/rob0car_interfaces -- -j1 -l1
[110.688s] DEBUG:colcon.colcon_core.event_handler.log_command:Invoked command in '/home/mexx/ROB0Car/workspace/src/build/rob0car_interfaces' returned '0': CMAKE_PREFIX_PATH=${CMAKE_PREFIX_PATH}:/home/mexx/ROB0Car/workspace/src/install/rob0car_sensors:/home/mexx/ROB0Car/workspace/src/install/rob0car_control:/home/mexx/ROB0Car/workspace/src/install/rob0car_actors:/home/mexx/ROB0Car/workspace/install/rob0car_control:/home/mexx/ROB0Car/workspace/install/rob0car_actors:/home/mexx/ROB0Car/workspace/install/rob0car_sensors:/opt/ros/foxy /usr/bin/cmake --build /home/mexx/ROB0Car/workspace/src/build/rob0car_interfaces -- -j1 -l1
[112.149s] DEBUG:colcon.colcon_core.event_handler.log_command:Invoking command in '/home/mexx/ROB0Car/workspace/src/build/rob0car_interfaces': CMAKE_PREFIX_PATH=${CMAKE_PREFIX_PATH}:/home/mexx/ROB0Car/workspace/src/install/rob0car_sensors:/home/mexx/ROB0Car/workspace/src/install/rob0car_control:/home/mexx/ROB0Car/workspace/src/install/rob0car_actors:/home/mexx/ROB0Car/workspace/install/rob0car_control:/home/mexx/ROB0Car/workspace/install/rob0car_actors:/home/mexx/ROB0Car/workspace/install/rob0car_sensors:/opt/ros/foxy /usr/bin/cmake --install /home/mexx/ROB0Car/workspace/src/build/rob0car_interfaces
[114.132s] Level 1:colcon.colcon_core.environment:create_environment_scripts_only(rob0car_interfaces)
[114.135s] DEBUG:colcon.colcon_core.event_handler.log_command:Invoked command in '/home/mexx/ROB0Car/workspace/src/build/rob0car_interfaces' returned '0': CMAKE_PREFIX_PATH=${CMAKE_PREFIX_PATH}:/home/mexx/ROB0Car/workspace/src/install/rob0car_sensors:/home/mexx/ROB0Car/workspace/src/install/rob0car_control:/home/mexx/ROB0Car/workspace/src/install/rob0car_actors:/home/mexx/ROB0Car/workspace/install/rob0car_control:/home/mexx/ROB0Car/workspace/install/rob0car_actors:/home/mexx/ROB0Car/workspace/install/rob0car_sensors:/opt/ros/foxy /usr/bin/cmake --install /home/mexx/ROB0Car/workspace/src/build/rob0car_interfaces
[114.164s] Level 1:colcon.colcon_core.environment:checking '/home/mexx/ROB0Car/workspace/src/install/rob0car_interfaces' for CMake module files
[114.195s] Level 1:colcon.colcon_core.environment:checking '/home/mexx/ROB0Car/workspace/src/install/rob0car_interfaces' for CMake config files
[114.197s] Level 1:colcon.colcon_core.shell:create_environment_hook('rob0car_interfaces', 'cmake_prefix_path')
[114.214s] INFO:colcon.colcon_core.shell:Creating environment hook '/home/mexx/ROB0Car/workspace/src/install/rob0car_interfaces/share/rob0car_interfaces/hook/cmake_prefix_path.ps1'
[114.216s] INFO:colcon.colcon_core.shell:Creating environment descriptor '/home/mexx/ROB0Car/workspace/src/install/rob0car_interfaces/share/rob0car_interfaces/hook/cmake_prefix_path.dsv'
[114.217s] INFO:colcon.colcon_core.shell:Creating environment hook '/home/mexx/ROB0Car/workspace/src/install/rob0car_interfaces/share/rob0car_interfaces/hook/cmake_prefix_path.sh'
[114.244s] Level 1:colcon.colcon_core.environment:checking '/home/mexx/ROB0Car/workspace/src/install/rob0car_interfaces/lib'
[114.244s] Level 1:colcon.colcon_core.shell:create_environment_hook('rob0car_interfaces', 'ld_library_path_lib')
[114.261s] INFO:colcon.colcon_core.shell:Creating environment hook '/home/mexx/ROB0Car/workspace/src/install/rob0car_interfaces/share/rob0car_interfaces/hook/ld_library_path_lib.ps1'
[114.269s] INFO:colcon.colcon_core.shell:Creating environment descriptor '/home/mexx/ROB0Car/workspace/src/install/rob0car_interfaces/share/rob0car_interfaces/hook/ld_library_path_lib.dsv'
[114.275s] INFO:colcon.colcon_core.shell:Creating environment hook '/home/mexx/ROB0Car/workspace/src/install/rob0car_interfaces/share/rob0car_interfaces/hook/ld_library_path_lib.sh'
[114.276s] Level 1:colcon.colcon_core.environment:checking '/home/mexx/ROB0Car/workspace/src/install/rob0car_interfaces/bin'
[114.276s] Level 1:colcon.colcon_core.environment:checking '/home/mexx/ROB0Car/workspace/src/install/rob0car_interfaces/lib/pkgconfig/rob0car_interfaces.pc'
[114.277s] Level 1:colcon.colcon_core.environment:checking '/home/mexx/ROB0Car/workspace/src/install/rob0car_interfaces/lib/python3.8/site-packages'
[114.277s] Level 1:colcon.colcon_core.shell:create_environment_hook('rob0car_interfaces', 'pythonpath')
[114.297s] INFO:colcon.colcon_core.shell:Creating environment hook '/home/mexx/ROB0Car/workspace/src/install/rob0car_interfaces/share/rob0car_interfaces/hook/pythonpath.ps1'
[114.297s] INFO:colcon.colcon_core.shell:Creating environment descriptor '/home/mexx/ROB0Car/workspace/src/install/rob0car_interfaces/share/rob0car_interfaces/hook/pythonpath.dsv'
[114.307s] INFO:colcon.colcon_core.shell:Creating environment hook '/home/mexx/ROB0Car/workspace/src/install/rob0car_interfaces/share/rob0car_interfaces/hook/pythonpath.sh'
[114.327s] INFO:colcon.colcon_core.shell:Creating package script '/home/mexx/ROB0Car/workspace/src/install/rob0car_interfaces/share/rob0car_interfaces/package.ps1'
[114.347s] INFO:colcon.colcon_core.shell:Creating package descriptor '/home/mexx/ROB0Car/workspace/src/install/rob0car_interfaces/share/rob0car_interfaces/package.dsv'
[114.362s] INFO:colcon.colcon_core.shell:Creating package script '/home/mexx/ROB0Car/workspace/src/install/rob0car_interfaces/share/rob0car_interfaces/package.sh'
[114.365s] INFO:colcon.colcon_core.shell:Creating package script '/home/mexx/ROB0Car/workspace/src/install/rob0car_interfaces/share/rob0car_interfaces/package.bash'
[114.388s] INFO:colcon.colcon_core.shell:Creating package script '/home/mexx/ROB0Car/workspace/src/install/rob0car_interfaces/share/rob0car_interfaces/package.zsh'
[114.404s] Level 1:colcon.colcon_core.environment:create_file_with_runtime_dependencies(/home/mexx/ROB0Car/workspace/src/install/rob0car_interfaces/share/colcon-core/packages/rob0car_interfaces)
[115.611s] Level 1:colcon.colcon_core.environment:create_environment_scripts_only(rob0car_interfaces)
[115.627s] Level 1:colcon.colcon_core.environment:checking '/home/mexx/ROB0Car/workspace/src/install/rob0car_interfaces' for CMake module files
[115.635s] Level 1:colcon.colcon_core.environment:checking '/home/mexx/ROB0Car/workspace/src/install/rob0car_interfaces' for CMake config files
[115.643s] Level 1:colcon.colcon_core.shell:create_environment_hook('rob0car_interfaces', 'cmake_prefix_path')
[115.656s] INFO:colcon.colcon_core.shell:Creating environment hook '/home/mexx/ROB0Car/workspace/src/install/rob0car_interfaces/share/rob0car_interfaces/hook/cmake_prefix_path.ps1'
[115.686s] INFO:colcon.colcon_core.shell:Creating environment descriptor '/home/mexx/ROB0Car/workspace/src/install/rob0car_interfaces/share/rob0car_interfaces/hook/cmake_prefix_path.dsv'
[115.698s] INFO:colcon.colcon_core.shell:Creating environment hook '/home/mexx/ROB0Car/workspace/src/install/rob0car_interfaces/share/rob0car_interfaces/hook/cmake_prefix_path.sh'
[115.710s] Level 1:colcon.colcon_core.environment:checking '/home/mexx/ROB0Car/workspace/src/install/rob0car_interfaces/lib'
[115.711s] Level 1:colcon.colcon_core.shell:create_environment_hook('rob0car_interfaces', 'ld_library_path_lib')
[115.712s] INFO:colcon.colcon_core.shell:Creating environment hook '/home/mexx/ROB0Car/workspace/src/install/rob0car_interfaces/share/rob0car_interfaces/hook/ld_library_path_lib.ps1'
[115.746s] INFO:colcon.colcon_core.shell:Creating environment descriptor '/home/mexx/ROB0Car/workspace/src/install/rob0car_interfaces/share/rob0car_interfaces/hook/ld_library_path_lib.dsv'
[115.762s] INFO:colcon.colcon_core.shell:Creating environment hook '/home/mexx/ROB0Car/workspace/src/install/rob0car_interfaces/share/rob0car_interfaces/hook/ld_library_path_lib.sh'
[115.771s] Level 1:colcon.colcon_core.environment:checking '/home/mexx/ROB0Car/workspace/src/install/rob0car_interfaces/bin'
[115.771s] Level 1:colcon.colcon_core.environment:checking '/home/mexx/ROB0Car/workspace/src/install/rob0car_interfaces/lib/pkgconfig/rob0car_interfaces.pc'
[115.771s] Level 1:colcon.colcon_core.environment:checking '/home/mexx/ROB0Car/workspace/src/install/rob0car_interfaces/lib/python3.8/site-packages'
[115.771s] Level 1:colcon.colcon_core.shell:create_environment_hook('rob0car_interfaces', 'pythonpath')
[115.773s] INFO:colcon.colcon_core.shell:Creating environment hook '/home/mexx/ROB0Car/workspace/src/install/rob0car_interfaces/share/rob0car_interfaces/hook/pythonpath.ps1'
[115.804s] INFO:colcon.colcon_core.shell:Creating environment descriptor '/home/mexx/ROB0Car/workspace/src/install/rob0car_interfaces/share/rob0car_interfaces/hook/pythonpath.dsv'
[115.810s] INFO:colcon.colcon_core.shell:Creating environment hook '/home/mexx/ROB0Car/workspace/src/install/rob0car_interfaces/share/rob0car_interfaces/hook/pythonpath.sh'
[115.827s] INFO:colcon.colcon_core.shell:Creating package script '/home/mexx/ROB0Car/workspace/src/install/rob0car_interfaces/share/rob0car_interfaces/package.ps1'
[115.864s] INFO:colcon.colcon_core.shell:Creating package descriptor '/home/mexx/ROB0Car/workspace/src/install/rob0car_interfaces/share/rob0car_interfaces/package.dsv'
[115.885s] INFO:colcon.colcon_core.shell:Creating package script '/home/mexx/ROB0Car/workspace/src/install/rob0car_interfaces/share/rob0car_interfaces/package.sh'
[115.906s] INFO:colcon.colcon_core.shell:Creating package script '/home/mexx/ROB0Car/workspace/src/install/rob0car_interfaces/share/rob0car_interfaces/package.bash'
[115.913s] INFO:colcon.colcon_core.shell:Creating package script '/home/mexx/ROB0Car/workspace/src/install/rob0car_interfaces/share/rob0car_interfaces/package.zsh'
[115.922s] Level 1:colcon.colcon_core.environment:create_file_with_runtime_dependencies(/home/mexx/ROB0Car/workspace/src/install/rob0car_interfaces/share/colcon-core/packages/rob0car_interfaces)
[115.946s] DEBUG:colcon.colcon_parallel_executor.executor.parallel:closing loop
[115.952s] DEBUG:colcon.colcon_parallel_executor.executor.parallel:loop closed
[115.952s] DEBUG:colcon.colcon_parallel_executor.executor.parallel:run_until_complete finished with '0'
[115.954s] DEBUG:colcon.colcon_core.event_reactor:joining thread
[116.020s] INFO:colcon.colcon_core.plugin_system:Skipping extension 'colcon_notification.desktop_notification.terminal_notifier': Not used on non-Darwin systems
[116.020s] INFO:colcon.colcon_core.plugin_system:Skipping extension 'colcon_notification.desktop_notification.win32': Not used on non-Windows systems
[116.020s] INFO:colcon.colcon_notification.desktop_notification:Sending desktop notification using 'notify2'
[116.192s] DEBUG:colcon.colcon_core.event_reactor:joined thread
[116.196s] INFO:colcon.colcon_core.shell:Creating prefix script '/home/mexx/ROB0Car/workspace/src/install/local_setup.ps1'
[116.218s] INFO:colcon.colcon_core.shell:Creating prefix util module '/home/mexx/ROB0Car/workspace/src/install/_local_setup_util_ps1.py'
[116.249s] INFO:colcon.colcon_core.shell:Creating prefix chain script '/home/mexx/ROB0Car/workspace/src/install/setup.ps1'
[116.306s] INFO:colcon.colcon_core.shell:Creating prefix script '/home/mexx/ROB0Car/workspace/src/install/local_setup.sh'
[116.337s] INFO:colcon.colcon_core.shell:Creating prefix util module '/home/mexx/ROB0Car/workspace/src/install/_local_setup_util_sh.py'
[116.350s] INFO:colcon.colcon_core.shell:Creating prefix chain script '/home/mexx/ROB0Car/workspace/src/install/setup.sh'
[116.405s] INFO:colcon.colcon_core.shell:Creating prefix script '/home/mexx/ROB0Car/workspace/src/install/local_setup.bash'
[116.409s] INFO:colcon.colcon_core.shell:Creating prefix chain script '/home/mexx/ROB0Car/workspace/src/install/setup.bash'
[116.471s] INFO:colcon.colcon_core.shell:Creating prefix script '/home/mexx/ROB0Car/workspace/src/install/local_setup.zsh'
[116.482s] INFO:colcon.colcon_core.shell:Creating prefix chain script '/home/mexx/ROB0Car/workspace/src/install/setup.zsh'
