running egg_info
writing ../build/rob0car_sensors/rob0car_sensors.egg-info/PKG-INFO
writing dependency_links to ../build/rob0car_sensors/rob0car_sensors.egg-info/dependency_links.txt
writing entry points to ../build/rob0car_sensors/rob0car_sensors.egg-info/entry_points.txt
writing requirements to ../build/rob0car_sensors/rob0car_sensors.egg-info/requires.txt
writing top-level names to ../build/rob0car_sensors/rob0car_sensors.egg-info/top_level.txt
reading manifest file '../build/rob0car_sensors/rob0car_sensors.egg-info/SOURCES.txt'
writing manifest file '../build/rob0car_sensors/rob0car_sensors.egg-info/SOURCES.txt'
running build
running build_py
copying rob0car_sensors/rob0car_sensors.py -> /home/mexx/ROB0Car/workspace/src/build/rob0car_sensors/build/lib/rob0car_sensors
copying rob0car_sensors/ultrasonic_array_mcp23017.py -> /home/mexx/ROB0Car/workspace/src/build/rob0car_sensors/build/lib/rob0car_sensors
running install
running install_lib
copying /home/mexx/ROB0Car/workspace/src/build/rob0car_sensors/build/lib/rob0car_sensors/rob0car_sensors.py -> /home/mexx/ROB0Car/workspace/src/install/rob0car_sensors/lib/python3.8/site-packages/rob0car_sensors
copying /home/mexx/ROB0Car/workspace/src/build/rob0car_sensors/build/lib/rob0car_sensors/ultrasonic_array_mcp23017.py -> /home/mexx/ROB0Car/workspace/src/install/rob0car_sensors/lib/python3.8/site-packages/rob0car_sensors
byte-compiling /home/mexx/ROB0Car/workspace/src/install/rob0car_sensors/lib/python3.8/site-packages/rob0car_sensors/rob0car_sensors.py to rob0car_sensors.cpython-38.pyc
byte-compiling /home/mexx/ROB0Car/workspace/src/install/rob0car_sensors/lib/python3.8/site-packages/rob0car_sensors/ultrasonic_array_mcp23017.py to ultrasonic_array_mcp23017.cpython-38.pyc
/home/mexx/ROB0Car/workspace/src/install/rob0car_sensors/lib/python3.8/site-packages/rob0car_sensors/ultrasonic_array_mcp23017.py:473: SyntaxWarning: "is not" with a literal. Did you mean "!="?
  while bitmask is not 1:
running install_data
running install_egg_info
removing '/home/mexx/ROB0Car/workspace/src/install/rob0car_sensors/lib/python3.8/site-packages/rob0car_sensors-0.0.0-py3.8.egg-info' (and everything under it)
Copying ../build/rob0car_sensors/rob0car_sensors.egg-info to /home/mexx/ROB0Car/workspace/src/install/rob0car_sensors/lib/python3.8/site-packages/rob0car_sensors-0.0.0-py3.8.egg-info
running install_scripts
Installing rob0car_sensors script to /home/mexx/ROB0Car/workspace/src/install/rob0car_sensors/lib/rob0car_sensors
writing list of installed files to '/home/mexx/ROB0Car/workspace/src/build/rob0car_sensors/install.log'
