[4.804s] Invoking command in '/home/mexx/ROB0Car/workspace/src/rob0car_sensors': PYTHONPATH=/home/mexx/ROB0Car/workspace/src/install/rob0car_sensors/lib/python3.8/site-packages:${PYTHONPATH} /usr/bin/python3 setup.py egg_info --egg-base ../build/rob0car_sensors build --build-base /home/mexx/ROB0Car/workspace/src/build/rob0car_sensors/build install --prefix /home/mexx/ROB0Car/workspace/src/install/rob0car_sensors --record /home/mexx/ROB0Car/workspace/src/build/rob0car_sensors/install.log --single-version-externally-managed
[7.494s] running egg_info
[7.506s] writing ../build/rob0car_sensors/rob0car_sensors.egg-info/PKG-INFO
[7.535s] writing dependency_links to ../build/rob0car_sensors/rob0car_sensors.egg-info/dependency_links.txt
[7.538s] writing entry points to ../build/rob0car_sensors/rob0car_sensors.egg-info/entry_points.txt
[7.542s] writing requirements to ../build/rob0car_sensors/rob0car_sensors.egg-info/requires.txt
[7.546s] writing top-level names to ../build/rob0car_sensors/rob0car_sensors.egg-info/top_level.txt
[8.098s] reading manifest file '../build/rob0car_sensors/rob0car_sensors.egg-info/SOURCES.txt'
[8.111s] writing manifest file '../build/rob0car_sensors/rob0car_sensors.egg-info/SOURCES.txt'
[8.116s] running build
[8.117s] running build_py
[8.118s] copying rob0car_sensors/rob0car_sensors.py -> /home/mexx/ROB0Car/workspace/src/build/rob0car_sensors/build/lib/rob0car_sensors
[8.142s] copying rob0car_sensors/ultrasonic_array_mcp23017.py -> /home/mexx/ROB0Car/workspace/src/build/rob0car_sensors/build/lib/rob0car_sensors
[8.146s] running install
[8.156s] running install_lib
[8.169s] copying /home/mexx/ROB0Car/workspace/src/build/rob0car_sensors/build/lib/rob0car_sensors/rob0car_sensors.py -> /home/mexx/ROB0Car/workspace/src/install/rob0car_sensors/lib/python3.8/site-packages/rob0car_sensors
[8.172s] copying /home/mexx/ROB0Car/workspace/src/build/rob0car_sensors/build/lib/rob0car_sensors/ultrasonic_array_mcp23017.py -> /home/mexx/ROB0Car/workspace/src/install/rob0car_sensors/lib/python3.8/site-packages/rob0car_sensors
[8.177s] byte-compiling /home/mexx/ROB0Car/workspace/src/install/rob0car_sensors/lib/python3.8/site-packages/rob0car_sensors/rob0car_sensors.py to rob0car_sensors.cpython-38.pyc
[8.200s] byte-compiling /home/mexx/ROB0Car/workspace/src/install/rob0car_sensors/lib/python3.8/site-packages/rob0car_sensors/ultrasonic_array_mcp23017.py to ultrasonic_array_mcp23017.cpython-38.pyc
[8.240s] /home/mexx/ROB0Car/workspace/src/install/rob0car_sensors/lib/python3.8/site-packages/rob0car_sensors/ultrasonic_array_mcp23017.py:473: SyntaxWarning: "is not" with a literal. Did you mean "!="?
[8.243s]   while bitmask is not 1:
[8.247s] running install_data
[8.256s] running install_egg_info
[8.270s] removing '/home/mexx/ROB0Car/workspace/src/install/rob0car_sensors/lib/python3.8/site-packages/rob0car_sensors-0.0.0-py3.8.egg-info' (and everything under it)
[8.275s] Copying ../build/rob0car_sensors/rob0car_sensors.egg-info to /home/mexx/ROB0Car/workspace/src/install/rob0car_sensors/lib/python3.8/site-packages/rob0car_sensors-0.0.0-py3.8.egg-info
[8.282s] running install_scripts
[8.578s] Installing rob0car_sensors script to /home/mexx/ROB0Car/workspace/src/install/rob0car_sensors/lib/rob0car_sensors
[8.586s] writing list of installed files to '/home/mexx/ROB0Car/workspace/src/build/rob0car_sensors/install.log'
[8.844s] Invoked command in '/home/mexx/ROB0Car/workspace/src/rob0car_sensors' returned '0': PYTHONPATH=/home/mexx/ROB0Car/workspace/src/install/rob0car_sensors/lib/python3.8/site-packages:${PYTHONPATH} /usr/bin/python3 setup.py egg_info --egg-base ../build/rob0car_sensors build --build-base /home/mexx/ROB0Car/workspace/src/build/rob0car_sensors/build install --prefix /home/mexx/ROB0Car/workspace/src/install/rob0car_sensors --record /home/mexx/ROB0Car/workspace/src/build/rob0car_sensors/install.log --single-version-externally-managed
