running egg_info
writing ../build/rob0car_control/rob0car_control.egg-info/PKG-INFO
writing dependency_links to ../build/rob0car_control/rob0car_control.egg-info/dependency_links.txt
writing entry points to ../build/rob0car_control/rob0car_control.egg-info/entry_points.txt
writing requirements to ../build/rob0car_control/rob0car_control.egg-info/requires.txt
writing top-level names to ../build/rob0car_control/rob0car_control.egg-info/top_level.txt
reading manifest file '../build/rob0car_control/rob0car_control.egg-info/SOURCES.txt'
writing manifest file '../build/rob0car_control/rob0car_control.egg-info/SOURCES.txt'
running build
running build_py
copying rob0car_control/rob0car_control.py -> /home/mexx/ROB0Car/workspace/src/build/rob0car_control/build/lib/rob0car_control
running install
running install_lib
copying /home/mexx/ROB0Car/workspace/src/build/rob0car_control/build/lib/rob0car_control/rob0car_control.py -> /home/mexx/ROB0Car/workspace/src/install/rob0car_control/lib/python3.8/site-packages/rob0car_control
byte-compiling /home/mexx/ROB0Car/workspace/src/install/rob0car_control/lib/python3.8/site-packages/rob0car_control/rob0car_control.py to rob0car_control.cpython-38.pyc
running install_data
copying package.xml -> /home/mexx/ROB0Car/workspace/src/install/rob0car_control/share/rob0car_control
running install_egg_info
removing '/home/mexx/ROB0Car/workspace/src/install/rob0car_control/lib/python3.8/site-packages/rob0car_control-0.0.0-py3.8.egg-info' (and everything under it)
Copying ../build/rob0car_control/rob0car_control.egg-info to /home/mexx/ROB0Car/workspace/src/install/rob0car_control/lib/python3.8/site-packages/rob0car_control-0.0.0-py3.8.egg-info
running install_scripts
Installing rob0car_control script to /home/mexx/ROB0Car/workspace/src/install/rob0car_control/lib/rob0car_control
writing list of installed files to '/home/mexx/ROB0Car/workspace/src/build/rob0car_control/install.log'
