[0.956s] DEBUG:colcon:Command line arguments: ['/usr/bin/colcon', 'build']
[0.956s] DEBUG:colcon:Parsed command line arguments: Namespace(ament_cmake_args=None, base_paths=['.'], build_base='build', catkin_cmake_args=None, catkin_skip_building_tests=False, cmake_args=None, cmake_clean_cache=False, cmake_clean_first=False, cmake_force_configure=False, cmake_target=None, cmake_target_skip_unavailable=False, continue_on_error=False, event_handlers=None, executor='parallel', ignore_user_meta=False, install_base='install', log_base=None, log_level=None, main=<bound method BuildVerb.main of <colcon_core.verb.build.BuildVerb object at 0x7fae031414f0>>, merge_install=False, metas=['./colcon.meta'], packages_above=None, packages_above_and_dependencies=None, packages_above_depth=None, packages_end=None, packages_ignore=None, packages_ignore_regex=None, packages_select=None, packages_select_build_failed=False, packages_select_by_dep=None, packages_select_regex=None, packages_select_test_failures=False, packages_skip=None, packages_skip_build_finished=False, packages_skip_by_dep=None, packages_skip_regex=None, packages_skip_test_passed=False, packages_skip_up_to=None, packages_start=None, packages_up_to=None, packages_up_to_regex=None, parallel_workers=1, paths=None, symlink_install=False, test_result_base=None, verb_extension=<colcon_core.verb.build.BuildVerb object at 0x7fae031414f0>, verb_name='build', verb_parser=<colcon_defaults.argument_parser.defaults.DefaultArgumentsDecorator object at 0x7fae03141a30>)
[0.978s] Level 1:colcon.colcon_core.package_discovery:discover_packages(colcon_meta) check parameters
[0.979s] Level 1:colcon.colcon_core.package_discovery:discover_packages(recursive) check parameters
[0.980s] Level 1:colcon.colcon_core.package_discovery:discover_packages(ignore) check parameters
[0.980s] Level 1:colcon.colcon_core.package_discovery:discover_packages(path) check parameters
[0.981s] Level 1:colcon.colcon_core.package_discovery:discover_packages(colcon_meta) discover
[0.982s] Level 1:colcon.colcon_core.package_discovery:discover_packages(recursive) discover
[0.982s] INFO:colcon.colcon_core.package_discovery:Crawling recursively for packages in '/home/mexx/ROB0Car/workspace/src'
[0.983s] Level 1:colcon.colcon_core.package_identification:_identify(.) by extensions ['ignore', 'ignore_ament_install']
[0.984s] Level 1:colcon.colcon_core.package_identification:_identify(.) by extension 'ignore'
[0.984s] Level 1:colcon.colcon_core.package_identification:_identify(.) by extension 'ignore_ament_install'
[0.985s] Level 1:colcon.colcon_core.package_identification:_identify(.) by extensions ['colcon_pkg']
[0.985s] Level 1:colcon.colcon_core.package_identification:_identify(.) by extension 'colcon_pkg'
[0.985s] Level 1:colcon.colcon_core.package_identification:_identify(.) by extensions ['colcon_meta']
[0.985s] Level 1:colcon.colcon_core.package_identification:_identify(.) by extension 'colcon_meta'
[0.985s] Level 1:colcon.colcon_core.package_identification:_identify(.) by extensions ['ros']
[0.986s] Level 1:colcon.colcon_core.package_identification:_identify(.) by extension 'ros'
[1.027s] Level 1:colcon.colcon_core.package_identification:_identify(.) by extensions ['cmake', 'python']
[1.029s] Level 1:colcon.colcon_core.package_identification:_identify(.) by extension 'cmake'
[1.029s] Level 1:colcon.colcon_core.package_identification:_identify(.) by extension 'python'
[1.030s] Level 1:colcon.colcon_core.package_identification:_identify(.) by extensions ['python_setup_py']
[1.031s] Level 1:colcon.colcon_core.package_identification:_identify(.) by extension 'python_setup_py'
[1.031s] Level 1:colcon.colcon_core.package_identification:_identify(build) by extensions ['ignore', 'ignore_ament_install']
[1.032s] Level 1:colcon.colcon_core.package_identification:_identify(build) by extension 'ignore'
[1.033s] Level 1:colcon.colcon_core.package_identification:_identify(build) ignored
[1.034s] Level 1:colcon.colcon_core.package_identification:_identify(examples) by extensions ['ignore', 'ignore_ament_install']
[1.035s] Level 1:colcon.colcon_core.package_identification:_identify(examples) by extension 'ignore'
[1.035s] Level 1:colcon.colcon_core.package_identification:_identify(examples) by extension 'ignore_ament_install'
[1.036s] Level 1:colcon.colcon_core.package_identification:_identify(examples) by extensions ['colcon_pkg']
[1.037s] Level 1:colcon.colcon_core.package_identification:_identify(examples) by extension 'colcon_pkg'
[1.037s] Level 1:colcon.colcon_core.package_identification:_identify(examples) by extensions ['colcon_meta']
[1.037s] Level 1:colcon.colcon_core.package_identification:_identify(examples) by extension 'colcon_meta'
[1.037s] Level 1:colcon.colcon_core.package_identification:_identify(examples) by extensions ['ros']
[1.037s] Level 1:colcon.colcon_core.package_identification:_identify(examples) by extension 'ros'
[1.038s] Level 1:colcon.colcon_core.package_identification:_identify(examples) by extensions ['cmake', 'python']
[1.038s] Level 1:colcon.colcon_core.package_identification:_identify(examples) by extension 'cmake'
[1.038s] Level 1:colcon.colcon_core.package_identification:_identify(examples) by extension 'python'
[1.038s] Level 1:colcon.colcon_core.package_identification:_identify(examples) by extensions ['python_setup_py']
[1.038s] Level 1:colcon.colcon_core.package_identification:_identify(examples) by extension 'python_setup_py'
[1.038s] Level 1:colcon.colcon_core.package_identification:_identify(install) by extensions ['ignore', 'ignore_ament_install']
[1.039s] Level 1:colcon.colcon_core.package_identification:_identify(install) by extension 'ignore'
[1.039s] Level 1:colcon.colcon_core.package_identification:_identify(install) ignored
[1.039s] Level 1:colcon.colcon_core.package_identification:_identify(log) by extensions ['ignore', 'ignore_ament_install']
[1.039s] Level 1:colcon.colcon_core.package_identification:_identify(log) by extension 'ignore'
[1.039s] Level 1:colcon.colcon_core.package_identification:_identify(log) ignored
[1.039s] Level 1:colcon.colcon_core.package_identification:_identify(python) by extensions ['ignore', 'ignore_ament_install']
[1.040s] Level 1:colcon.colcon_core.package_identification:_identify(python) by extension 'ignore'
[1.040s] Level 1:colcon.colcon_core.package_identification:_identify(python) by extension 'ignore_ament_install'
[1.040s] Level 1:colcon.colcon_core.package_identification:_identify(python) by extensions ['colcon_pkg']
[1.040s] Level 1:colcon.colcon_core.package_identification:_identify(python) by extension 'colcon_pkg'
[1.040s] Level 1:colcon.colcon_core.package_identification:_identify(python) by extensions ['colcon_meta']
[1.044s] Level 1:colcon.colcon_core.package_identification:_identify(python) by extension 'colcon_meta'
[1.044s] Level 1:colcon.colcon_core.package_identification:_identify(python) by extensions ['ros']
[1.045s] Level 1:colcon.colcon_core.package_identification:_identify(python) by extension 'ros'
[1.046s] Level 1:colcon.colcon_core.package_identification:_identify(python) by extensions ['cmake', 'python']
[1.047s] Level 1:colcon.colcon_core.package_identification:_identify(python) by extension 'cmake'
[1.047s] Level 1:colcon.colcon_core.package_identification:_identify(python) by extension 'python'
[1.048s] Level 1:colcon.colcon_core.package_identification:_identify(python) by extensions ['python_setup_py']
[1.048s] Level 1:colcon.colcon_core.package_identification:_identify(python) by extension 'python_setup_py'
[1.048s] Level 1:colcon.colcon_core.package_identification:_identify(rob0car_actors) by extensions ['ignore', 'ignore_ament_install']
[1.049s] Level 1:colcon.colcon_core.package_identification:_identify(rob0car_actors) by extension 'ignore'
[1.050s] Level 1:colcon.colcon_core.package_identification:_identify(rob0car_actors) by extension 'ignore_ament_install'
[1.050s] Level 1:colcon.colcon_core.package_identification:_identify(rob0car_actors) by extensions ['colcon_pkg']
[1.050s] Level 1:colcon.colcon_core.package_identification:_identify(rob0car_actors) by extension 'colcon_pkg'
[1.050s] Level 1:colcon.colcon_core.package_identification:_identify(rob0car_actors) by extensions ['colcon_meta']
[1.051s] Level 1:colcon.colcon_core.package_identification:_identify(rob0car_actors) by extension 'colcon_meta'
[1.051s] Level 1:colcon.colcon_core.package_identification:_identify(rob0car_actors) by extensions ['ros']
[1.051s] Level 1:colcon.colcon_core.package_identification:_identify(rob0car_actors) by extension 'ros'
[1.059s] DEBUG:colcon.colcon_core.package_identification:Package 'rob0car_actors' with type 'ros.ament_python' and name 'rob0car_actors'
[1.060s] Level 1:colcon.colcon_core.package_identification:_identify(rob0car_control) by extensions ['ignore', 'ignore_ament_install']
[1.061s] Level 1:colcon.colcon_core.package_identification:_identify(rob0car_control) by extension 'ignore'
[1.064s] Level 1:colcon.colcon_core.package_identification:_identify(rob0car_control) by extension 'ignore_ament_install'
[1.064s] Level 1:colcon.colcon_core.package_identification:_identify(rob0car_control) by extensions ['colcon_pkg']
[1.064s] Level 1:colcon.colcon_core.package_identification:_identify(rob0car_control) by extension 'colcon_pkg'
[1.064s] Level 1:colcon.colcon_core.package_identification:_identify(rob0car_control) by extensions ['colcon_meta']
[1.065s] Level 1:colcon.colcon_core.package_identification:_identify(rob0car_control) by extension 'colcon_meta'
[1.066s] Level 1:colcon.colcon_core.package_identification:_identify(rob0car_control) by extensions ['ros']
[1.066s] Level 1:colcon.colcon_core.package_identification:_identify(rob0car_control) by extension 'ros'
[1.069s] DEBUG:colcon.colcon_core.package_identification:Package 'rob0car_control' with type 'ros.ament_python' and name 'rob0car_control'
[1.070s] Level 1:colcon.colcon_core.package_identification:_identify(rob0car_interfaces) by extensions ['ignore', 'ignore_ament_install']
[1.071s] Level 1:colcon.colcon_core.package_identification:_identify(rob0car_interfaces) by extension 'ignore'
[1.071s] Level 1:colcon.colcon_core.package_identification:_identify(rob0car_interfaces) by extension 'ignore_ament_install'
[1.071s] Level 1:colcon.colcon_core.package_identification:_identify(rob0car_interfaces) by extensions ['colcon_pkg']
[1.071s] Level 1:colcon.colcon_core.package_identification:_identify(rob0car_interfaces) by extension 'colcon_pkg'
[1.072s] Level 1:colcon.colcon_core.package_identification:_identify(rob0car_interfaces) by extensions ['colcon_meta']
[1.072s] Level 1:colcon.colcon_core.package_identification:_identify(rob0car_interfaces) by extension 'colcon_meta'
[1.072s] Level 1:colcon.colcon_core.package_identification:_identify(rob0car_interfaces) by extensions ['ros']
[1.072s] Level 1:colcon.colcon_core.package_identification:_identify(rob0car_interfaces) by extension 'ros'
[1.075s] DEBUG:colcon.colcon_core.package_identification:Package 'rob0car_interfaces' with type 'ros.ament_cmake' and name 'rob0car_interfaces'
[1.076s] Level 1:colcon.colcon_core.package_identification:_identify(rob0car_launch) by extensions ['ignore', 'ignore_ament_install']
[1.077s] Level 1:colcon.colcon_core.package_identification:_identify(rob0car_launch) by extension 'ignore'
[1.080s] Level 1:colcon.colcon_core.package_identification:_identify(rob0car_launch) by extension 'ignore_ament_install'
[1.081s] Level 1:colcon.colcon_core.package_identification:_identify(rob0car_launch) by extensions ['colcon_pkg']
[1.082s] Level 1:colcon.colcon_core.package_identification:_identify(rob0car_launch) by extension 'colcon_pkg'
[1.086s] Level 1:colcon.colcon_core.package_identification:_identify(rob0car_launch) by extensions ['colcon_meta']
[1.087s] Level 1:colcon.colcon_core.package_identification:_identify(rob0car_launch) by extension 'colcon_meta'
[1.087s] Level 1:colcon.colcon_core.package_identification:_identify(rob0car_launch) by extensions ['ros']
[1.088s] Level 1:colcon.colcon_core.package_identification:_identify(rob0car_launch) by extension 'ros'
[1.090s] DEBUG:colcon.colcon_core.package_identification:Package 'rob0car_launch' with type 'ros.ament_cmake' and name 'rob0car_launch'
[1.093s] Level 1:colcon.colcon_core.package_identification:_identify(rob0car_sensors) by extensions ['ignore', 'ignore_ament_install']
[1.094s] Level 1:colcon.colcon_core.package_identification:_identify(rob0car_sensors) by extension 'ignore'
[1.095s] Level 1:colcon.colcon_core.package_identification:_identify(rob0car_sensors) by extension 'ignore_ament_install'
[1.097s] Level 1:colcon.colcon_core.package_identification:_identify(rob0car_sensors) by extensions ['colcon_pkg']
[1.098s] Level 1:colcon.colcon_core.package_identification:_identify(rob0car_sensors) by extension 'colcon_pkg'
[1.099s] Level 1:colcon.colcon_core.package_identification:_identify(rob0car_sensors) by extensions ['colcon_meta']
[1.099s] Level 1:colcon.colcon_core.package_identification:_identify(rob0car_sensors) by extension 'colcon_meta'
[1.099s] Level 1:colcon.colcon_core.package_identification:_identify(rob0car_sensors) by extensions ['ros']
[1.100s] Level 1:colcon.colcon_core.package_identification:_identify(rob0car_sensors) by extension 'ros'
[1.104s] DEBUG:colcon.colcon_core.package_identification:Package 'rob0car_sensors' with type 'ros.ament_python' and name 'rob0car_sensors'
[1.105s] Level 1:colcon.colcon_core.package_discovery:discover_packages(recursive) using defaults
[1.106s] Level 1:colcon.colcon_core.package_discovery:discover_packages(ignore) discover
[1.106s] Level 1:colcon.colcon_core.package_discovery:discover_packages(ignore) using defaults
[1.108s] Level 1:colcon.colcon_core.package_discovery:discover_packages(path) discover
[1.108s] Level 1:colcon.colcon_core.package_discovery:discover_packages(path) using defaults
[1.227s] Level 5:colcon.colcon_core.verb:set package 'rob0car_interfaces' build argument 'cmake_args' from command line to 'None'
[1.230s] Level 5:colcon.colcon_core.verb:set package 'rob0car_interfaces' build argument 'cmake_target' from command line to 'None'
[1.231s] Level 5:colcon.colcon_core.verb:set package 'rob0car_interfaces' build argument 'cmake_target_skip_unavailable' from command line to 'False'
[1.232s] Level 5:colcon.colcon_core.verb:set package 'rob0car_interfaces' build argument 'cmake_clean_cache' from command line to 'False'
[1.233s] Level 5:colcon.colcon_core.verb:set package 'rob0car_interfaces' build argument 'cmake_clean_first' from command line to 'False'
[1.233s] Level 5:colcon.colcon_core.verb:set package 'rob0car_interfaces' build argument 'cmake_force_configure' from command line to 'False'
[1.234s] Level 5:colcon.colcon_core.verb:set package 'rob0car_interfaces' build argument 'ament_cmake_args' from command line to 'None'
[1.235s] Level 5:colcon.colcon_core.verb:set package 'rob0car_interfaces' build argument 'catkin_cmake_args' from command line to 'None'
[1.235s] Level 5:colcon.colcon_core.verb:set package 'rob0car_interfaces' build argument 'catkin_skip_building_tests' from command line to 'False'
[1.236s] DEBUG:colcon.colcon_core.verb:Building package 'rob0car_interfaces' with the following arguments: {'ament_cmake_args': None, 'build_base': '/home/mexx/ROB0Car/workspace/src/build/rob0car_interfaces', 'catkin_cmake_args': None, 'catkin_skip_building_tests': False, 'cmake_args': None, 'cmake_clean_cache': False, 'cmake_clean_first': False, 'cmake_force_configure': False, 'cmake_target': None, 'cmake_target_skip_unavailable': False, 'install_base': '/home/mexx/ROB0Car/workspace/src/install/rob0car_interfaces', 'merge_install': False, 'path': '/home/mexx/ROB0Car/workspace/src/rob0car_interfaces', 'symlink_install': False, 'test_result_base': None}
[1.246s] Level 5:colcon.colcon_core.verb:set package 'rob0car_sensors' build argument 'cmake_args' from command line to 'None'
[1.247s] Level 5:colcon.colcon_core.verb:set package 'rob0car_sensors' build argument 'cmake_target' from command line to 'None'
[1.248s] Level 5:colcon.colcon_core.verb:set package 'rob0car_sensors' build argument 'cmake_target_skip_unavailable' from command line to 'False'
[1.249s] Level 5:colcon.colcon_core.verb:set package 'rob0car_sensors' build argument 'cmake_clean_cache' from command line to 'False'
[1.249s] Level 5:colcon.colcon_core.verb:set package 'rob0car_sensors' build argument 'cmake_clean_first' from command line to 'False'
[1.250s] Level 5:colcon.colcon_core.verb:set package 'rob0car_sensors' build argument 'cmake_force_configure' from command line to 'False'
[1.250s] Level 5:colcon.colcon_core.verb:set package 'rob0car_sensors' build argument 'ament_cmake_args' from command line to 'None'
[1.251s] Level 5:colcon.colcon_core.verb:set package 'rob0car_sensors' build argument 'catkin_cmake_args' from command line to 'None'
[1.251s] Level 5:colcon.colcon_core.verb:set package 'rob0car_sensors' build argument 'catkin_skip_building_tests' from command line to 'False'
[1.251s] DEBUG:colcon.colcon_core.verb:Building package 'rob0car_sensors' with the following arguments: {'ament_cmake_args': None, 'build_base': '/home/mexx/ROB0Car/workspace/src/build/rob0car_sensors', 'catkin_cmake_args': None, 'catkin_skip_building_tests': False, 'cmake_args': None, 'cmake_clean_cache': False, 'cmake_clean_first': False, 'cmake_force_configure': False, 'cmake_target': None, 'cmake_target_skip_unavailable': False, 'install_base': '/home/mexx/ROB0Car/workspace/src/install/rob0car_sensors', 'merge_install': False, 'path': '/home/mexx/ROB0Car/workspace/src/rob0car_sensors', 'symlink_install': False, 'test_result_base': None}
[1.261s] Level 5:colcon.colcon_core.verb:set package 'rob0car_actors' build argument 'cmake_args' from command line to 'None'
[1.261s] Level 5:colcon.colcon_core.verb:set package 'rob0car_actors' build argument 'cmake_target' from command line to 'None'
[1.262s] Level 5:colcon.colcon_core.verb:set package 'rob0car_actors' build argument 'cmake_target_skip_unavailable' from command line to 'False'
[1.263s] Level 5:colcon.colcon_core.verb:set package 'rob0car_actors' build argument 'cmake_clean_cache' from command line to 'False'
[1.263s] Level 5:colcon.colcon_core.verb:set package 'rob0car_actors' build argument 'cmake_clean_first' from command line to 'False'
[1.264s] Level 5:colcon.colcon_core.verb:set package 'rob0car_actors' build argument 'cmake_force_configure' from command line to 'False'
[1.264s] Level 5:colcon.colcon_core.verb:set package 'rob0car_actors' build argument 'ament_cmake_args' from command line to 'None'
[1.265s] Level 5:colcon.colcon_core.verb:set package 'rob0car_actors' build argument 'catkin_cmake_args' from command line to 'None'
[1.266s] Level 5:colcon.colcon_core.verb:set package 'rob0car_actors' build argument 'catkin_skip_building_tests' from command line to 'False'
[1.266s] DEBUG:colcon.colcon_core.verb:Building package 'rob0car_actors' with the following arguments: {'ament_cmake_args': None, 'build_base': '/home/mexx/ROB0Car/workspace/src/build/rob0car_actors', 'catkin_cmake_args': None, 'catkin_skip_building_tests': False, 'cmake_args': None, 'cmake_clean_cache': False, 'cmake_clean_first': False, 'cmake_force_configure': False, 'cmake_target': None, 'cmake_target_skip_unavailable': False, 'install_base': '/home/mexx/ROB0Car/workspace/src/install/rob0car_actors', 'merge_install': False, 'path': '/home/mexx/ROB0Car/workspace/src/rob0car_actors', 'symlink_install': False, 'test_result_base': None}
[1.275s] Level 5:colcon.colcon_core.verb:set package 'rob0car_control' build argument 'cmake_args' from command line to 'None'
[1.276s] Level 5:colcon.colcon_core.verb:set package 'rob0car_control' build argument 'cmake_target' from command line to 'None'
[1.277s] Level 5:colcon.colcon_core.verb:set package 'rob0car_control' build argument 'cmake_target_skip_unavailable' from command line to 'False'
[1.277s] Level 5:colcon.colcon_core.verb:set package 'rob0car_control' build argument 'cmake_clean_cache' from command line to 'False'
[1.281s] Level 5:colcon.colcon_core.verb:set package 'rob0car_control' build argument 'cmake_clean_first' from command line to 'False'
[1.282s] Level 5:colcon.colcon_core.verb:set package 'rob0car_control' build argument 'cmake_force_configure' from command line to 'False'
[1.282s] Level 5:colcon.colcon_core.verb:set package 'rob0car_control' build argument 'ament_cmake_args' from command line to 'None'
[1.283s] Level 5:colcon.colcon_core.verb:set package 'rob0car_control' build argument 'catkin_cmake_args' from command line to 'None'
[1.283s] Level 5:colcon.colcon_core.verb:set package 'rob0car_control' build argument 'catkin_skip_building_tests' from command line to 'False'
[1.283s] DEBUG:colcon.colcon_core.verb:Building package 'rob0car_control' with the following arguments: {'ament_cmake_args': None, 'build_base': '/home/mexx/ROB0Car/workspace/src/build/rob0car_control', 'catkin_cmake_args': None, 'catkin_skip_building_tests': False, 'cmake_args': None, 'cmake_clean_cache': False, 'cmake_clean_first': False, 'cmake_force_configure': False, 'cmake_target': None, 'cmake_target_skip_unavailable': False, 'install_base': '/home/mexx/ROB0Car/workspace/src/install/rob0car_control', 'merge_install': False, 'path': '/home/mexx/ROB0Car/workspace/src/rob0car_control', 'symlink_install': False, 'test_result_base': None}
[1.292s] Level 5:colcon.colcon_core.verb:set package 'rob0car_launch' build argument 'cmake_args' from command line to 'None'
[1.293s] Level 5:colcon.colcon_core.verb:set package 'rob0car_launch' build argument 'cmake_target' from command line to 'None'
[1.294s] Level 5:colcon.colcon_core.verb:set package 'rob0car_launch' build argument 'cmake_target_skip_unavailable' from command line to 'False'
[1.295s] Level 5:colcon.colcon_core.verb:set package 'rob0car_launch' build argument 'cmake_clean_cache' from command line to 'False'
[1.295s] Level 5:colcon.colcon_core.verb:set package 'rob0car_launch' build argument 'cmake_clean_first' from command line to 'False'
[1.296s] Level 5:colcon.colcon_core.verb:set package 'rob0car_launch' build argument 'cmake_force_configure' from command line to 'False'
[1.296s] Level 5:colcon.colcon_core.verb:set package 'rob0car_launch' build argument 'ament_cmake_args' from command line to 'None'
[1.297s] Level 5:colcon.colcon_core.verb:set package 'rob0car_launch' build argument 'catkin_cmake_args' from command line to 'None'
[1.298s] Level 5:colcon.colcon_core.verb:set package 'rob0car_launch' build argument 'catkin_skip_building_tests' from command line to 'False'
[1.298s] DEBUG:colcon.colcon_core.verb:Building package 'rob0car_launch' with the following arguments: {'ament_cmake_args': None, 'build_base': '/home/mexx/ROB0Car/workspace/src/build/rob0car_launch', 'catkin_cmake_args': None, 'catkin_skip_building_tests': False, 'cmake_args': None, 'cmake_clean_cache': False, 'cmake_clean_first': False, 'cmake_force_configure': False, 'cmake_target': None, 'cmake_target_skip_unavailable': False, 'install_base': '/home/mexx/ROB0Car/workspace/src/install/rob0car_launch', 'merge_install': False, 'path': '/home/mexx/ROB0Car/workspace/src/rob0car_launch', 'symlink_install': False, 'test_result_base': None}
[1.299s] INFO:colcon.colcon_core.executor:Executing jobs using 'parallel' executor
[1.306s] DEBUG:colcon.colcon_parallel_executor.executor.parallel:run_until_complete
[1.306s] INFO:colcon.colcon_ros.task.ament_cmake.build:Building ROS package in '/home/mexx/ROB0Car/workspace/src/rob0car_interfaces' with build type 'ament_cmake'
[1.306s] INFO:colcon.colcon_cmake.task.cmake.build:Building CMake package in '/home/mexx/ROB0Car/workspace/src/rob0car_interfaces'
[1.359s] INFO:colcon.colcon_core.plugin_system:Skipping extension 'colcon_core.shell.bat': Not used on non-Windows systems
[1.364s] INFO:colcon.colcon_core.shell:Skip shell extension 'powershell' for command environment: Not usable outside of PowerShell
[1.366s] DEBUG:colcon.colcon_core.shell:Skip shell extension 'dsv' for command environment
[1.394s] DEBUG:colcon.colcon_core.shell:Ignoring prefix path '/opt/ros/foxy'
[1.489s] DEBUG:colcon.colcon_core.event_handler.log_command:Invoking command in '/home/mexx/ROB0Car/workspace/src/build/rob0car_interfaces': CMAKE_PREFIX_PATH=${CMAKE_PREFIX_PATH}:/home/mexx/ROB0Car/workspace/src/install/rob0car_sensors:/home/mexx/ROB0Car/workspace/src/install/rob0car_control:/home/mexx/ROB0Car/workspace/src/install/rob0car_actors:/home/mexx/ROB0Car/workspace/install/rob0car_control:/home/mexx/ROB0Car/workspace/install/rob0car_actors:/home/mexx/ROB0Car/workspace/install/rob0car_sensors:/opt/ros/foxy /usr/bin/cmake --build /home/mexx/ROB0Car/workspace/src/build/rob0car_interfaces -- -j1 -l1
[8.485s] DEBUG:colcon.colcon_core.event_handler.log_command:Invoked command in '/home/mexx/ROB0Car/workspace/src/build/rob0car_interfaces' returned '0': CMAKE_PREFIX_PATH=${CMAKE_PREFIX_PATH}:/home/mexx/ROB0Car/workspace/src/install/rob0car_sensors:/home/mexx/ROB0Car/workspace/src/install/rob0car_control:/home/mexx/ROB0Car/workspace/src/install/rob0car_actors:/home/mexx/ROB0Car/workspace/install/rob0car_control:/home/mexx/ROB0Car/workspace/install/rob0car_actors:/home/mexx/ROB0Car/workspace/install/rob0car_sensors:/opt/ros/foxy /usr/bin/cmake --build /home/mexx/ROB0Car/workspace/src/build/rob0car_interfaces -- -j1 -l1
[9.746s] DEBUG:colcon.colcon_core.event_handler.log_command:Invoking command in '/home/mexx/ROB0Car/workspace/src/build/rob0car_interfaces': CMAKE_PREFIX_PATH=${CMAKE_PREFIX_PATH}:/home/mexx/ROB0Car/workspace/src/install/rob0car_sensors:/home/mexx/ROB0Car/workspace/src/install/rob0car_control:/home/mexx/ROB0Car/workspace/src/install/rob0car_actors:/home/mexx/ROB0Car/workspace/install/rob0car_control:/home/mexx/ROB0Car/workspace/install/rob0car_actors:/home/mexx/ROB0Car/workspace/install/rob0car_sensors:/opt/ros/foxy /usr/bin/cmake --install /home/mexx/ROB0Car/workspace/src/build/rob0car_interfaces
[11.029s] Level 1:colcon.colcon_core.environment:create_environment_scripts_only(rob0car_interfaces)
[11.039s] DEBUG:colcon.colcon_core.event_handler.log_command:Invoked command in '/home/mexx/ROB0Car/workspace/src/build/rob0car_interfaces' returned '0': CMAKE_PREFIX_PATH=${CMAKE_PREFIX_PATH}:/home/mexx/ROB0Car/workspace/src/install/rob0car_sensors:/home/mexx/ROB0Car/workspace/src/install/rob0car_control:/home/mexx/ROB0Car/workspace/src/install/rob0car_actors:/home/mexx/ROB0Car/workspace/install/rob0car_control:/home/mexx/ROB0Car/workspace/install/rob0car_actors:/home/mexx/ROB0Car/workspace/install/rob0car_sensors:/opt/ros/foxy /usr/bin/cmake --install /home/mexx/ROB0Car/workspace/src/build/rob0car_interfaces
[11.111s] Level 1:colcon.colcon_core.environment:checking '/home/mexx/ROB0Car/workspace/src/install/rob0car_interfaces' for CMake module files
[11.129s] Level 1:colcon.colcon_core.environment:checking '/home/mexx/ROB0Car/workspace/src/install/rob0car_interfaces' for CMake config files
[11.130s] Level 1:colcon.colcon_core.shell:create_environment_hook('rob0car_interfaces', 'cmake_prefix_path')
[11.132s] INFO:colcon.colcon_core.shell:Creating environment hook '/home/mexx/ROB0Car/workspace/src/install/rob0car_interfaces/share/rob0car_interfaces/hook/cmake_prefix_path.ps1'
[11.185s] INFO:colcon.colcon_core.shell:Creating environment descriptor '/home/mexx/ROB0Car/workspace/src/install/rob0car_interfaces/share/rob0car_interfaces/hook/cmake_prefix_path.dsv'
[11.193s] INFO:colcon.colcon_core.shell:Creating environment hook '/home/mexx/ROB0Car/workspace/src/install/rob0car_interfaces/share/rob0car_interfaces/hook/cmake_prefix_path.sh'
[11.206s] Level 1:colcon.colcon_core.environment:checking '/home/mexx/ROB0Car/workspace/src/install/rob0car_interfaces/lib'
[11.206s] Level 1:colcon.colcon_core.shell:create_environment_hook('rob0car_interfaces', 'ld_library_path_lib')
[11.223s] INFO:colcon.colcon_core.shell:Creating environment hook '/home/mexx/ROB0Car/workspace/src/install/rob0car_interfaces/share/rob0car_interfaces/hook/ld_library_path_lib.ps1'
[11.224s] INFO:colcon.colcon_core.shell:Creating environment descriptor '/home/mexx/ROB0Car/workspace/src/install/rob0car_interfaces/share/rob0car_interfaces/hook/ld_library_path_lib.dsv'
[11.243s] INFO:colcon.colcon_core.shell:Creating environment hook '/home/mexx/ROB0Car/workspace/src/install/rob0car_interfaces/share/rob0car_interfaces/hook/ld_library_path_lib.sh'
[11.264s] Level 1:colcon.colcon_core.environment:checking '/home/mexx/ROB0Car/workspace/src/install/rob0car_interfaces/bin'
[11.265s] Level 1:colcon.colcon_core.environment:checking '/home/mexx/ROB0Car/workspace/src/install/rob0car_interfaces/lib/pkgconfig/rob0car_interfaces.pc'
[11.265s] Level 1:colcon.colcon_core.environment:checking '/home/mexx/ROB0Car/workspace/src/install/rob0car_interfaces/lib/python3.8/site-packages'
[11.265s] Level 1:colcon.colcon_core.shell:create_environment_hook('rob0car_interfaces', 'pythonpath')
[11.281s] INFO:colcon.colcon_core.shell:Creating environment hook '/home/mexx/ROB0Car/workspace/src/install/rob0car_interfaces/share/rob0car_interfaces/hook/pythonpath.ps1'
[11.293s] INFO:colcon.colcon_core.shell:Creating environment descriptor '/home/mexx/ROB0Car/workspace/src/install/rob0car_interfaces/share/rob0car_interfaces/hook/pythonpath.dsv'
[11.298s] INFO:colcon.colcon_core.shell:Creating environment hook '/home/mexx/ROB0Car/workspace/src/install/rob0car_interfaces/share/rob0car_interfaces/hook/pythonpath.sh'
[11.307s] INFO:colcon.colcon_core.shell:Creating package script '/home/mexx/ROB0Car/workspace/src/install/rob0car_interfaces/share/rob0car_interfaces/package.ps1'
[11.341s] INFO:colcon.colcon_core.shell:Creating package descriptor '/home/mexx/ROB0Car/workspace/src/install/rob0car_interfaces/share/rob0car_interfaces/package.dsv'
[11.350s] INFO:colcon.colcon_core.shell:Creating package script '/home/mexx/ROB0Car/workspace/src/install/rob0car_interfaces/share/rob0car_interfaces/package.sh'
[11.401s] INFO:colcon.colcon_core.shell:Creating package script '/home/mexx/ROB0Car/workspace/src/install/rob0car_interfaces/share/rob0car_interfaces/package.bash'
[11.424s] INFO:colcon.colcon_core.shell:Creating package script '/home/mexx/ROB0Car/workspace/src/install/rob0car_interfaces/share/rob0car_interfaces/package.zsh'
[11.439s] Level 1:colcon.colcon_core.environment:create_file_with_runtime_dependencies(/home/mexx/ROB0Car/workspace/src/install/rob0car_interfaces/share/colcon-core/packages/rob0car_interfaces)
[12.691s] Level 1:colcon.colcon_core.environment:create_environment_scripts_only(rob0car_interfaces)
[12.699s] Level 1:colcon.colcon_core.environment:checking '/home/mexx/ROB0Car/workspace/src/install/rob0car_interfaces' for CMake module files
[12.735s] Level 1:colcon.colcon_core.environment:checking '/home/mexx/ROB0Car/workspace/src/install/rob0car_interfaces' for CMake config files
[12.752s] Level 1:colcon.colcon_core.shell:create_environment_hook('rob0car_interfaces', 'cmake_prefix_path')
[12.763s] INFO:colcon.colcon_core.shell:Creating environment hook '/home/mexx/ROB0Car/workspace/src/install/rob0car_interfaces/share/rob0car_interfaces/hook/cmake_prefix_path.ps1'
[12.786s] INFO:colcon.colcon_core.shell:Creating environment descriptor '/home/mexx/ROB0Car/workspace/src/install/rob0car_interfaces/share/rob0car_interfaces/hook/cmake_prefix_path.dsv'
[12.790s] INFO:colcon.colcon_core.shell:Creating environment hook '/home/mexx/ROB0Car/workspace/src/install/rob0car_interfaces/share/rob0car_interfaces/hook/cmake_prefix_path.sh'
[12.806s] Level 1:colcon.colcon_core.environment:checking '/home/mexx/ROB0Car/workspace/src/install/rob0car_interfaces/lib'
[12.806s] Level 1:colcon.colcon_core.shell:create_environment_hook('rob0car_interfaces', 'ld_library_path_lib')
[12.808s] INFO:colcon.colcon_core.shell:Creating environment hook '/home/mexx/ROB0Car/workspace/src/install/rob0car_interfaces/share/rob0car_interfaces/hook/ld_library_path_lib.ps1'
[12.825s] INFO:colcon.colcon_core.shell:Creating environment descriptor '/home/mexx/ROB0Car/workspace/src/install/rob0car_interfaces/share/rob0car_interfaces/hook/ld_library_path_lib.dsv'
[12.849s] INFO:colcon.colcon_core.shell:Creating environment hook '/home/mexx/ROB0Car/workspace/src/install/rob0car_interfaces/share/rob0car_interfaces/hook/ld_library_path_lib.sh'
[12.866s] Level 1:colcon.colcon_core.environment:checking '/home/mexx/ROB0Car/workspace/src/install/rob0car_interfaces/bin'
[12.866s] Level 1:colcon.colcon_core.environment:checking '/home/mexx/ROB0Car/workspace/src/install/rob0car_interfaces/lib/pkgconfig/rob0car_interfaces.pc'
[12.866s] Level 1:colcon.colcon_core.environment:checking '/home/mexx/ROB0Car/workspace/src/install/rob0car_interfaces/lib/python3.8/site-packages'
[12.866s] Level 1:colcon.colcon_core.shell:create_environment_hook('rob0car_interfaces', 'pythonpath')
[12.879s] INFO:colcon.colcon_core.shell:Creating environment hook '/home/mexx/ROB0Car/workspace/src/install/rob0car_interfaces/share/rob0car_interfaces/hook/pythonpath.ps1'
[12.893s] INFO:colcon.colcon_core.shell:Creating environment descriptor '/home/mexx/ROB0Car/workspace/src/install/rob0car_interfaces/share/rob0car_interfaces/hook/pythonpath.dsv'
[12.901s] INFO:colcon.colcon_core.shell:Creating environment hook '/home/mexx/ROB0Car/workspace/src/install/rob0car_interfaces/share/rob0car_interfaces/hook/pythonpath.sh'
[12.910s] INFO:colcon.colcon_core.shell:Creating package script '/home/mexx/ROB0Car/workspace/src/install/rob0car_interfaces/share/rob0car_interfaces/package.ps1'
[12.935s] INFO:colcon.colcon_core.shell:Creating package descriptor '/home/mexx/ROB0Car/workspace/src/install/rob0car_interfaces/share/rob0car_interfaces/package.dsv'
[12.969s] INFO:colcon.colcon_core.shell:Creating package script '/home/mexx/ROB0Car/workspace/src/install/rob0car_interfaces/share/rob0car_interfaces/package.sh'
[12.985s] INFO:colcon.colcon_core.shell:Creating package script '/home/mexx/ROB0Car/workspace/src/install/rob0car_interfaces/share/rob0car_interfaces/package.bash'
[12.990s] INFO:colcon.colcon_core.shell:Creating package script '/home/mexx/ROB0Car/workspace/src/install/rob0car_interfaces/share/rob0car_interfaces/package.zsh'
[13.001s] Level 1:colcon.colcon_core.environment:create_file_with_runtime_dependencies(/home/mexx/ROB0Car/workspace/src/install/rob0car_interfaces/share/colcon-core/packages/rob0car_interfaces)
[13.021s] INFO:colcon.colcon_ros.task.ament_python.build:Building ROS package in '/home/mexx/ROB0Car/workspace/src/rob0car_sensors' with build type 'ament_python'
[13.025s] Level 1:colcon.colcon_core.shell:create_environment_hook('rob0car_sensors', 'ament_prefix_path')
[13.027s] INFO:colcon.colcon_core.shell:Creating environment hook '/home/mexx/ROB0Car/workspace/src/install/rob0car_sensors/share/rob0car_sensors/hook/ament_prefix_path.ps1'
[13.049s] INFO:colcon.colcon_core.shell:Creating environment descriptor '/home/mexx/ROB0Car/workspace/src/install/rob0car_sensors/share/rob0car_sensors/hook/ament_prefix_path.dsv'
[13.054s] INFO:colcon.colcon_core.shell:Creating environment hook '/home/mexx/ROB0Car/workspace/src/install/rob0car_sensors/share/rob0car_sensors/hook/ament_prefix_path.sh'
[13.077s] INFO:colcon.colcon_core.shell:Skip shell extension 'powershell' for command environment: Not usable outside of PowerShell
[13.078s] DEBUG:colcon.colcon_core.shell:Skip shell extension 'dsv' for command environment
[13.124s] DEBUG:colcon.colcon_core.shell:Ignoring prefix path '/opt/ros/foxy'
[18.275s] INFO:colcon.colcon_core.task.python.build:Building Python package in '/home/mexx/ROB0Car/workspace/src/rob0car_sensors'
[18.288s] INFO:colcon.colcon_core.shell:Skip shell extension 'powershell' for command environment: Not usable outside of PowerShell
[18.291s] DEBUG:colcon.colcon_core.shell:Skip shell extension 'dsv' for command environment
[18.372s] DEBUG:colcon.colcon_core.shell:Ignoring prefix path '/opt/ros/foxy'
[18.485s] DEBUG:colcon.colcon_core.event_handler.log_command:Invoking command in '/home/mexx/ROB0Car/workspace/src/rob0car_sensors': PYTHONPATH=/home/mexx/ROB0Car/workspace/src/install/rob0car_sensors/lib/python3.8/site-packages:${PYTHONPATH} /usr/bin/python3 setup.py egg_info --egg-base ../build/rob0car_sensors build --build-base /home/mexx/ROB0Car/workspace/src/build/rob0car_sensors/build install --prefix /home/mexx/ROB0Car/workspace/src/install/rob0car_sensors --record /home/mexx/ROB0Car/workspace/src/build/rob0car_sensors/install.log --single-version-externally-managed
[25.352s] Level 1:colcon.colcon_core.environment:checking '/home/mexx/ROB0Car/workspace/src/install/rob0car_sensors' for CMake module files
[25.357s] DEBUG:colcon.colcon_core.event_handler.log_command:Invoked command in '/home/mexx/ROB0Car/workspace/src/rob0car_sensors' returned '0': PYTHONPATH=/home/mexx/ROB0Car/workspace/src/install/rob0car_sensors/lib/python3.8/site-packages:${PYTHONPATH} /usr/bin/python3 setup.py egg_info --egg-base ../build/rob0car_sensors build --build-base /home/mexx/ROB0Car/workspace/src/build/rob0car_sensors/build install --prefix /home/mexx/ROB0Car/workspace/src/install/rob0car_sensors --record /home/mexx/ROB0Car/workspace/src/build/rob0car_sensors/install.log --single-version-externally-managed
[25.374s] Level 1:colcon.colcon_core.environment:checking '/home/mexx/ROB0Car/workspace/src/install/rob0car_sensors' for CMake config files
[25.376s] Level 1:colcon.colcon_core.environment:checking '/home/mexx/ROB0Car/workspace/src/install/rob0car_sensors/lib'
[25.376s] Level 1:colcon.colcon_core.environment:checking '/home/mexx/ROB0Car/workspace/src/install/rob0car_sensors/bin'
[25.376s] Level 1:colcon.colcon_core.environment:checking '/home/mexx/ROB0Car/workspace/src/install/rob0car_sensors/lib/pkgconfig/rob0car_sensors.pc'
[25.376s] Level 1:colcon.colcon_core.environment:checking '/home/mexx/ROB0Car/workspace/src/install/rob0car_sensors/lib/python3.8/site-packages'
[25.376s] Level 1:colcon.colcon_core.shell:create_environment_hook('rob0car_sensors', 'pythonpath')
[25.390s] INFO:colcon.colcon_core.shell:Creating environment hook '/home/mexx/ROB0Car/workspace/src/install/rob0car_sensors/share/rob0car_sensors/hook/pythonpath.ps1'
[25.405s] INFO:colcon.colcon_core.shell:Creating environment descriptor '/home/mexx/ROB0Car/workspace/src/install/rob0car_sensors/share/rob0car_sensors/hook/pythonpath.dsv'
[25.423s] INFO:colcon.colcon_core.shell:Creating environment hook '/home/mexx/ROB0Car/workspace/src/install/rob0car_sensors/share/rob0car_sensors/hook/pythonpath.sh'
[25.424s] Level 1:colcon.colcon_core.environment:create_environment_scripts_only(rob0car_sensors)
[25.444s] INFO:colcon.colcon_core.shell:Creating package script '/home/mexx/ROB0Car/workspace/src/install/rob0car_sensors/share/rob0car_sensors/package.ps1'
[25.466s] INFO:colcon.colcon_core.shell:Creating package descriptor '/home/mexx/ROB0Car/workspace/src/install/rob0car_sensors/share/rob0car_sensors/package.dsv'
[25.470s] INFO:colcon.colcon_core.shell:Creating package script '/home/mexx/ROB0Car/workspace/src/install/rob0car_sensors/share/rob0car_sensors/package.sh'
[25.483s] INFO:colcon.colcon_core.shell:Creating package script '/home/mexx/ROB0Car/workspace/src/install/rob0car_sensors/share/rob0car_sensors/package.bash'
[25.485s] INFO:colcon.colcon_core.shell:Creating package script '/home/mexx/ROB0Car/workspace/src/install/rob0car_sensors/share/rob0car_sensors/package.zsh'
[25.486s] Level 1:colcon.colcon_core.environment:create_file_with_runtime_dependencies(/home/mexx/ROB0Car/workspace/src/install/rob0car_sensors/share/colcon-core/packages/rob0car_sensors)
[25.523s] INFO:colcon.colcon_ros.task.ament_python.build:Building ROS package in '/home/mexx/ROB0Car/workspace/src/rob0car_actors' with build type 'ament_python'
[25.526s] Level 1:colcon.colcon_core.shell:create_environment_hook('rob0car_actors', 'ament_prefix_path')
[25.542s] INFO:colcon.colcon_core.shell:Creating environment hook '/home/mexx/ROB0Car/workspace/src/install/rob0car_actors/share/rob0car_actors/hook/ament_prefix_path.ps1'
[25.558s] INFO:colcon.colcon_core.shell:Creating environment descriptor '/home/mexx/ROB0Car/workspace/src/install/rob0car_actors/share/rob0car_actors/hook/ament_prefix_path.dsv'
[25.568s] INFO:colcon.colcon_core.shell:Creating environment hook '/home/mexx/ROB0Car/workspace/src/install/rob0car_actors/share/rob0car_actors/hook/ament_prefix_path.sh'
[25.576s] INFO:colcon.colcon_core.shell:Skip shell extension 'powershell' for command environment: Not usable outside of PowerShell
[25.576s] DEBUG:colcon.colcon_core.shell:Skip shell extension 'dsv' for command environment
[25.638s] DEBUG:colcon.colcon_core.shell:Ignoring prefix path '/opt/ros/foxy'
[30.419s] INFO:colcon.colcon_core.task.python.build:Building Python package in '/home/mexx/ROB0Car/workspace/src/rob0car_actors'
[30.422s] INFO:colcon.colcon_core.shell:Skip shell extension 'powershell' for command environment: Not usable outside of PowerShell
[30.433s] DEBUG:colcon.colcon_core.shell:Skip shell extension 'dsv' for command environment
[30.460s] DEBUG:colcon.colcon_core.shell:Ignoring prefix path '/opt/ros/foxy'
[30.658s] DEBUG:colcon.colcon_core.event_handler.log_command:Invoking command in '/home/mexx/ROB0Car/workspace/src/rob0car_actors': PYTHONPATH=/home/mexx/ROB0Car/workspace/src/install/rob0car_actors/lib/python3.8/site-packages:${PYTHONPATH} /usr/bin/python3 setup.py egg_info --egg-base ../build/rob0car_actors build --build-base /home/mexx/ROB0Car/workspace/src/build/rob0car_actors/build install --prefix /home/mexx/ROB0Car/workspace/src/install/rob0car_actors --record /home/mexx/ROB0Car/workspace/src/build/rob0car_actors/install.log --single-version-externally-managed
[37.052s] DEBUG:colcon.colcon_core.event_handler.log_command:Invoked command in '/home/mexx/ROB0Car/workspace/src/rob0car_actors' returned '0': PYTHONPATH=/home/mexx/ROB0Car/workspace/src/install/rob0car_actors/lib/python3.8/site-packages:${PYTHONPATH} /usr/bin/python3 setup.py egg_info --egg-base ../build/rob0car_actors build --build-base /home/mexx/ROB0Car/workspace/src/build/rob0car_actors/build install --prefix /home/mexx/ROB0Car/workspace/src/install/rob0car_actors --record /home/mexx/ROB0Car/workspace/src/build/rob0car_actors/install.log --single-version-externally-managed
[37.063s] Level 1:colcon.colcon_core.environment:checking '/home/mexx/ROB0Car/workspace/src/install/rob0car_actors' for CMake module files
[37.074s] Level 1:colcon.colcon_core.environment:checking '/home/mexx/ROB0Car/workspace/src/install/rob0car_actors' for CMake config files
[37.082s] Level 1:colcon.colcon_core.environment:checking '/home/mexx/ROB0Car/workspace/src/install/rob0car_actors/lib'
[37.086s] Level 1:colcon.colcon_core.environment:checking '/home/mexx/ROB0Car/workspace/src/install/rob0car_actors/bin'
[37.086s] Level 1:colcon.colcon_core.environment:checking '/home/mexx/ROB0Car/workspace/src/install/rob0car_actors/lib/pkgconfig/rob0car_actors.pc'
[37.087s] Level 1:colcon.colcon_core.environment:checking '/home/mexx/ROB0Car/workspace/src/install/rob0car_actors/lib/python3.8/site-packages'
[37.089s] Level 1:colcon.colcon_core.shell:create_environment_hook('rob0car_actors', 'pythonpath')
[37.097s] INFO:colcon.colcon_core.shell:Creating environment hook '/home/mexx/ROB0Car/workspace/src/install/rob0car_actors/share/rob0car_actors/hook/pythonpath.ps1'
[37.105s] INFO:colcon.colcon_core.shell:Creating environment descriptor '/home/mexx/ROB0Car/workspace/src/install/rob0car_actors/share/rob0car_actors/hook/pythonpath.dsv'
[37.112s] INFO:colcon.colcon_core.shell:Creating environment hook '/home/mexx/ROB0Car/workspace/src/install/rob0car_actors/share/rob0car_actors/hook/pythonpath.sh'
[37.125s] Level 1:colcon.colcon_core.environment:create_environment_scripts_only(rob0car_actors)
[37.137s] INFO:colcon.colcon_core.shell:Creating package script '/home/mexx/ROB0Car/workspace/src/install/rob0car_actors/share/rob0car_actors/package.ps1'
[37.148s] INFO:colcon.colcon_core.shell:Creating package descriptor '/home/mexx/ROB0Car/workspace/src/install/rob0car_actors/share/rob0car_actors/package.dsv'
[37.169s] INFO:colcon.colcon_core.shell:Creating package script '/home/mexx/ROB0Car/workspace/src/install/rob0car_actors/share/rob0car_actors/package.sh'
[37.182s] INFO:colcon.colcon_core.shell:Creating package script '/home/mexx/ROB0Car/workspace/src/install/rob0car_actors/share/rob0car_actors/package.bash'
[37.190s] INFO:colcon.colcon_core.shell:Creating package script '/home/mexx/ROB0Car/workspace/src/install/rob0car_actors/share/rob0car_actors/package.zsh'
[37.196s] Level 1:colcon.colcon_core.environment:create_file_with_runtime_dependencies(/home/mexx/ROB0Car/workspace/src/install/rob0car_actors/share/colcon-core/packages/rob0car_actors)
[37.214s] INFO:colcon.colcon_ros.task.ament_python.build:Building ROS package in '/home/mexx/ROB0Car/workspace/src/rob0car_control' with build type 'ament_python'
[37.218s] Level 1:colcon.colcon_core.shell:create_environment_hook('rob0car_control', 'ament_prefix_path')
[37.228s] INFO:colcon.colcon_core.shell:Creating environment hook '/home/mexx/ROB0Car/workspace/src/install/rob0car_control/share/rob0car_control/hook/ament_prefix_path.ps1'
[37.240s] INFO:colcon.colcon_core.shell:Creating environment descriptor '/home/mexx/ROB0Car/workspace/src/install/rob0car_control/share/rob0car_control/hook/ament_prefix_path.dsv'
[37.247s] INFO:colcon.colcon_core.shell:Creating environment hook '/home/mexx/ROB0Car/workspace/src/install/rob0car_control/share/rob0car_control/hook/ament_prefix_path.sh'
[37.274s] INFO:colcon.colcon_core.shell:Skip shell extension 'powershell' for command environment: Not usable outside of PowerShell
[37.274s] DEBUG:colcon.colcon_core.shell:Skip shell extension 'dsv' for command environment
[37.340s] DEBUG:colcon.colcon_core.shell:Ignoring prefix path '/opt/ros/foxy'
[41.922s] INFO:colcon.colcon_core.task.python.build:Building Python package in '/home/mexx/ROB0Car/workspace/src/rob0car_control'
[41.926s] INFO:colcon.colcon_core.shell:Skip shell extension 'powershell' for command environment: Not usable outside of PowerShell
[41.930s] DEBUG:colcon.colcon_core.shell:Skip shell extension 'dsv' for command environment
[41.965s] DEBUG:colcon.colcon_core.shell:Ignoring prefix path '/opt/ros/foxy'
[42.143s] DEBUG:colcon.colcon_core.event_handler.log_command:Invoking command in '/home/mexx/ROB0Car/workspace/src/rob0car_control': PYTHONPATH=/home/mexx/ROB0Car/workspace/src/install/rob0car_control/lib/python3.8/site-packages:${PYTHONPATH} /usr/bin/python3 setup.py egg_info --egg-base ../build/rob0car_control build --build-base /home/mexx/ROB0Car/workspace/src/build/rob0car_control/build install --prefix /home/mexx/ROB0Car/workspace/src/install/rob0car_control --record /home/mexx/ROB0Car/workspace/src/build/rob0car_control/install.log --single-version-externally-managed
[46.771s] Level 1:colcon.colcon_core.environment:checking '/home/mexx/ROB0Car/workspace/src/install/rob0car_control' for CMake module files
[46.782s] DEBUG:colcon.colcon_core.event_handler.log_command:Invoked command in '/home/mexx/ROB0Car/workspace/src/rob0car_control' returned '0': PYTHONPATH=/home/mexx/ROB0Car/workspace/src/install/rob0car_control/lib/python3.8/site-packages:${PYTHONPATH} /usr/bin/python3 setup.py egg_info --egg-base ../build/rob0car_control build --build-base /home/mexx/ROB0Car/workspace/src/build/rob0car_control/build install --prefix /home/mexx/ROB0Car/workspace/src/install/rob0car_control --record /home/mexx/ROB0Car/workspace/src/build/rob0car_control/install.log --single-version-externally-managed
[46.791s] Level 1:colcon.colcon_core.environment:checking '/home/mexx/ROB0Car/workspace/src/install/rob0car_control' for CMake config files
[46.806s] Level 1:colcon.colcon_core.environment:checking '/home/mexx/ROB0Car/workspace/src/install/rob0car_control/lib'
[46.807s] Level 1:colcon.colcon_core.environment:checking '/home/mexx/ROB0Car/workspace/src/install/rob0car_control/bin'
[46.807s] Level 1:colcon.colcon_core.environment:checking '/home/mexx/ROB0Car/workspace/src/install/rob0car_control/lib/pkgconfig/rob0car_control.pc'
[46.807s] Level 1:colcon.colcon_core.environment:checking '/home/mexx/ROB0Car/workspace/src/install/rob0car_control/lib/python3.8/site-packages'
[46.807s] Level 1:colcon.colcon_core.shell:create_environment_hook('rob0car_control', 'pythonpath')
[46.822s] INFO:colcon.colcon_core.shell:Creating environment hook '/home/mexx/ROB0Car/workspace/src/install/rob0car_control/share/rob0car_control/hook/pythonpath.ps1'
[46.829s] INFO:colcon.colcon_core.shell:Creating environment descriptor '/home/mexx/ROB0Car/workspace/src/install/rob0car_control/share/rob0car_control/hook/pythonpath.dsv'
[46.837s] INFO:colcon.colcon_core.shell:Creating environment hook '/home/mexx/ROB0Car/workspace/src/install/rob0car_control/share/rob0car_control/hook/pythonpath.sh'
[46.842s] Level 1:colcon.colcon_core.environment:create_environment_scripts_only(rob0car_control)
[46.844s] INFO:colcon.colcon_core.shell:Creating package script '/home/mexx/ROB0Car/workspace/src/install/rob0car_control/share/rob0car_control/package.ps1'
[46.862s] INFO:colcon.colcon_core.shell:Creating package descriptor '/home/mexx/ROB0Car/workspace/src/install/rob0car_control/share/rob0car_control/package.dsv'
[46.873s] INFO:colcon.colcon_core.shell:Creating package script '/home/mexx/ROB0Car/workspace/src/install/rob0car_control/share/rob0car_control/package.sh'
[46.878s] INFO:colcon.colcon_core.shell:Creating package script '/home/mexx/ROB0Car/workspace/src/install/rob0car_control/share/rob0car_control/package.bash'
[46.887s] INFO:colcon.colcon_core.shell:Creating package script '/home/mexx/ROB0Car/workspace/src/install/rob0car_control/share/rob0car_control/package.zsh'
[46.897s] Level 1:colcon.colcon_core.environment:create_file_with_runtime_dependencies(/home/mexx/ROB0Car/workspace/src/install/rob0car_control/share/colcon-core/packages/rob0car_control)
[46.930s] INFO:colcon.colcon_ros.task.ament_cmake.build:Building ROS package in '/home/mexx/ROB0Car/workspace/src/rob0car_launch' with build type 'ament_cmake'
[46.931s] INFO:colcon.colcon_cmake.task.cmake.build:Building CMake package in '/home/mexx/ROB0Car/workspace/src/rob0car_launch'
[46.948s] INFO:colcon.colcon_core.shell:Skip shell extension 'powershell' for command environment: Not usable outside of PowerShell
[46.948s] DEBUG:colcon.colcon_core.shell:Skip shell extension 'dsv' for command environment
[47.014s] DEBUG:colcon.colcon_core.shell:Ignoring prefix path '/opt/ros/foxy'
[47.253s] DEBUG:colcon.colcon_core.event_handler.log_command:Invoking command in '/home/mexx/ROB0Car/workspace/src/build/rob0car_launch': AMENT_PREFIX_PATH=/home/mexx/ROB0Car/workspace/src/install/rob0car_control:/home/mexx/ROB0Car/workspace/src/install/rob0car_actors:/home/mexx/ROB0Car/workspace/src/install/rob0car_sensors:/home/mexx/ROB0Car/workspace/src/install/rob0car_interfaces:/home/mexx/ROB0Car/workspace/src/install/rob0car_launch:/home/mexx/ROB0Car/workspace/install/rob0car_control:/home/mexx/ROB0Car/workspace/install/rob0car_actors:/home/mexx/ROB0Car/workspace/install/rob0car_sensors:/opt/ros/foxy CMAKE_PREFIX_PATH=${CMAKE_PREFIX_PATH}:/home/mexx/ROB0Car/workspace/src/install/rob0car_sensors:/home/mexx/ROB0Car/workspace/src/install/rob0car_control:/home/mexx/ROB0Car/workspace/src/install/rob0car_actors:/home/mexx/ROB0Car/workspace/install/rob0car_control:/home/mexx/ROB0Car/workspace/install/rob0car_actors:/home/mexx/ROB0Car/workspace/install/rob0car_sensors:/opt/ros/foxy PYTHONPATH=/home/mexx/ROB0Car/workspace/src/install/rob0car_control/lib/python3.8/site-packages:/home/mexx/ROB0Car/workspace/src/install/rob0car_actors/lib/python3.8/site-packages:/home/mexx/ROB0Car/workspace/src/install/rob0car_sensors/lib/python3.8/site-packages:/home/mexx/ROB0Car/workspace/src/install/rob0car_interfaces/lib/python3.8/site-packages:/home/mexx/ROB0Car/workspace/install/rob0car_control/lib/python3.8/site-packages:/home/mexx/ROB0Car/workspace/install/rob0car_actors/lib/python3.8/site-packages:/home/mexx/ROB0Car/workspace/install/rob0car_sensors/lib/python3.8/site-packages:/opt/ros/foxy/lib/python3.8/site-packages /usr/bin/cmake --build /home/mexx/ROB0Car/workspace/src/build/rob0car_launch -- -j1 -l1
[47.854s] DEBUG:colcon.colcon_core.event_handler.log_command:Invoked command in '/home/mexx/ROB0Car/workspace/src/build/rob0car_launch' returned '0': AMENT_PREFIX_PATH=/home/mexx/ROB0Car/workspace/src/install/rob0car_control:/home/mexx/ROB0Car/workspace/src/install/rob0car_actors:/home/mexx/ROB0Car/workspace/src/install/rob0car_sensors:/home/mexx/ROB0Car/workspace/src/install/rob0car_interfaces:/home/mexx/ROB0Car/workspace/src/install/rob0car_launch:/home/mexx/ROB0Car/workspace/install/rob0car_control:/home/mexx/ROB0Car/workspace/install/rob0car_actors:/home/mexx/ROB0Car/workspace/install/rob0car_sensors:/opt/ros/foxy CMAKE_PREFIX_PATH=${CMAKE_PREFIX_PATH}:/home/mexx/ROB0Car/workspace/src/install/rob0car_sensors:/home/mexx/ROB0Car/workspace/src/install/rob0car_control:/home/mexx/ROB0Car/workspace/src/install/rob0car_actors:/home/mexx/ROB0Car/workspace/install/rob0car_control:/home/mexx/ROB0Car/workspace/install/rob0car_actors:/home/mexx/ROB0Car/workspace/install/rob0car_sensors:/opt/ros/foxy PYTHONPATH=/home/mexx/ROB0Car/workspace/src/install/rob0car_control/lib/python3.8/site-packages:/home/mexx/ROB0Car/workspace/src/install/rob0car_actors/lib/python3.8/site-packages:/home/mexx/ROB0Car/workspace/src/install/rob0car_sensors/lib/python3.8/site-packages:/home/mexx/ROB0Car/workspace/src/install/rob0car_interfaces/lib/python3.8/site-packages:/home/mexx/ROB0Car/workspace/install/rob0car_control/lib/python3.8/site-packages:/home/mexx/ROB0Car/workspace/install/rob0car_actors/lib/python3.8/site-packages:/home/mexx/ROB0Car/workspace/install/rob0car_sensors/lib/python3.8/site-packages:/opt/ros/foxy/lib/python3.8/site-packages /usr/bin/cmake --build /home/mexx/ROB0Car/workspace/src/build/rob0car_launch -- -j1 -l1
[48.239s] DEBUG:colcon.colcon_core.event_handler.log_command:Invoking command in '/home/mexx/ROB0Car/workspace/src/build/rob0car_launch': AMENT_PREFIX_PATH=/home/mexx/ROB0Car/workspace/src/install/rob0car_control:/home/mexx/ROB0Car/workspace/src/install/rob0car_actors:/home/mexx/ROB0Car/workspace/src/install/rob0car_sensors:/home/mexx/ROB0Car/workspace/src/install/rob0car_interfaces:/home/mexx/ROB0Car/workspace/src/install/rob0car_launch:/home/mexx/ROB0Car/workspace/install/rob0car_control:/home/mexx/ROB0Car/workspace/install/rob0car_actors:/home/mexx/ROB0Car/workspace/install/rob0car_sensors:/opt/ros/foxy CMAKE_PREFIX_PATH=${CMAKE_PREFIX_PATH}:/home/mexx/ROB0Car/workspace/src/install/rob0car_sensors:/home/mexx/ROB0Car/workspace/src/install/rob0car_control:/home/mexx/ROB0Car/workspace/src/install/rob0car_actors:/home/mexx/ROB0Car/workspace/install/rob0car_control:/home/mexx/ROB0Car/workspace/install/rob0car_actors:/home/mexx/ROB0Car/workspace/install/rob0car_sensors:/opt/ros/foxy PYTHONPATH=/home/mexx/ROB0Car/workspace/src/install/rob0car_control/lib/python3.8/site-packages:/home/mexx/ROB0Car/workspace/src/install/rob0car_actors/lib/python3.8/site-packages:/home/mexx/ROB0Car/workspace/src/install/rob0car_sensors/lib/python3.8/site-packages:/home/mexx/ROB0Car/workspace/src/install/rob0car_interfaces/lib/python3.8/site-packages:/home/mexx/ROB0Car/workspace/install/rob0car_control/lib/python3.8/site-packages:/home/mexx/ROB0Car/workspace/install/rob0car_actors/lib/python3.8/site-packages:/home/mexx/ROB0Car/workspace/install/rob0car_sensors/lib/python3.8/site-packages:/opt/ros/foxy/lib/python3.8/site-packages /usr/bin/cmake --install /home/mexx/ROB0Car/workspace/src/build/rob0car_launch
[48.417s] Level 1:colcon.colcon_core.environment:create_environment_scripts_only(rob0car_launch)
[48.427s] DEBUG:colcon.colcon_core.event_handler.log_command:Invoked command in '/home/mexx/ROB0Car/workspace/src/build/rob0car_launch' returned '0': AMENT_PREFIX_PATH=/home/mexx/ROB0Car/workspace/src/install/rob0car_control:/home/mexx/ROB0Car/workspace/src/install/rob0car_actors:/home/mexx/ROB0Car/workspace/src/install/rob0car_sensors:/home/mexx/ROB0Car/workspace/src/install/rob0car_interfaces:/home/mexx/ROB0Car/workspace/src/install/rob0car_launch:/home/mexx/ROB0Car/workspace/install/rob0car_control:/home/mexx/ROB0Car/workspace/install/rob0car_actors:/home/mexx/ROB0Car/workspace/install/rob0car_sensors:/opt/ros/foxy CMAKE_PREFIX_PATH=${CMAKE_PREFIX_PATH}:/home/mexx/ROB0Car/workspace/src/install/rob0car_sensors:/home/mexx/ROB0Car/workspace/src/install/rob0car_control:/home/mexx/ROB0Car/workspace/src/install/rob0car_actors:/home/mexx/ROB0Car/workspace/install/rob0car_control:/home/mexx/ROB0Car/workspace/install/rob0car_actors:/home/mexx/ROB0Car/workspace/install/rob0car_sensors:/opt/ros/foxy PYTHONPATH=/home/mexx/ROB0Car/workspace/src/install/rob0car_control/lib/python3.8/site-packages:/home/mexx/ROB0Car/workspace/src/install/rob0car_actors/lib/python3.8/site-packages:/home/mexx/ROB0Car/workspace/src/install/rob0car_sensors/lib/python3.8/site-packages:/home/mexx/ROB0Car/workspace/src/install/rob0car_interfaces/lib/python3.8/site-packages:/home/mexx/ROB0Car/workspace/install/rob0car_control/lib/python3.8/site-packages:/home/mexx/ROB0Car/workspace/install/rob0car_actors/lib/python3.8/site-packages:/home/mexx/ROB0Car/workspace/install/rob0car_sensors/lib/python3.8/site-packages:/opt/ros/foxy/lib/python3.8/site-packages /usr/bin/cmake --install /home/mexx/ROB0Car/workspace/src/build/rob0car_launch
[48.428s] Level 1:colcon.colcon_core.environment:checking '/home/mexx/ROB0Car/workspace/src/install/rob0car_launch' for CMake module files
[48.435s] Level 1:colcon.colcon_core.environment:checking '/home/mexx/ROB0Car/workspace/src/install/rob0car_launch' for CMake config files
[48.435s] Level 1:colcon.colcon_core.shell:create_environment_hook('rob0car_launch', 'cmake_prefix_path')
[48.451s] INFO:colcon.colcon_core.shell:Creating environment hook '/home/mexx/ROB0Car/workspace/src/install/rob0car_launch/share/rob0car_launch/hook/cmake_prefix_path.ps1'
[48.457s] INFO:colcon.colcon_core.shell:Creating environment descriptor '/home/mexx/ROB0Car/workspace/src/install/rob0car_launch/share/rob0car_launch/hook/cmake_prefix_path.dsv'
[48.461s] INFO:colcon.colcon_core.shell:Creating environment hook '/home/mexx/ROB0Car/workspace/src/install/rob0car_launch/share/rob0car_launch/hook/cmake_prefix_path.sh'
[48.470s] Level 1:colcon.colcon_core.environment:checking '/home/mexx/ROB0Car/workspace/src/install/rob0car_launch/bin'
[48.470s] Level 1:colcon.colcon_core.environment:checking '/home/mexx/ROB0Car/workspace/src/install/rob0car_launch/lib/pkgconfig/rob0car_launch.pc'
[48.470s] Level 1:colcon.colcon_core.environment:checking '/home/mexx/ROB0Car/workspace/src/install/rob0car_launch/lib/python3.8/site-packages'
[48.475s] INFO:colcon.colcon_core.shell:Creating package script '/home/mexx/ROB0Car/workspace/src/install/rob0car_launch/share/rob0car_launch/package.ps1'
[48.484s] INFO:colcon.colcon_core.shell:Creating package descriptor '/home/mexx/ROB0Car/workspace/src/install/rob0car_launch/share/rob0car_launch/package.dsv'
[48.517s] INFO:colcon.colcon_core.shell:Creating package script '/home/mexx/ROB0Car/workspace/src/install/rob0car_launch/share/rob0car_launch/package.sh'
[48.529s] INFO:colcon.colcon_core.shell:Creating package script '/home/mexx/ROB0Car/workspace/src/install/rob0car_launch/share/rob0car_launch/package.bash'
[48.533s] INFO:colcon.colcon_core.shell:Creating package script '/home/mexx/ROB0Car/workspace/src/install/rob0car_launch/share/rob0car_launch/package.zsh'
[48.545s] Level 1:colcon.colcon_core.environment:create_file_with_runtime_dependencies(/home/mexx/ROB0Car/workspace/src/install/rob0car_launch/share/colcon-core/packages/rob0car_launch)
[48.951s] Level 1:colcon.colcon_core.environment:create_environment_scripts_only(rob0car_launch)
[48.959s] Level 1:colcon.colcon_core.environment:checking '/home/mexx/ROB0Car/workspace/src/install/rob0car_launch' for CMake module files
[48.967s] Level 1:colcon.colcon_core.environment:checking '/home/mexx/ROB0Car/workspace/src/install/rob0car_launch' for CMake config files
[48.977s] Level 1:colcon.colcon_core.shell:create_environment_hook('rob0car_launch', 'cmake_prefix_path')
[48.997s] INFO:colcon.colcon_core.shell:Creating environment hook '/home/mexx/ROB0Car/workspace/src/install/rob0car_launch/share/rob0car_launch/hook/cmake_prefix_path.ps1'
[49.003s] INFO:colcon.colcon_core.shell:Creating environment descriptor '/home/mexx/ROB0Car/workspace/src/install/rob0car_launch/share/rob0car_launch/hook/cmake_prefix_path.dsv'
[49.026s] INFO:colcon.colcon_core.shell:Creating environment hook '/home/mexx/ROB0Car/workspace/src/install/rob0car_launch/share/rob0car_launch/hook/cmake_prefix_path.sh'
[49.036s] Level 1:colcon.colcon_core.environment:checking '/home/mexx/ROB0Car/workspace/src/install/rob0car_launch/bin'
[49.042s] Level 1:colcon.colcon_core.environment:checking '/home/mexx/ROB0Car/workspace/src/install/rob0car_launch/lib/pkgconfig/rob0car_launch.pc'
[49.042s] Level 1:colcon.colcon_core.environment:checking '/home/mexx/ROB0Car/workspace/src/install/rob0car_launch/lib/python3.8/site-packages'
[49.054s] INFO:colcon.colcon_core.shell:Creating package script '/home/mexx/ROB0Car/workspace/src/install/rob0car_launch/share/rob0car_launch/package.ps1'
[49.066s] INFO:colcon.colcon_core.shell:Creating package descriptor '/home/mexx/ROB0Car/workspace/src/install/rob0car_launch/share/rob0car_launch/package.dsv'
[49.070s] INFO:colcon.colcon_core.shell:Creating package script '/home/mexx/ROB0Car/workspace/src/install/rob0car_launch/share/rob0car_launch/package.sh'
[49.077s] INFO:colcon.colcon_core.shell:Creating package script '/home/mexx/ROB0Car/workspace/src/install/rob0car_launch/share/rob0car_launch/package.bash'
[49.087s] INFO:colcon.colcon_core.shell:Creating package script '/home/mexx/ROB0Car/workspace/src/install/rob0car_launch/share/rob0car_launch/package.zsh'
[49.090s] Level 1:colcon.colcon_core.environment:create_file_with_runtime_dependencies(/home/mexx/ROB0Car/workspace/src/install/rob0car_launch/share/colcon-core/packages/rob0car_launch)
[49.101s] DEBUG:colcon.colcon_parallel_executor.executor.parallel:closing loop
[49.107s] DEBUG:colcon.colcon_parallel_executor.executor.parallel:loop closed
[49.107s] DEBUG:colcon.colcon_parallel_executor.executor.parallel:run_until_complete finished with '0'
[49.109s] DEBUG:colcon.colcon_core.event_reactor:joining thread
[49.214s] INFO:colcon.colcon_core.plugin_system:Skipping extension 'colcon_notification.desktop_notification.terminal_notifier': Not used on non-Darwin systems
[49.217s] INFO:colcon.colcon_core.plugin_system:Skipping extension 'colcon_notification.desktop_notification.win32': Not used on non-Windows systems
[49.221s] INFO:colcon.colcon_notification.desktop_notification:Sending desktop notification using 'notify2'
[49.428s] DEBUG:colcon.colcon_core.event_reactor:joined thread
[49.432s] INFO:colcon.colcon_core.shell:Creating prefix script '/home/mexx/ROB0Car/workspace/src/install/local_setup.ps1'
[49.447s] INFO:colcon.colcon_core.shell:Creating prefix util module '/home/mexx/ROB0Car/workspace/src/install/_local_setup_util_ps1.py'
[49.473s] INFO:colcon.colcon_core.shell:Creating prefix chain script '/home/mexx/ROB0Car/workspace/src/install/setup.ps1'
[49.523s] INFO:colcon.colcon_core.shell:Creating prefix script '/home/mexx/ROB0Car/workspace/src/install/local_setup.sh'
[49.536s] INFO:colcon.colcon_core.shell:Creating prefix util module '/home/mexx/ROB0Car/workspace/src/install/_local_setup_util_sh.py'
[49.538s] INFO:colcon.colcon_core.shell:Creating prefix chain script '/home/mexx/ROB0Car/workspace/src/install/setup.sh'
[49.586s] INFO:colcon.colcon_core.shell:Creating prefix script '/home/mexx/ROB0Car/workspace/src/install/local_setup.bash'
[49.599s] INFO:colcon.colcon_core.shell:Creating prefix chain script '/home/mexx/ROB0Car/workspace/src/install/setup.bash'
[49.643s] INFO:colcon.colcon_core.shell:Creating prefix script '/home/mexx/ROB0Car/workspace/src/install/local_setup.zsh'
[49.658s] INFO:colcon.colcon_core.shell:Creating prefix chain script '/home/mexx/ROB0Car/workspace/src/install/setup.zsh'
