[5.133s] Invoking command in '/home/mexx/ROB0Car/workspace/src/rob0car_actors': PYTHONPATH=/home/mexx/ROB0Car/workspace/src/install/rob0car_actors/lib/python3.8/site-packages:${PYTHONPATH} /usr/bin/python3 setup.py egg_info --egg-base ../build/rob0car_actors build --build-base /home/mexx/ROB0Car/workspace/src/build/rob0car_actors/build install --prefix /home/mexx/ROB0Car/workspace/src/install/rob0car_actors --record /home/mexx/ROB0Car/workspace/src/build/rob0car_actors/install.log --single-version-externally-managed
[9.422s] running egg_info
[9.448s] writing ../build/rob0car_actors/rob0car_actors.egg-info/PKG-INFO
[9.461s] writing dependency_links to ../build/rob0car_actors/rob0car_actors.egg-info/dependency_links.txt
[9.465s] writing entry points to ../build/rob0car_actors/rob0car_actors.egg-info/entry_points.txt
[9.469s] writing requirements to ../build/rob0car_actors/rob0car_actors.egg-info/requires.txt
[9.481s] writing top-level names to ../build/rob0car_actors/rob0car_actors.egg-info/top_level.txt
[10.510s] reading manifest file '../build/rob0car_actors/rob0car_actors.egg-info/SOURCES.txt'
[10.529s] writing manifest file '../build/rob0car_actors/rob0car_actors.egg-info/SOURCES.txt'
[10.535s] running build
[10.537s] running build_py
[10.542s] copying rob0car_actors/rob0car_actors.py -> /home/mexx/ROB0Car/workspace/src/build/rob0car_actors/build/lib/rob0car_actors
[10.549s] running install
[10.570s] running install_lib
[10.586s] copying /home/mexx/ROB0Car/workspace/src/build/rob0car_actors/build/lib/rob0car_actors/rob0car_actors.py -> /home/mexx/ROB0Car/workspace/src/install/rob0car_actors/lib/python3.8/site-packages/rob0car_actors
[10.616s] byte-compiling /home/mexx/ROB0Car/workspace/src/install/rob0car_actors/lib/python3.8/site-packages/rob0car_actors/rob0car_actors.py to rob0car_actors.cpython-38.pyc
[10.666s] running install_data
[10.693s] running install_egg_info
[10.729s] removing '/home/mexx/ROB0Car/workspace/src/install/rob0car_actors/lib/python3.8/site-packages/rob0car_actors-0.0.0-py3.8.egg-info' (and everything under it)
[10.736s] Copying ../build/rob0car_actors/rob0car_actors.egg-info to /home/mexx/ROB0Car/workspace/src/install/rob0car_actors/lib/python3.8/site-packages/rob0car_actors-0.0.0-py3.8.egg-info
[10.756s] running install_scripts
[11.192s] Installing rob0car_actors script to /home/mexx/ROB0Car/workspace/src/install/rob0car_actors/lib/rob0car_actors
[11.228s] writing list of installed files to '/home/mexx/ROB0Car/workspace/src/build/rob0car_actors/install.log'
[11.527s] Invoked command in '/home/mexx/ROB0Car/workspace/src/rob0car_actors' returned '0': PYTHONPATH=/home/mexx/ROB0Car/workspace/src/install/rob0car_actors/lib/python3.8/site-packages:${PYTHONPATH} /usr/bin/python3 setup.py egg_info --egg-base ../build/rob0car_actors build --build-base /home/mexx/ROB0Car/workspace/src/build/rob0car_actors/build install --prefix /home/mexx/ROB0Car/workspace/src/install/rob0car_actors --record /home/mexx/ROB0Car/workspace/src/build/rob0car_actors/install.log --single-version-externally-managed
