-- The C compiler identification is GNU 9.3.0
-- The CXX compiler identification is GNU 9.3.0
-- Check for working C compiler: /usr/bin/cc
-- Check for working C compiler: /usr/bin/cc -- works
-- Detecting C compiler ABI info
-- Detecting C compiler ABI info - done
-- Detecting C compile features
-- Detecting C compile features - done
-- Check for working CXX compiler: /usr/bin/c++
-- Check for working CXX compiler: /usr/bin/c++ -- works
-- Detecting CXX compiler ABI info
-- Detecting CXX compiler ABI info - done
-- Detecting CXX compile features
-- Detecting CXX compile features - done
-- Found ament_cmake: 0.9.9 (/opt/ros/foxy/share/ament_cmake/cmake)
-- Found PythonInterp: /usr/bin/python3 (found suitable version "3.8.10", minimum required is "3") 
-- Using PYTHON_EXECUTABLE: /usr/bin/python3
-- Found ament_lint_auto: 0.9.6 (/opt/ros/foxy/share/ament_lint_auto/cmake)
-- Added test 'copyright' to check source files copyright and LICENSE
-- Added test 'flake8' to check Python code syntax and style conventions
-- Added test 'lint_cmake' to check CMake code style
-- Added test 'pep257' to check Python code against some of the style conventions in PEP 257
-- Added test 'xmllint' to check XML markup files
-- Configuring done
-- Generating done
-- Build files have been written to: /home/mexx/ROB0Car/workspace/src/build/rob0car_launch
-- Install configuration: ""
-- Installing: /home/mexx/ROB0Car/workspace/src/install/rob0car_launch/share/rob0car_launch/launch
-- Installing: /home/mexx/ROB0Car/workspace/src/install/rob0car_launch/share/rob0car_launch/launch/rob0car.launch.py
-- Installing: /home/mexx/ROB0Car/workspace/src/install/rob0car_launch/share/ament_index/resource_index/package_run_dependencies/rob0car_launch
-- Installing: /home/mexx/ROB0Car/workspace/src/install/rob0car_launch/share/ament_index/resource_index/parent_prefix_path/rob0car_launch
-- Installing: /home/mexx/ROB0Car/workspace/src/install/rob0car_launch/share/rob0car_launch/environment/ament_prefix_path.sh
-- Installing: /home/mexx/ROB0Car/workspace/src/install/rob0car_launch/share/rob0car_launch/environment/ament_prefix_path.dsv
-- Installing: /home/mexx/ROB0Car/workspace/src/install/rob0car_launch/share/rob0car_launch/environment/path.sh
-- Installing: /home/mexx/ROB0Car/workspace/src/install/rob0car_launch/share/rob0car_launch/environment/path.dsv
-- Installing: /home/mexx/ROB0Car/workspace/src/install/rob0car_launch/share/rob0car_launch/local_setup.bash
-- Installing: /home/mexx/ROB0Car/workspace/src/install/rob0car_launch/share/rob0car_launch/local_setup.sh
-- Installing: /home/mexx/ROB0Car/workspace/src/install/rob0car_launch/share/rob0car_launch/local_setup.zsh
-- Installing: /home/mexx/ROB0Car/workspace/src/install/rob0car_launch/share/rob0car_launch/local_setup.dsv
-- Installing: /home/mexx/ROB0Car/workspace/src/install/rob0car_launch/share/rob0car_launch/package.dsv
-- Installing: /home/mexx/ROB0Car/workspace/src/install/rob0car_launch/share/ament_index/resource_index/packages/rob0car_launch
-- Installing: /home/mexx/ROB0Car/workspace/src/install/rob0car_launch/share/rob0car_launch/cmake/rob0car_launchConfig.cmake
-- Installing: /home/mexx/ROB0Car/workspace/src/install/rob0car_launch/share/rob0car_launch/cmake/rob0car_launchConfig-version.cmake
-- Installing: /home/mexx/ROB0Car/workspace/src/install/rob0car_launch/share/rob0car_launch/package.xml
