[2.353s] Invoking command in '/home/mexx/ROB0Car/workspace/src/rob0car_sensors': PYTHONPATH=/home/mexx/ROB0Car/workspace/install/rob0car_sensors/lib/python3.8/site-packages:${PYTHONPATH} /usr/bin/python3 setup.py egg_info --egg-base ../../build/rob0car_sensors build --build-base /home/mexx/ROB0Car/workspace/build/rob0car_sensors/build install --prefix /home/mexx/ROB0Car/workspace/install/rob0car_sensors --record /home/mexx/ROB0Car/workspace/build/rob0car_sensors/install.log --single-version-externally-managed
[3.985s] running egg_info
[3.993s] creating ../../build/rob0car_sensors/rob0car_sensors.egg-info
[3.995s] writing ../../build/rob0car_sensors/rob0car_sensors.egg-info/PKG-INFO
[3.997s] writing dependency_links to ../../build/rob0car_sensors/rob0car_sensors.egg-info/dependency_links.txt
[4.000s] writing entry points to ../../build/rob0car_sensors/rob0car_sensors.egg-info/entry_points.txt
[4.001s] writing requirements to ../../build/rob0car_sensors/rob0car_sensors.egg-info/requires.txt
[4.002s] writing top-level names to ../../build/rob0car_sensors/rob0car_sensors.egg-info/top_level.txt
[4.019s] writing manifest file '../../build/rob0car_sensors/rob0car_sensors.egg-info/SOURCES.txt'
[4.327s] reading manifest file '../../build/rob0car_sensors/rob0car_sensors.egg-info/SOURCES.txt'
[4.353s] writing manifest file '../../build/rob0car_sensors/rob0car_sensors.egg-info/SOURCES.txt'
[4.355s] running build
[4.356s] running build_py
[4.361s] creating /home/mexx/ROB0Car/workspace/build/rob0car_sensors/build
[4.363s] creating /home/mexx/ROB0Car/workspace/build/rob0car_sensors/build/lib
[4.365s] creating /home/mexx/ROB0Car/workspace/build/rob0car_sensors/build/lib/rob0car_sensors
[4.366s] copying rob0car_sensors/rob0car_sensors.py -> /home/mexx/ROB0Car/workspace/build/rob0car_sensors/build/lib/rob0car_sensors
[4.371s] copying rob0car_sensors/__init__.py -> /home/mexx/ROB0Car/workspace/build/rob0car_sensors/build/lib/rob0car_sensors
[4.372s] running install
[4.379s] running install_lib
[4.387s] creating /home/mexx/ROB0Car/workspace/install/rob0car_sensors/lib/python3.8/site-packages/rob0car_sensors
[4.388s] copying /home/mexx/ROB0Car/workspace/build/rob0car_sensors/build/lib/rob0car_sensors/rob0car_sensors.py -> /home/mexx/ROB0Car/workspace/install/rob0car_sensors/lib/python3.8/site-packages/rob0car_sensors
[4.389s] copying /home/mexx/ROB0Car/workspace/build/rob0car_sensors/build/lib/rob0car_sensors/__init__.py -> /home/mexx/ROB0Car/workspace/install/rob0car_sensors/lib/python3.8/site-packages/rob0car_sensors
[4.392s] byte-compiling /home/mexx/ROB0Car/workspace/install/rob0car_sensors/lib/python3.8/site-packages/rob0car_sensors/rob0car_sensors.py to rob0car_sensors.cpython-38.pyc
[4.407s] byte-compiling /home/mexx/ROB0Car/workspace/install/rob0car_sensors/lib/python3.8/site-packages/rob0car_sensors/__init__.py to __init__.cpython-38.pyc
[4.408s] running install_data
[4.410s] creating /home/mexx/ROB0Car/workspace/install/rob0car_sensors/share/ament_index
[4.411s] creating /home/mexx/ROB0Car/workspace/install/rob0car_sensors/share/ament_index/resource_index
[4.411s] creating /home/mexx/ROB0Car/workspace/install/rob0car_sensors/share/ament_index/resource_index/packages
[4.412s] copying resource/rob0car_sensors -> /home/mexx/ROB0Car/workspace/install/rob0car_sensors/share/ament_index/resource_index/packages
[4.413s] copying package.xml -> /home/mexx/ROB0Car/workspace/install/rob0car_sensors/share/rob0car_sensors
[4.414s] running install_egg_info
[4.426s] Copying ../../build/rob0car_sensors/rob0car_sensors.egg-info to /home/mexx/ROB0Car/workspace/install/rob0car_sensors/lib/python3.8/site-packages/rob0car_sensors-0.0.0-py3.8.egg-info
[4.450s] running install_scripts
[4.638s] Installing rob0car_sensors script to /home/mexx/ROB0Car/workspace/install/rob0car_sensors/lib/rob0car_sensors
[4.649s] writing list of installed files to '/home/mexx/ROB0Car/workspace/build/rob0car_sensors/install.log'
[5.101s] Invoked command in '/home/mexx/ROB0Car/workspace/src/rob0car_sensors' returned '0': PYTHONPATH=/home/mexx/ROB0Car/workspace/install/rob0car_sensors/lib/python3.8/site-packages:${PYTHONPATH} /usr/bin/python3 setup.py egg_info --egg-base ../../build/rob0car_sensors build --build-base /home/mexx/ROB0Car/workspace/build/rob0car_sensors/build install --prefix /home/mexx/ROB0Car/workspace/install/rob0car_sensors --record /home/mexx/ROB0Car/workspace/build/rob0car_sensors/install.log --single-version-externally-managed
