running egg_info
creating ../build/rob0car_sensors/rob0car_sensors.egg-info
writing ../build/rob0car_sensors/rob0car_sensors.egg-info/PKG-INFO
writing dependency_links to ../build/rob0car_sensors/rob0car_sensors.egg-info/dependency_links.txt
writing entry points to ../build/rob0car_sensors/rob0car_sensors.egg-info/entry_points.txt
writing requirements to ../build/rob0car_sensors/rob0car_sensors.egg-info/requires.txt
writing top-level names to ../build/rob0car_sensors/rob0car_sensors.egg-info/top_level.txt
writing manifest file '../build/rob0car_sensors/rob0car_sensors.egg-info/SOURCES.txt'
reading manifest file '../build/rob0car_sensors/rob0car_sensors.egg-info/SOURCES.txt'
writing manifest file '../build/rob0car_sensors/rob0car_sensors.egg-info/SOURCES.txt'
running build
running build_py
creating /home/mexx/ROB0Car/workspace/src/build/rob0car_sensors/build
creating /home/mexx/ROB0Car/workspace/src/build/rob0car_sensors/build/lib
creating /home/mexx/ROB0Car/workspace/src/build/rob0car_sensors/build/lib/rob0car_sensors
copying rob0car_sensors/rob0car_sensors.py -> /home/mexx/ROB0Car/workspace/src/build/rob0car_sensors/build/lib/rob0car_sensors
copying rob0car_sensors/__init__.py -> /home/mexx/ROB0Car/workspace/src/build/rob0car_sensors/build/lib/rob0car_sensors
running install
running install_lib
creating /home/mexx/ROB0Car/workspace/src/install/rob0car_sensors/lib/python3.8/site-packages/rob0car_sensors
copying /home/mexx/ROB0Car/workspace/src/build/rob0car_sensors/build/lib/rob0car_sensors/rob0car_sensors.py -> /home/mexx/ROB0Car/workspace/src/install/rob0car_sensors/lib/python3.8/site-packages/rob0car_sensors
copying /home/mexx/ROB0Car/workspace/src/build/rob0car_sensors/build/lib/rob0car_sensors/__init__.py -> /home/mexx/ROB0Car/workspace/src/install/rob0car_sensors/lib/python3.8/site-packages/rob0car_sensors
byte-compiling /home/mexx/ROB0Car/workspace/src/install/rob0car_sensors/lib/python3.8/site-packages/rob0car_sensors/rob0car_sensors.py to rob0car_sensors.cpython-38.pyc
byte-compiling /home/mexx/ROB0Car/workspace/src/install/rob0car_sensors/lib/python3.8/site-packages/rob0car_sensors/__init__.py to __init__.cpython-38.pyc
running install_data
creating /home/mexx/ROB0Car/workspace/src/install/rob0car_sensors/share/ament_index
creating /home/mexx/ROB0Car/workspace/src/install/rob0car_sensors/share/ament_index/resource_index
creating /home/mexx/ROB0Car/workspace/src/install/rob0car_sensors/share/ament_index/resource_index/packages
copying resource/rob0car_sensors -> /home/mexx/ROB0Car/workspace/src/install/rob0car_sensors/share/ament_index/resource_index/packages
copying package.xml -> /home/mexx/ROB0Car/workspace/src/install/rob0car_sensors/share/rob0car_sensors
running install_egg_info
Copying ../build/rob0car_sensors/rob0car_sensors.egg-info to /home/mexx/ROB0Car/workspace/src/install/rob0car_sensors/lib/python3.8/site-packages/rob0car_sensors-0.0.0-py3.8.egg-info
running install_scripts
Installing rob0car_sensors script to /home/mexx/ROB0Car/workspace/src/install/rob0car_sensors/lib/rob0car_sensors
writing list of installed files to '/home/mexx/ROB0Car/workspace/src/build/rob0car_sensors/install.log'
