[3.343s] Invoking command in '/home/mexx/ROB0Car/workspace/src/rob0car_actors': PYTHONPATH=/home/mexx/ROB0Car/workspace/src/install/rob0car_actors/lib/python3.8/site-packages:${PYTHONPATH} /usr/bin/python3 setup.py egg_info --egg-base ../build/rob0car_actors build --build-base /home/mexx/ROB0Car/workspace/src/build/rob0car_actors/build install --prefix /home/mexx/ROB0Car/workspace/src/install/rob0car_actors --record /home/mexx/ROB0Car/workspace/src/build/rob0car_actors/install.log --single-version-externally-managed
[6.852s] running egg_info
[6.894s] writing ../build/rob0car_actors/rob0car_actors.egg-info/PKG-INFO
[6.897s] writing dependency_links to ../build/rob0car_actors/rob0car_actors.egg-info/dependency_links.txt
[6.899s] writing entry points to ../build/rob0car_actors/rob0car_actors.egg-info/entry_points.txt
[6.901s] writing requirements to ../build/rob0car_actors/rob0car_actors.egg-info/requires.txt
[6.903s] writing top-level names to ../build/rob0car_actors/rob0car_actors.egg-info/top_level.txt
[7.128s] reading manifest file '../build/rob0car_actors/rob0car_actors.egg-info/SOURCES.txt'
[7.169s] writing manifest file '../build/rob0car_actors/rob0car_actors.egg-info/SOURCES.txt'
[7.179s] running build
[7.180s] running build_py
[7.185s] running install
[7.198s] running install_lib
[7.208s] running install_data
[7.212s] running install_egg_info
[7.223s] removing '/home/mexx/ROB0Car/workspace/src/install/rob0car_actors/lib/python3.8/site-packages/rob0car_actors-0.0.0-py3.8.egg-info' (and everything under it)
[7.229s] Copying ../build/rob0car_actors/rob0car_actors.egg-info to /home/mexx/ROB0Car/workspace/src/install/rob0car_actors/lib/python3.8/site-packages/rob0car_actors-0.0.0-py3.8.egg-info
[7.249s] running install_scripts
[7.351s] Installing rob0car_actors script to /home/mexx/ROB0Car/workspace/src/install/rob0car_actors/lib/rob0car_actors
[7.360s] writing list of installed files to '/home/mexx/ROB0Car/workspace/src/build/rob0car_actors/install.log'
[7.479s] Invoked command in '/home/mexx/ROB0Car/workspace/src/rob0car_actors' returned '0': PYTHONPATH=/home/mexx/ROB0Car/workspace/src/install/rob0car_actors/lib/python3.8/site-packages:${PYTHONPATH} /usr/bin/python3 setup.py egg_info --egg-base ../build/rob0car_actors build --build-base /home/mexx/ROB0Car/workspace/src/build/rob0car_actors/build install --prefix /home/mexx/ROB0Car/workspace/src/install/rob0car_actors --record /home/mexx/ROB0Car/workspace/src/build/rob0car_actors/install.log --single-version-externally-managed
