[0.246s] Invoking command in '/home/mexx/ROB0Car/workspace/src/build/rob0car_launch': AMENT_PREFIX_PATH=/home/mexx/ROB0Car/workspace/src/install/rob0car_sensors:/home/mexx/ROB0Car/workspace/src/install/rob0car_control:/home/mexx/ROB0Car/workspace/src/install/rob0car_actors:/home/mexx/ROB0Car/workspace/src/install/rob0car_launch:/home/mexx/ROB0Car/workspace/install/rob0car_control:/home/mexx/ROB0Car/workspace/install/rob0car_actors:/home/mexx/ROB0Car/workspace/install/rob0car_sensors:/opt/ros/foxy CMAKE_PREFIX_PATH=${CMAKE_PREFIX_PATH}:/home/mexx/ROB0Car/workspace/src/install/rob0car_sensors:/home/mexx/ROB0Car/workspace/src/install/rob0car_control:/home/mexx/ROB0Car/workspace/src/install/rob0car_actors:/home/mexx/ROB0Car/workspace/install/rob0car_control:/home/mexx/ROB0Car/workspace/install/rob0car_actors:/home/mexx/ROB0Car/workspace/install/rob0car_sensors:/opt/ros/foxy /usr/bin/cmake --build /home/mexx/ROB0Car/workspace/src/build/rob0car_launch -- -j1 -l1
[0.785s] Invoked command in '/home/mexx/ROB0Car/workspace/src/build/rob0car_launch' returned '0': AMENT_PREFIX_PATH=/home/mexx/ROB0Car/workspace/src/install/rob0car_sensors:/home/mexx/ROB0Car/workspace/src/install/rob0car_control:/home/mexx/ROB0Car/workspace/src/install/rob0car_actors:/home/mexx/ROB0Car/workspace/src/install/rob0car_launch:/home/mexx/ROB0Car/workspace/install/rob0car_control:/home/mexx/ROB0Car/workspace/install/rob0car_actors:/home/mexx/ROB0Car/workspace/install/rob0car_sensors:/opt/ros/foxy CMAKE_PREFIX_PATH=${CMAKE_PREFIX_PATH}:/home/mexx/ROB0Car/workspace/src/install/rob0car_sensors:/home/mexx/ROB0Car/workspace/src/install/rob0car_control:/home/mexx/ROB0Car/workspace/src/install/rob0car_actors:/home/mexx/ROB0Car/workspace/install/rob0car_control:/home/mexx/ROB0Car/workspace/install/rob0car_actors:/home/mexx/ROB0Car/workspace/install/rob0car_sensors:/opt/ros/foxy /usr/bin/cmake --build /home/mexx/ROB0Car/workspace/src/build/rob0car_launch -- -j1 -l1
[1.198s] Invoking command in '/home/mexx/ROB0Car/workspace/src/build/rob0car_launch': AMENT_PREFIX_PATH=/home/mexx/ROB0Car/workspace/src/install/rob0car_sensors:/home/mexx/ROB0Car/workspace/src/install/rob0car_control:/home/mexx/ROB0Car/workspace/src/install/rob0car_actors:/home/mexx/ROB0Car/workspace/src/install/rob0car_launch:/home/mexx/ROB0Car/workspace/install/rob0car_control:/home/mexx/ROB0Car/workspace/install/rob0car_actors:/home/mexx/ROB0Car/workspace/install/rob0car_sensors:/opt/ros/foxy CMAKE_PREFIX_PATH=${CMAKE_PREFIX_PATH}:/home/mexx/ROB0Car/workspace/src/install/rob0car_sensors:/home/mexx/ROB0Car/workspace/src/install/rob0car_control:/home/mexx/ROB0Car/workspace/src/install/rob0car_actors:/home/mexx/ROB0Car/workspace/install/rob0car_control:/home/mexx/ROB0Car/workspace/install/rob0car_actors:/home/mexx/ROB0Car/workspace/install/rob0car_sensors:/opt/ros/foxy /usr/bin/cmake --install /home/mexx/ROB0Car/workspace/src/build/rob0car_launch
[1.300s] -- Install configuration: ""
[1.306s] -- Up-to-date: /home/mexx/ROB0Car/workspace/src/install/rob0car_launch/share/rob0car_launch/launch
[1.307s] -- Up-to-date: /home/mexx/ROB0Car/workspace/src/install/rob0car_launch/share/rob0car_launch/launch/rob0car.launch.py
[1.318s] -- Up-to-date: /home/mexx/ROB0Car/workspace/src/install/rob0car_launch/share/ament_index/resource_index/package_run_dependencies/rob0car_launch
[1.319s] -- Up-to-date: /home/mexx/ROB0Car/workspace/src/install/rob0car_launch/share/ament_index/resource_index/parent_prefix_path/rob0car_launch
[1.321s] -- Up-to-date: /home/mexx/ROB0Car/workspace/src/install/rob0car_launch/share/rob0car_launch/environment/ament_prefix_path.sh
[1.330s] -- Up-to-date: /home/mexx/ROB0Car/workspace/src/install/rob0car_launch/share/rob0car_launch/environment/ament_prefix_path.dsv
[1.332s] -- Up-to-date: /home/mexx/ROB0Car/workspace/src/install/rob0car_launch/share/rob0car_launch/environment/path.sh
[1.337s] -- Up-to-date: /home/mexx/ROB0Car/workspace/src/install/rob0car_launch/share/rob0car_launch/environment/path.dsv
[1.340s] -- Up-to-date: /home/mexx/ROB0Car/workspace/src/install/rob0car_launch/share/rob0car_launch/local_setup.bash
[1.342s] -- Up-to-date: /home/mexx/ROB0Car/workspace/src/install/rob0car_launch/share/rob0car_launch/local_setup.sh
[1.344s] -- Up-to-date: /home/mexx/ROB0Car/workspace/src/install/rob0car_launch/share/rob0car_launch/local_setup.zsh
[1.346s] -- Up-to-date: /home/mexx/ROB0Car/workspace/src/install/rob0car_launch/share/rob0car_launch/local_setup.dsv
[1.352s] -- Installing: /home/mexx/ROB0Car/workspace/src/install/rob0car_launch/share/rob0car_launch/package.dsv
[1.354s] -- Up-to-date: /home/mexx/ROB0Car/workspace/src/install/rob0car_launch/share/ament_index/resource_index/packages/rob0car_launch
[1.355s] -- Up-to-date: /home/mexx/ROB0Car/workspace/src/install/rob0car_launch/share/rob0car_launch/cmake/rob0car_launchConfig.cmake
[1.356s] -- Up-to-date: /home/mexx/ROB0Car/workspace/src/install/rob0car_launch/share/rob0car_launch/cmake/rob0car_launchConfig-version.cmake
[1.358s] -- Up-to-date: /home/mexx/ROB0Car/workspace/src/install/rob0car_launch/share/rob0car_launch/package.xml
[1.374s] Invoked command in '/home/mexx/ROB0Car/workspace/src/build/rob0car_launch' returned '0': AMENT_PREFIX_PATH=/home/mexx/ROB0Car/workspace/src/install/rob0car_sensors:/home/mexx/ROB0Car/workspace/src/install/rob0car_control:/home/mexx/ROB0Car/workspace/src/install/rob0car_actors:/home/mexx/ROB0Car/workspace/src/install/rob0car_launch:/home/mexx/ROB0Car/workspace/install/rob0car_control:/home/mexx/ROB0Car/workspace/install/rob0car_actors:/home/mexx/ROB0Car/workspace/install/rob0car_sensors:/opt/ros/foxy CMAKE_PREFIX_PATH=${CMAKE_PREFIX_PATH}:/home/mexx/ROB0Car/workspace/src/install/rob0car_sensors:/home/mexx/ROB0Car/workspace/src/install/rob0car_control:/home/mexx/ROB0Car/workspace/src/install/rob0car_actors:/home/mexx/ROB0Car/workspace/install/rob0car_control:/home/mexx/ROB0Car/workspace/install/rob0car_actors:/home/mexx/ROB0Car/workspace/install/rob0car_sensors:/opt/ros/foxy /usr/bin/cmake --install /home/mexx/ROB0Car/workspace/src/build/rob0car_launch
