[0.171s] Invoking command in '/home/mexx/ROB0Car/workspace/src/build/rob0car_interfaces': CMAKE_PREFIX_PATH=${CMAKE_PREFIX_PATH}:/home/mexx/ROB0Car/workspace/src/install/rob0car_sensors:/home/mexx/ROB0Car/workspace/src/install/rob0car_control:/home/mexx/ROB0Car/workspace/src/install/rob0car_actors:/home/mexx/ROB0Car/workspace/install/rob0car_control:/home/mexx/ROB0Car/workspace/install/rob0car_actors:/home/mexx/ROB0Car/workspace/install/rob0car_sensors:/opt/ros/foxy /usr/bin/cmake --build /home/mexx/ROB0Car/workspace/src/build/rob0car_interfaces -- -j1 -l1
[0.796s] [  3%] Built target rob0car_interfaces__cpp
[1.249s] [ 12%] Built target rob0car_interfaces__rosidl_generator_c
[1.817s] [ 22%] Built target rob0car_interfaces__rosidl_typesupport_introspection_c
[2.431s] [ 32%] Built target rob0car_interfaces__rosidl_typesupport_c
[2.911s] [ 41%] Built target rob0car_interfaces__rosidl_typesupport_fastrtps_cpp
[3.260s] [ 51%] Built target rob0car_interfaces__rosidl_typesupport_fastrtps_c
[3.617s] [ 61%] Built target rob0car_interfaces__rosidl_typesupport_introspection_cpp
[3.965s] [ 70%] Built target rob0car_interfaces__rosidl_typesupport_cpp
[4.343s] [ 70%] Built target rob0car_interfaces
[4.667s] [ 74%] Built target rob0car_interfaces__py
[5.306s] [ 80%] Built target rob0car_interfaces__python
[5.863s] [ 87%] Built target rob0car_interfaces__rosidl_typesupport_c__pyext
[6.462s] [ 93%] Built target rob0car_interfaces__rosidl_typesupport_introspection_c__pyext
[6.999s] [100%] Built target rob0car_interfaces__rosidl_typesupport_fastrtps_c__pyext
[7.166s] Invoked command in '/home/mexx/ROB0Car/workspace/src/build/rob0car_interfaces' returned '0': CMAKE_PREFIX_PATH=${CMAKE_PREFIX_PATH}:/home/mexx/ROB0Car/workspace/src/install/rob0car_sensors:/home/mexx/ROB0Car/workspace/src/install/rob0car_control:/home/mexx/ROB0Car/workspace/src/install/rob0car_actors:/home/mexx/ROB0Car/workspace/install/rob0car_control:/home/mexx/ROB0Car/workspace/install/rob0car_actors:/home/mexx/ROB0Car/workspace/install/rob0car_sensors:/opt/ros/foxy /usr/bin/cmake --build /home/mexx/ROB0Car/workspace/src/build/rob0car_interfaces -- -j1 -l1
[8.422s] Invoking command in '/home/mexx/ROB0Car/workspace/src/build/rob0car_interfaces': CMAKE_PREFIX_PATH=${CMAKE_PREFIX_PATH}:/home/mexx/ROB0Car/workspace/src/install/rob0car_sensors:/home/mexx/ROB0Car/workspace/src/install/rob0car_control:/home/mexx/ROB0Car/workspace/src/install/rob0car_actors:/home/mexx/ROB0Car/workspace/install/rob0car_control:/home/mexx/ROB0Car/workspace/install/rob0car_actors:/home/mexx/ROB0Car/workspace/install/rob0car_sensors:/opt/ros/foxy /usr/bin/cmake --install /home/mexx/ROB0Car/workspace/src/build/rob0car_interfaces
[8.623s] -- Install configuration: ""
[8.628s] -- Up-to-date: /home/mexx/ROB0Car/workspace/src/install/rob0car_interfaces/share/ament_index/resource_index/rosidl_interfaces/rob0car_interfaces
[8.630s] -- Up-to-date: /home/mexx/ROB0Car/workspace/src/install/rob0car_interfaces/include/rob0car_interfaces
[8.631s] -- Up-to-date: /home/mexx/ROB0Car/workspace/src/install/rob0car_interfaces/include/rob0car_interfaces/msg
[8.632s] -- Up-to-date: /home/mexx/ROB0Car/workspace/src/install/rob0car_interfaces/include/rob0car_interfaces/msg/rosidl_generator_c__visibility_control.h
[8.634s] -- Up-to-date: /home/mexx/ROB0Car/workspace/src/install/rob0car_interfaces/include/rob0car_interfaces/msg/detail
[8.635s] -- Up-to-date: /home/mexx/ROB0Car/workspace/src/install/rob0car_interfaces/include/rob0car_interfaces/msg/detail/esc__struct.h
[8.636s] -- Up-to-date: /home/mexx/ROB0Car/workspace/src/install/rob0car_interfaces/include/rob0car_interfaces/msg/detail/esc__type_support.h
[8.639s] -- Up-to-date: /home/mexx/ROB0Car/workspace/src/install/rob0car_interfaces/include/rob0car_interfaces/msg/detail/esc__functions.c
[8.639s] -- Up-to-date: /home/mexx/ROB0Car/workspace/src/install/rob0car_interfaces/include/rob0car_interfaces/msg/detail/esc__functions.h
[8.643s] -- Up-to-date: /home/mexx/ROB0Car/workspace/src/install/rob0car_interfaces/include/rob0car_interfaces/msg/esc.h
[8.644s] -- Up-to-date: /home/mexx/ROB0Car/workspace/src/install/rob0car_interfaces/share/rob0car_interfaces/environment/library_path.sh
[8.646s] -- Up-to-date: /home/mexx/ROB0Car/workspace/src/install/rob0car_interfaces/share/rob0car_interfaces/environment/library_path.dsv
[8.651s] -- Up-to-date: /home/mexx/ROB0Car/workspace/src/install/rob0car_interfaces/lib/librob0car_interfaces__rosidl_generator_c.so
[8.655s] -- Up-to-date: /home/mexx/ROB0Car/workspace/src/install/rob0car_interfaces/include/rob0car_interfaces
[8.655s] -- Up-to-date: /home/mexx/ROB0Car/workspace/src/install/rob0car_interfaces/include/rob0car_interfaces/msg
[8.656s] -- Up-to-date: /home/mexx/ROB0Car/workspace/src/install/rob0car_interfaces/include/rob0car_interfaces/msg/rosidl_typesupport_fastrtps_c__visibility_control.h
[8.656s] -- Up-to-date: /home/mexx/ROB0Car/workspace/src/install/rob0car_interfaces/include/rob0car_interfaces/msg/detail
[8.659s] -- Up-to-date: /home/mexx/ROB0Car/workspace/src/install/rob0car_interfaces/include/rob0car_interfaces/msg/detail/esc__rosidl_typesupport_fastrtps_c.h
[8.663s] -- Up-to-date: /home/mexx/ROB0Car/workspace/src/install/rob0car_interfaces/lib/librob0car_interfaces__rosidl_typesupport_fastrtps_c.so
[8.671s] -- Up-to-date: /home/mexx/ROB0Car/workspace/src/install/rob0car_interfaces/include/rob0car_interfaces
[8.672s] -- Up-to-date: /home/mexx/ROB0Car/workspace/src/install/rob0car_interfaces/include/rob0car_interfaces/msg
[8.672s] -- Up-to-date: /home/mexx/ROB0Car/workspace/src/install/rob0car_interfaces/include/rob0car_interfaces/msg/rosidl_typesupport_fastrtps_cpp__visibility_control.h
[8.673s] -- Up-to-date: /home/mexx/ROB0Car/workspace/src/install/rob0car_interfaces/include/rob0car_interfaces/msg/detail
[8.673s] -- Up-to-date: /home/mexx/ROB0Car/workspace/src/install/rob0car_interfaces/include/rob0car_interfaces/msg/detail/dds_fastrtps
[8.674s] -- Up-to-date: /home/mexx/ROB0Car/workspace/src/install/rob0car_interfaces/include/rob0car_interfaces/msg/detail/esc__rosidl_typesupport_fastrtps_cpp.hpp
[8.684s] -- Up-to-date: /home/mexx/ROB0Car/workspace/src/install/rob0car_interfaces/lib/librob0car_interfaces__rosidl_typesupport_fastrtps_cpp.so
[8.686s] -- Up-to-date: /home/mexx/ROB0Car/workspace/src/install/rob0car_interfaces/include/rob0car_interfaces
[8.687s] -- Up-to-date: /home/mexx/ROB0Car/workspace/src/install/rob0car_interfaces/include/rob0car_interfaces/msg
[8.687s] -- Up-to-date: /home/mexx/ROB0Car/workspace/src/install/rob0car_interfaces/include/rob0car_interfaces/msg/detail
[8.688s] -- Up-to-date: /home/mexx/ROB0Car/workspace/src/install/rob0car_interfaces/include/rob0car_interfaces/msg/detail/esc__rosidl_typesupport_introspection_c.h
[8.688s] -- Up-to-date: /home/mexx/ROB0Car/workspace/src/install/rob0car_interfaces/include/rob0car_interfaces/msg/detail/esc__type_support.c
[8.689s] -- Up-to-date: /home/mexx/ROB0Car/workspace/src/install/rob0car_interfaces/include/rob0car_interfaces/msg/rosidl_typesupport_introspection_c__visibility_control.h
[8.706s] -- Up-to-date: /home/mexx/ROB0Car/workspace/src/install/rob0car_interfaces/lib/librob0car_interfaces__rosidl_typesupport_introspection_c.so
[8.720s] -- Up-to-date: /home/mexx/ROB0Car/workspace/src/install/rob0car_interfaces/lib/librob0car_interfaces__rosidl_typesupport_c.so
[8.727s] -- Up-to-date: /home/mexx/ROB0Car/workspace/src/install/rob0car_interfaces/include/rob0car_interfaces
[8.727s] -- Up-to-date: /home/mexx/ROB0Car/workspace/src/install/rob0car_interfaces/include/rob0car_interfaces/msg
[8.731s] -- Up-to-date: /home/mexx/ROB0Car/workspace/src/install/rob0car_interfaces/include/rob0car_interfaces/msg/esc.hpp
[8.731s] -- Up-to-date: /home/mexx/ROB0Car/workspace/src/install/rob0car_interfaces/include/rob0car_interfaces/msg/detail
[8.732s] -- Up-to-date: /home/mexx/ROB0Car/workspace/src/install/rob0car_interfaces/include/rob0car_interfaces/msg/detail/esc__traits.hpp
[8.735s] -- Up-to-date: /home/mexx/ROB0Car/workspace/src/install/rob0car_interfaces/include/rob0car_interfaces/msg/detail/esc__builder.hpp
[8.736s] -- Up-to-date: /home/mexx/ROB0Car/workspace/src/install/rob0car_interfaces/include/rob0car_interfaces/msg/detail/esc__struct.hpp
[8.736s] -- Up-to-date: /home/mexx/ROB0Car/workspace/src/install/rob0car_interfaces/include/rob0car_interfaces
[8.737s] -- Up-to-date: /home/mexx/ROB0Car/workspace/src/install/rob0car_interfaces/include/rob0car_interfaces/msg
[8.738s] -- Up-to-date: /home/mexx/ROB0Car/workspace/src/install/rob0car_interfaces/include/rob0car_interfaces/msg/detail
[8.739s] -- Up-to-date: /home/mexx/ROB0Car/workspace/src/install/rob0car_interfaces/include/rob0car_interfaces/msg/detail/esc__rosidl_typesupport_introspection_cpp.hpp
[8.739s] -- Up-to-date: /home/mexx/ROB0Car/workspace/src/install/rob0car_interfaces/include/rob0car_interfaces/msg/detail/esc__type_support.cpp
[8.745s] -- Up-to-date: /home/mexx/ROB0Car/workspace/src/install/rob0car_interfaces/lib/librob0car_interfaces__rosidl_typesupport_introspection_cpp.so
[8.759s] -- Up-to-date: /home/mexx/ROB0Car/workspace/src/install/rob0car_interfaces/lib/librob0car_interfaces__rosidl_typesupport_cpp.so
[8.763s] -- Up-to-date: /home/mexx/ROB0Car/workspace/src/install/rob0car_interfaces/share/rob0car_interfaces/environment/pythonpath.sh
[8.764s] -- Up-to-date: /home/mexx/ROB0Car/workspace/src/install/rob0car_interfaces/share/rob0car_interfaces/environment/pythonpath.dsv
[8.765s] -- Up-to-date: /home/mexx/ROB0Car/workspace/src/install/rob0car_interfaces/lib/python3.8/site-packages/rob0car_interfaces/__init__.py
[9.522s] -- Up-to-date: /home/mexx/ROB0Car/workspace/src/install/rob0car_interfaces/lib/python3.8/site-packages/rob0car_interfaces/msg
[9.523s] -- Up-to-date: /home/mexx/ROB0Car/workspace/src/install/rob0car_interfaces/lib/python3.8/site-packages/rob0car_interfaces/msg/_esc_s.c
[9.526s] -- Up-to-date: /home/mexx/ROB0Car/workspace/src/install/rob0car_interfaces/lib/python3.8/site-packages/rob0car_interfaces/msg/__init__.py
[9.527s] -- Up-to-date: /home/mexx/ROB0Car/workspace/src/install/rob0car_interfaces/lib/python3.8/site-packages/rob0car_interfaces/msg/_esc.py
[9.528s] -- Up-to-date: /home/mexx/ROB0Car/workspace/src/install/rob0car_interfaces/lib/python3.8/site-packages/rob0car_interfaces/rob0car_interfaces_s__rosidl_typesupport_fastrtps_c.cpython-38-x86_64-linux-gnu.so
[9.555s] -- Up-to-date: /home/mexx/ROB0Car/workspace/src/install/rob0car_interfaces/lib/python3.8/site-packages/rob0car_interfaces/rob0car_interfaces_s__rosidl_typesupport_introspection_c.cpython-38-x86_64-linux-gnu.so
[9.573s] -- Up-to-date: /home/mexx/ROB0Car/workspace/src/install/rob0car_interfaces/lib/python3.8/site-packages/rob0car_interfaces/rob0car_interfaces_s__rosidl_typesupport_c.cpython-38-x86_64-linux-gnu.so
[9.593s] -- Up-to-date: /home/mexx/ROB0Car/workspace/src/install/rob0car_interfaces/lib/librob0car_interfaces__python.so
[9.596s] -- Up-to-date: /home/mexx/ROB0Car/workspace/src/install/rob0car_interfaces/share/rob0car_interfaces/msg/ESC.idl
[9.598s] -- Up-to-date: /home/mexx/ROB0Car/workspace/src/install/rob0car_interfaces/share/rob0car_interfaces/msg/ESC.msg
[9.603s] -- Up-to-date: /home/mexx/ROB0Car/workspace/src/install/rob0car_interfaces/share/ament_index/resource_index/package_run_dependencies/rob0car_interfaces
[9.603s] -- Up-to-date: /home/mexx/ROB0Car/workspace/src/install/rob0car_interfaces/share/ament_index/resource_index/parent_prefix_path/rob0car_interfaces
[9.604s] -- Up-to-date: /home/mexx/ROB0Car/workspace/src/install/rob0car_interfaces/share/rob0car_interfaces/environment/ament_prefix_path.sh
[9.607s] -- Up-to-date: /home/mexx/ROB0Car/workspace/src/install/rob0car_interfaces/share/rob0car_interfaces/environment/ament_prefix_path.dsv
[9.608s] -- Up-to-date: /home/mexx/ROB0Car/workspace/src/install/rob0car_interfaces/share/rob0car_interfaces/environment/path.sh
[9.609s] -- Up-to-date: /home/mexx/ROB0Car/workspace/src/install/rob0car_interfaces/share/rob0car_interfaces/environment/path.dsv
[9.610s] -- Up-to-date: /home/mexx/ROB0Car/workspace/src/install/rob0car_interfaces/share/rob0car_interfaces/local_setup.bash
[9.611s] -- Up-to-date: /home/mexx/ROB0Car/workspace/src/install/rob0car_interfaces/share/rob0car_interfaces/local_setup.sh
[9.634s] -- Up-to-date: /home/mexx/ROB0Car/workspace/src/install/rob0car_interfaces/share/rob0car_interfaces/local_setup.zsh
[9.635s] -- Up-to-date: /home/mexx/ROB0Car/workspace/src/install/rob0car_interfaces/share/rob0car_interfaces/local_setup.dsv
[9.644s] -- Installing: /home/mexx/ROB0Car/workspace/src/install/rob0car_interfaces/share/rob0car_interfaces/package.dsv
[9.650s] -- Up-to-date: /home/mexx/ROB0Car/workspace/src/install/rob0car_interfaces/share/ament_index/resource_index/packages/rob0car_interfaces
[9.654s] -- Up-to-date: /home/mexx/ROB0Car/workspace/src/install/rob0car_interfaces/share/rob0car_interfaces/cmake/rob0car_interfaces__rosidl_generator_cExport.cmake
[9.655s] -- Up-to-date: /home/mexx/ROB0Car/workspace/src/install/rob0car_interfaces/share/rob0car_interfaces/cmake/rob0car_interfaces__rosidl_generator_cExport-noconfig.cmake
[9.657s] -- Up-to-date: /home/mexx/ROB0Car/workspace/src/install/rob0car_interfaces/share/rob0car_interfaces/cmake/rob0car_interfaces__rosidl_typesupport_introspection_cExport.cmake
[9.658s] -- Up-to-date: /home/mexx/ROB0Car/workspace/src/install/rob0car_interfaces/share/rob0car_interfaces/cmake/rob0car_interfaces__rosidl_typesupport_introspection_cExport-noconfig.cmake
[9.663s] -- Up-to-date: /home/mexx/ROB0Car/workspace/src/install/rob0car_interfaces/share/rob0car_interfaces/cmake/rob0car_interfaces__rosidl_typesupport_cExport.cmake
[9.664s] -- Up-to-date: /home/mexx/ROB0Car/workspace/src/install/rob0car_interfaces/share/rob0car_interfaces/cmake/rob0car_interfaces__rosidl_typesupport_cExport-noconfig.cmake
[9.675s] -- Up-to-date: /home/mexx/ROB0Car/workspace/src/install/rob0car_interfaces/share/rob0car_interfaces/cmake/rob0car_interfaces__rosidl_generator_cppExport.cmake
[9.678s] -- Up-to-date: /home/mexx/ROB0Car/workspace/src/install/rob0car_interfaces/share/rob0car_interfaces/cmake/rob0car_interfaces__rosidl_typesupport_introspection_cppExport.cmake
[9.680s] -- Up-to-date: /home/mexx/ROB0Car/workspace/src/install/rob0car_interfaces/share/rob0car_interfaces/cmake/rob0car_interfaces__rosidl_typesupport_introspection_cppExport-noconfig.cmake
[9.681s] -- Up-to-date: /home/mexx/ROB0Car/workspace/src/install/rob0car_interfaces/share/rob0car_interfaces/cmake/rob0car_interfaces__rosidl_typesupport_cppExport.cmake
[9.683s] -- Up-to-date: /home/mexx/ROB0Car/workspace/src/install/rob0car_interfaces/share/rob0car_interfaces/cmake/rob0car_interfaces__rosidl_typesupport_cppExport-noconfig.cmake
[9.684s] -- Up-to-date: /home/mexx/ROB0Car/workspace/src/install/rob0car_interfaces/share/rob0car_interfaces/cmake/rosidl_cmake-extras.cmake
[9.687s] -- Up-to-date: /home/mexx/ROB0Car/workspace/src/install/rob0car_interfaces/share/rob0car_interfaces/cmake/ament_cmake_export_dependencies-extras.cmake
[9.688s] -- Up-to-date: /home/mexx/ROB0Car/workspace/src/install/rob0car_interfaces/share/rob0car_interfaces/cmake/ament_cmake_export_libraries-extras.cmake
[9.690s] -- Up-to-date: /home/mexx/ROB0Car/workspace/src/install/rob0car_interfaces/share/rob0car_interfaces/cmake/ament_cmake_export_targets-extras.cmake
[9.691s] -- Up-to-date: /home/mexx/ROB0Car/workspace/src/install/rob0car_interfaces/share/rob0car_interfaces/cmake/ament_cmake_export_include_directories-extras.cmake
[9.692s] -- Up-to-date: /home/mexx/ROB0Car/workspace/src/install/rob0car_interfaces/share/rob0car_interfaces/cmake/rosidl_cmake_export_typesupport_libraries-extras.cmake
[9.693s] -- Up-to-date: /home/mexx/ROB0Car/workspace/src/install/rob0car_interfaces/share/rob0car_interfaces/cmake/rosidl_cmake_export_typesupport_targets-extras.cmake
[9.694s] -- Up-to-date: /home/mexx/ROB0Car/workspace/src/install/rob0car_interfaces/share/rob0car_interfaces/cmake/rob0car_interfacesConfig.cmake
[9.695s] -- Up-to-date: /home/mexx/ROB0Car/workspace/src/install/rob0car_interfaces/share/rob0car_interfaces/cmake/rob0car_interfacesConfig-version.cmake
[9.700s] -- Up-to-date: /home/mexx/ROB0Car/workspace/src/install/rob0car_interfaces/share/rob0car_interfaces/package.xml
[9.720s] Invoked command in '/home/mexx/ROB0Car/workspace/src/build/rob0car_interfaces' returned '0': CMAKE_PREFIX_PATH=${CMAKE_PREFIX_PATH}:/home/mexx/ROB0Car/workspace/src/install/rob0car_sensors:/home/mexx/ROB0Car/workspace/src/install/rob0car_control:/home/mexx/ROB0Car/workspace/src/install/rob0car_actors:/home/mexx/ROB0Car/workspace/install/rob0car_control:/home/mexx/ROB0Car/workspace/install/rob0car_actors:/home/mexx/ROB0Car/workspace/install/rob0car_sensors:/opt/ros/foxy /usr/bin/cmake --install /home/mexx/ROB0Car/workspace/src/build/rob0car_interfaces
